<?xml version="1.0" encoding="UTF-8"?>
<!-- Generated by org.testng.reporters.JUnitXMLReporter -->
<testsuite ignored="147" hostname="WSAMZN-7ID4CD15" failures="16" tests="520" name="functional test" time="1627.722" errors="0" timestamp="2023-03-30T16:28:16 UTC">
  <testcase classname="com.gapi.testCases.GetServiceTicketDetails" name="verifyGetAllWithServiceTicketFilters" time="8.265"/>
  <testcase classname="com.gapi.testCases.GetServiceTicketDetails" name="verifyGetAllWithServiceTicketFilters" time="5.046"/>
  <testcase classname="com.gapi.testCases.GetServiceTicketDetails" name="verifyGetAllWithServiceTicketFilters" time="5.242"/>
  <testcase classname="com.gapi.testCases.GetServiceTicketDetails" name="verifyGetAllWithServiceTicketFilters" time="5.003"/>
  <testcase classname="com.gapi.testCases.GetServiceTicketDetails" name="verifyGetAllWithServiceTicketFilters" time="6.165"/>
  <testcase classname="com.gapi.testCases.GetServiceTicketDetails" name="verifyGetAllWithServiceTicketFilters" time="4.888"/>
  <testcase classname="com.gapi.testCases.GetServiceTicketDetails" name="verifyGetAllWithServiceTicketFilters" time="5.095"/>
  <testcase classname="com.gapi.testCases.GetServiceTicketDetails" name="verifyGetAllWithServiceTicketFilters" time="4.95"/>
  <testcase classname="com.gapi.testCases.GetServiceTicketDetails" name="verifyGetAllWithServiceTicketFilters" time="5.544"/>
  <testcase classname="com.gapi.testCases.GetServiceTicketDetails" name="verifyGetAllWithServiceTicketFilters" time="4.742"/>
  <testcase classname="com.gapi.testCases.GetServiceTicketDetails" name="verifyGetAllWithServiceTicketFilters" time="5.827"/>
  <testcase classname="com.gapi.testCases.GetServiceTicketDetails" name="verifyGetAllWithServiceTicketFilters" time="5.016"/>
  <testcase classname="com.gapi.testCases.GetServiceTicketDetails" name="verifyGetAllWithServiceTicketFilters" time="5.878"/>
  <testcase classname="com.gapi.testCases.GetServiceTicketDetails" name="verifyGetAllWithServiceTicketFilters" time="5.745"/>
  <testcase classname="com.gapi.testCases.GetServiceTicketDetails" name="verifyGetAllWithServiceTicketFilters" time="4.87"/>
  <testcase classname="com.gapi.testCases.GetServiceTicketDetails" name="verifyGetAllWithServiceTicketFilters" time="4.594"/>
  <testcase classname="com.gapi.testCases.GetServiceTicketDetails" name="verifyGetAllWithServiceTicketFilters" time="4.508"/>
  <testcase classname="com.gapi.testCases.GetServiceTicketDetails" name="verifyGetAllWithServiceTicketFilters" time="5.232"/>
  <testcase classname="com.gapi.testCases.GetServiceTicketDetails" name="verifyGetAllWithServiceTicketFilters" time="4.61"/>
  <testcase classname="com.gapi.testCases.GetServiceTicketDetails" name="verifyGetAllWithServiceTicketFilters" time="5.119"/>
  <testcase classname="com.gapi.testCases.GetServiceTicketDetails" name="verifyGetAllWithServiceTicketFilters" time="4.777"/>
  <testcase classname="com.gapi.testCases.GetServiceTicketDetails" name="verifyGetAllWithServiceTicketFilters" time="4.506"/>
  <testcase classname="com.gapi.testCases.GetServiceTicketDetails" name="verifyGetAllWithServiceTicketFilters" time="4.618"/>
  <testcase classname="com.gapi.testCases.GetServiceTicketDetails" name="verifyGetAllWithServiceTicketFilters" time="5.561"/>
  <testcase classname="com.gapi.testCases.GetServiceTicketDetails" name="verifyGetAllWithServiceTicketFilters" time="5.284"/>
  <testcase classname="com.gapi.testCases.GetServiceTicketDetails" name="verifyGetAllWithServiceTicketFilters" time="4.688"/>
  <testcase classname="com.gapi.testCases.GetServiceTicketDetails" name="verifyGetAllWithServiceTicketFilters" time="4.651"/>
  <testcase classname="com.gapi.testCases.GetServiceTicketDetails" name="verifyGetAllWithServiceTicketFilters" time="4.951"/>
  <testcase classname="com.gapi.testCases.GetServiceTicketDetails" name="verifyGetAllWithServiceTicketFilters" time="5.21"/>
  <testcase classname="com.gapi.testCases.GetServiceTicketDetails" name="verifyGetAllWithServiceTicketFilters" time="4.58"/>
  <testcase classname="com.gapi.testCases.GetServiceTicketDetails" name="verifyGetAllWithServiceTicketFilters" time="2.121">
    <skipped/>
  </testcase> <!-- verifyGetAllWithServiceTicketFilters -->
  <testcase classname="com.gapi.testCases.GetServiceTicketDetails" name="verifyGetAllWithServiceTicketFilters" time="2.124">
    <failure type="java.lang.AssertionError" message="expected [200] but found [401]">
      <![CDATA[java.lang.AssertionError: expected [200] but found [401]
at com.gapi.testCases.GetServiceTicketDetails.verifyGetAllWithServiceTicketFilters(GetServiceTicketDetails.java:68)
at java.base/java.util.ArrayList.forEach(ArrayList.java:1511)
... Removed 32 stack frames]]>
    </failure>
  </testcase> <!-- verifyGetAllWithServiceTicketFilters -->
  <testcase classname="com.gapi.testCases.GetServiceTicketDetails" name="verifyGetAllWithServiceTicketFilters" time="5.23"/>
  <testcase classname="com.gapi.testCases.GetServiceTicketDetails" name="verifyGetAllWithServiceTicketFilters" time="5.508"/>
  <testcase classname="com.gapi.testCases.GetServiceTicketDetails" name="verifyGetAllWithServiceTicketFilters" time="4.669"/>
  <testcase classname="com.gapi.testCases.GetServiceTicketDetails" name="verifyGetAllWithServiceTicketFilters" time="4.804"/>
  <testcase classname="com.gapi.testCases.GetServiceTicketDetails" name="verifyGetAllWithServiceTicketFilters" time="5.619"/>
  <testcase classname="com.gapi.testCases.GetServiceTicketDetails" name="verifyGetAllWithServiceTicketFilters" time="5.932"/>
  <testcase classname="com.gapi.testCases.GetServiceTicketDetails" name="verifyGetAllWithServiceTicketFilters" time="5.461"/>
  <testcase classname="com.gapi.testCases.GetServiceTicketDetails" name="verifyGetAllWithServiceTicketFilters" time="5.143"/>
  <testcase classname="com.gapi.testCases.CreateRemoteHandsTicket" name="createRemoteHandsTicketAndVerifyEndToEndFlow" time="17.703"/>
  <testcase classname="com.gapi.testCases.CreateRemoteHandsTicket" name="createRemoteHandsTicketAndVerifyEndToEndFlow" time="15.528"/>
  <testcase classname="com.gapi.testCases.CreateRemoteHandsTicket" name="createRemoteHandsTicketAndVerifyEndToEndFlow" time="16.596"/>
  <testcase classname="com.gapi.testCases.CreateRemoteHandsTicket" name="createRemoteHandsTicketwithNotificationRecipient" time="0.295"/>
  <testcase classname="com.gapi.testCases.CreateRemoteHandsTicket" name="createRemoteHandsTicketwithNotificationRecipient" time="6.591"/>
  <testcase classname="com.gapi.testCases.CreateRemoteHandsTicket" name="verifyCreateRHTicketForInvalidUser" time="0.209"/>
  <testcase classname="com.gapi.testCases.CreateRemoteHandsTicket" name="verifyCreateRemoteHandsTicket" time="11.193"/>
  <testcase classname="com.gapi.testCases.CreateRemoteHandsTicket" name="verifyCreateRemoteHandsTicket" time="11.976"/>
  <testcase classname="com.gapi.testCases.CreateRemoteHandsTicket" name="verifyCreateRemoteHandsTicket" time="11.718"/>
  <testcase classname="com.gapi.testCases.CreateRemoteHandsTicket" name="verifyCreateRemoteHandsTicket" time="12.065"/>
  <testcase classname="com.gapi.testCases.CreateRemoteHandsTicket" name="verifyCreateRemoteHandsTicket" time="11.141"/>
  <testcase classname="com.gapi.testCases.CreateRemoteHandsTicket" name="verifyCreateRemoteHandsTicket" time="10.993"/>
  <testcase classname="com.gapi.testCases.CreateRemoteHandsTicket" name="verifyCreateRemoteHandsTicket" time="11.825"/>
  <testcase classname="com.gapi.testCases.CreateRemoteHandsTicket" name="verifyCreateRemoteHandsTicket" time="11.684"/>
  <testcase classname="com.gapi.testCases.CreateRemoteHandsTicket" name="verifyCreateRemoteHandsTicket" time="11.014"/>
  <testcase classname="com.gapi.testCases.CreateRemoteHandsTicket" name="verifyCreateRemoteHandsTicket" time="11.688"/>
  <testcase classname="com.gapi.testCases.CreateRemoteHandsTicket" name="verifyCreateRemoteHandsTicket" time="11.126"/>
  <testcase classname="com.gapi.testCases.CreateRemoteHandsTicket" name="verifyCreateRemoteHandsTicket" time="11.273"/>
  <testcase classname="com.gapi.testCases.CreateRemoteHandsTicket" name="verifyCreateRemoteHandsTicket" time="11.774"/>
  <testcase classname="com.gapi.testCases.CreateRemoteHandsTicket" name="verifyCreateRemoteHandsTicket" time="0.273"/>
  <testcase classname="com.gapi.testCases.CreateRemoteHandsTicket" name="verifyCreateRemoteHandsTicket" time="0.275"/>
  <testcase classname="com.gapi.testCases.CreateRemoteHandsTicket" name="verifyCreateRemoteHandsTicket" time="11.178"/>
  <testcase classname="com.gapi.testCases.CreateRemoteHandsTicket" name="verifyCreateRemoteHandsTicket" time="11.491"/>
  <testcase classname="com.gapi.testCases.CreateRemoteHandsTicket" name="verifyCreateRemoteHandsTicket" time="11.179"/>
  <testcase classname="com.gapi.testCases.CreateRemoteHandsTicket" name="verifyCreateRemoteHandsTicket" time="11.635"/>
  <testcase classname="com.gapi.testCases.CreateRemoteHandsTicket" name="verifyCreateRemoteHandsTicket" time="11.668"/>
  <testcase classname="com.gapi.testCases.CreateRemoteHandsTicket" name="verifyCreateRemoteHandsTicket" time="0.39"/>
  <testcase classname="com.gapi.testCases.CreateRemoteHandsTicket" name="verifyCreateRemoteHandsTicket" time="11.333"/>
  <testcase classname="com.gapi.testCases.GetRemoteHandsTicketDetails" name="getAllRemoteHandsTicketsInfo" time="4.125"/>
  <testcase classname="com.gapi.testCases.GetRemoteHandsTicketDetails" name="getCategoryListForRemoteHandsRequestType" time="0.299"/>
  <testcase classname="com.gapi.testCases.GetRemoteHandsTicketDetails" name="getCategoryListForRemoteHandsRequestType" time="0.287"/>
  <testcase classname="com.gapi.testCases.GetRemoteHandsTicketDetails" name="getCategoryListForRemoteHandsRequestType" time="0.265"/>
  <testcase classname="com.gapi.testCases.GetRemoteHandsTicketDetails" name="verifyGetAllWithFilters" time="1.725"/>
  <testcase classname="com.gapi.testCases.GetRemoteHandsTicketDetails" name="verifyGetAllWithFilters" time="2.305"/>
  <testcase classname="com.gapi.testCases.GetRemoteHandsTicketDetails" name="verifyGetAllWithFilters" time="0.849"/>
  <testcase classname="com.gapi.testCases.GetRemoteHandsTicketDetails" name="verifyGetAllWithFilters" time="1.147"/>
  <testcase classname="com.gapi.testCases.GetRemoteHandsTicketDetails" name="verifyGetAllWithFilters" time="1.663"/>
  <testcase classname="com.gapi.testCases.GetRemoteHandsTicketDetails" name="verifyGetAllWithFilters" time="2.256"/>
  <testcase classname="com.gapi.testCases.GetRemoteHandsTicketDetails" name="verifyGetAllWithFilters" time="1.759"/>
  <testcase classname="com.gapi.testCases.GetRemoteHandsTicketDetails" name="verifyGetAllWithFilters" time="1.716"/>
  <testcase classname="com.gapi.testCases.GetRemoteHandsTicketDetails" name="verifyGetAllWithFilters" time="2.269"/>
  <testcase classname="com.gapi.testCases.GetRemoteHandsTicketDetails" name="verifyGetAllWithFilters" time="2.329"/>
  <testcase classname="com.gapi.testCases.GetRemoteHandsTicketDetails" name="verifyGetAllWithFilters" time="1.717"/>
  <testcase classname="com.gapi.testCases.GetRemoteHandsTicketDetails" name="verifyGetAllWithFilters" time="1.694"/>
  <testcase classname="com.gapi.testCases.GetRemoteHandsTicketDetails" name="verifyGetAllWithFilters" time="1.66"/>
  <testcase classname="com.gapi.testCases.GetRemoteHandsTicketDetails" name="verifyGetAllWithFilters" time="2.323"/>
  <testcase classname="com.gapi.testCases.GetRemoteHandsTicketDetails" name="verifyGetAllWithFilters" time="2.262"/>
  <testcase classname="com.gapi.testCases.GetRemoteHandsTicketDetails" name="verifyGetAllWithFilters" time="0.912"/>
  <testcase classname="com.gapi.testCases.GetRemoteHandsTicketDetails" name="verifyGetAllWithFilters" time="2.261"/>
  <testcase classname="com.gapi.testCases.GetRemoteHandsTicketDetails" name="verifyGetAllWithFilters" time="1.574"/>
  <testcase classname="com.gapi.testCases.GetRemoteHandsTicketDetails" name="verifyGetAllWithFilters" time="1.704"/>
  <testcase classname="com.gapi.testCases.GetRemoteHandsTicketDetails" name="verifyGetAllWithFilters" time="2.302"/>
  <testcase classname="com.gapi.testCases.GetRemoteHandsTicketDetails" name="verifyGetAllWithFilters" time="2.313"/>
  <testcase classname="com.gapi.testCases.GetRemoteHandsTicketDetails" name="verifyGetAllWithFilters" time="2.398"/>
  <testcase classname="com.gapi.testCases.GetRemoteHandsTicketDetails" name="verifyGetAllWithFilters" time="2.304"/>
  <testcase classname="com.gapi.testCases.GetRemoteHandsTicketDetails" name="verifyGetAllWithFilters" time="1.894"/>
  <testcase classname="com.gapi.testCases.GetRemoteHandsTicketDetails" name="verifyGetAllWithFilters" time="2.086"/>
  <testcase classname="com.gapi.testCases.GetRemoteHandsTicketDetails" name="verifyGetAllWithFilters" time="1.731"/>
  <testcase classname="com.gapi.testCases.GetRemoteHandsTicketDetails" name="verifyGetAllWithFilters" time="1.659"/>
  <testcase classname="com.gapi.testCases.GetRemoteHandsTicketDetails" name="verifyGetAllWithFilters" time="1.068"/>
  <testcase classname="com.gapi.testCases.GetRemoteHandsTicketDetails" name="verifyGetAllWithFilters" time="2.335"/>
  <testcase classname="com.gapi.testCases.GetRemoteHandsTicketDetails" name="verifyGetAllWithFilters" time="2.045"/>
  <testcase classname="com.gapi.testCases.GetRemoteHandsTicketDetails" name="verifyGetAllWithFilters" time="3.321">
    <skipped/>
  </testcase> <!-- verifyGetAllWithFilters -->
  <testcase classname="com.gapi.testCases.GetRemoteHandsTicketDetails" name="verifyGetAllWithFilters" time="3.587">
    <failure type="java.lang.AssertionError" message="expected [200] but found [500]">
      <![CDATA[java.lang.AssertionError: expected [200] but found [500]
at com.gapi.testCases.GetRemoteHandsTicketDetails.verifyGetAllWithFilters(GetRemoteHandsTicketDetails.java:211)
at java.base/java.util.ArrayList.forEach(ArrayList.java:1511)
... Removed 32 stack frames]]>
    </failure>
  </testcase> <!-- verifyGetAllWithFilters -->
  <testcase classname="com.gapi.testCases.GetRemoteHandsTicketDetails" name="verifyGetAllWithFilters" time="3.575">
    <skipped/>
  </testcase> <!-- verifyGetAllWithFilters -->
  <testcase classname="com.gapi.testCases.GetRemoteHandsTicketDetails" name="verifyGetAllWithFilters" time="1.99"/>
  <testcase classname="com.gapi.testCases.GetRemoteHandsTicketDetails" name="verifyGetAllWithFilters" time="2.381"/>
  <testcase classname="com.gapi.testCases.GetRemoteHandsTicketDetails" name="verifyGetAllWithFilters" time="1.74"/>
  <testcase classname="com.gapi.testCases.GetRemoteHandsTicketDetails" name="verifyGetAllWithFilters" time="1.722"/>
  <testcase classname="com.gapi.testCases.GetRemoteHandsTicketDetails" name="verifyGetAllWithFilters" time="1.624"/>
  <testcase classname="com.gapi.testCases.GetRemoteHandsTicketDetails" name="verifyGetAllWithFilters" time="2.026"/>
  <testcase classname="com.gapi.testCases.GetRemoteHandsTicketDetails" name="verifyGetRemoteHandsTicketInfoByInvalidId" time="0.422"/>
  <testcase classname="com.gapi.testCases.CreateCustomerSupportTicket" name="createCustomerSupportTicketAndVerifyEndToEndFlow" time="16.576"/>
  <testcase classname="com.gapi.testCases.CreateCustomerSupportTicket" name="createCustomerSupportTicketAndVerifyEndToEndFlow" time="15.128"/>
  <testcase classname="com.gapi.testCases.CreateCustomerSupportTicket" name="createCustomerSupportTicketAndVerifyEndToEndFlow" time="16.593"/>
  <testcase classname="com.gapi.testCases.CreateCustomerSupportTicket" name="retrieveCustomerSupportTicketAttachmentusingRequestId" time="6.555"/>
  <testcase classname="com.gapi.testCases.CreateCustomerSupportTicket" name="verifyCreateCSTicketForInvalidUser" time="0.306"/>
  <testcase classname="com.gapi.testCases.CreateCustomerSupportTicket" name="verifyCreateCustomerSupportTicket" time="4.765"/>
  <testcase classname="com.gapi.testCases.CreateCustomerSupportTicket" name="verifyCreateCustomerSupportTicket" time="4.722"/>
  <testcase classname="com.gapi.testCases.CreateCustomerSupportTicket" name="verifyCreateCustomerSupportTicket" time="4.734"/>
  <testcase classname="com.gapi.testCases.CreateCustomerSupportTicket" name="verifyCreateCustomerSupportTicket" time="5.567"/>
  <testcase classname="com.gapi.testCases.CreateCustomerSupportTicket" name="verifyCreateCustomerSupportTicket" time="4.973"/>
  <testcase classname="com.gapi.testCases.CreateCustomerSupportTicket" name="verifyCreateCustomerSupportTicket" time="4.781"/>
  <testcase classname="com.gapi.testCases.CreateCustomerSupportTicket" name="verifyCreateCustomerSupportTicket" time="4.729"/>
  <testcase classname="com.gapi.testCases.CreateCustomerSupportTicket" name="verifyCreateCustomerSupportTicket" time="4.548"/>
  <testcase classname="com.gapi.testCases.CreateCustomerSupportTicket" name="verifyCreateCustomerSupportTicket" time="4.827"/>
  <testcase classname="com.gapi.testCases.CreateCustomerSupportTicket" name="verifyCreateCustomerSupportTicket" time="4.961"/>
  <testcase classname="com.gapi.testCases.CreateCustomerSupportTicket" name="verifyCreateCustomerSupportTicket" time="4.755"/>
  <testcase classname="com.gapi.testCases.CreateCustomerSupportTicket" name="verifyCreateCustomerSupportTicket" time="5.018"/>
  <testcase classname="com.gapi.testCases.CreateCustomerSupportTicket" name="verifyCreateCustomerSupportTicket" time="4.593"/>
  <testcase classname="com.gapi.testCases.CreateCustomerSupportTicket" name="verifyCreateCustomerSupportTicket" time="4.963"/>
  <testcase classname="com.gapi.testCases.CreateCustomerSupportTicket" name="verifyCreateCustomerSupportTicket" time="4.837"/>
  <testcase classname="com.gapi.testCases.CreateCustomerSupportTicket" name="verifyCreateCustomerSupportTicket" time="4.486"/>
  <testcase classname="com.gapi.testCases.CreateCustomerSupportTicket" name="verifyCreateCustomerSupportTicket" time="4.469"/>
  <testcase classname="com.gapi.testCases.CreateCustomerSupportTicket" name="verifyCreateCustomerSupportTicket" time="4.483"/>
  <testcase classname="com.gapi.testCases.CreateCustomerSupportTicket" name="verifyCreateCustomerSupportTicket" time="4.356"/>
  <testcase classname="com.gapi.testCases.CreateCustomerSupportTicket" name="verifyCreateCustomerSupportTicket" time="0.274"/>
  <testcase classname="com.gapi.testCases.CreateCustomerSupportTicket" name="verifyCreateCustomerSupportTicket" time="4.398"/>
  <testcase classname="com.gapi.testCases.CreateCustomerSupportTicket" name="verifyCreateCustomerSupportTicket" time="4.434"/>
  <testcase classname="com.gapi.testCases.CreateCustomerSupportTicket" name="verifyCreateCustomerSupportTicket" time="4.403"/>
  <testcase classname="com.gapi.testCases.CreateCustomerSupportTicket" name="verifyCreateCustomerSupportTicket" time="4.543"/>
  <testcase classname="com.gapi.testCases.CreateCustomerSupportTicket" name="verifyCreateCustomerSupportTicket" time="5.694"/>
  <testcase classname="com.gapi.testCases.CreateCustomerSupportTicket" name="verifyCreateCustomerSupportTicket" time="5.02"/>
  <testcase classname="com.gapi.testCases.CreateCustomerSupportTicket" name="verifyCreateCustomerSupportTicket" time="4.526"/>
  <testcase classname="com.gapi.testCases.GetCustomerSupportTicketDetails" name="getCategoryListForCustomerSupportRequestType" time="0.291"/>
  <testcase classname="com.gapi.testCases.GetCustomerSupportTicketDetails" name="getCategoryListForCustomerSupportRequestType" time="0.299"/>
  <testcase classname="com.gapi.testCases.GetCustomerSupportTicketDetails" name="getCategoryListForCustomerSupportRequestType" time="0.308"/>
  <testcase classname="com.gapi.testCases.GetCustomerSupportTicketDetails" name="getCategoryListForCustomerSupportRequestType" time="0.293"/>
  <testcase classname="com.gapi.testCases.GetCustomerSupportTicketDetails" name="getCategoryListForCustomerSupportRequestType" time="0.272"/>
  <testcase classname="com.gapi.testCases.GetCustomerSupportTicketDetails" name="verifyCustomerSupportTicketInfoByInvalidId" time="0.428"/>
  <testcase classname="com.gapi.testCases.GetCustomerSupportTicketDetails" name="verifyGetAllWithCustomerSupportTicketFilters" time="4.447"/>
  <testcase classname="com.gapi.testCases.GetCustomerSupportTicketDetails" name="verifyGetAllWithCustomerSupportTicketFilters" time="4.885"/>
  <testcase classname="com.gapi.testCases.GetCustomerSupportTicketDetails" name="verifyGetAllWithCustomerSupportTicketFilters" time="3.612"/>
  <testcase classname="com.gapi.testCases.GetCustomerSupportTicketDetails" name="verifyGetAllWithCustomerSupportTicketFilters" time="4.972"/>
  <testcase classname="com.gapi.testCases.GetCustomerSupportTicketDetails" name="verifyGetAllWithCustomerSupportTicketFilters" time="4.259"/>
  <testcase classname="com.gapi.testCases.GetCustomerSupportTicketDetails" name="verifyGetAllWithCustomerSupportTicketFilters" time="5.022"/>
  <testcase classname="com.gapi.testCases.GetCustomerSupportTicketDetails" name="verifyGetAllWithCustomerSupportTicketFilters" time="4.795"/>
  <testcase classname="com.gapi.testCases.GetCustomerSupportTicketDetails" name="verifyGetAllWithCustomerSupportTicketFilters" time="4.139"/>
  <testcase classname="com.gapi.testCases.GetCustomerSupportTicketDetails" name="verifyGetAllWithCustomerSupportTicketFilters" time="5.147"/>
  <testcase classname="com.gapi.testCases.GetCustomerSupportTicketDetails" name="verifyGetAllWithCustomerSupportTicketFilters" time="5.029"/>
  <testcase classname="com.gapi.testCases.GetCustomerSupportTicketDetails" name="verifyGetAllWithCustomerSupportTicketFilters" time="4.367"/>
  <testcase classname="com.gapi.testCases.GetCustomerSupportTicketDetails" name="verifyGetAllWithCustomerSupportTicketFilters" time="5.48"/>
  <testcase classname="com.gapi.testCases.GetCustomerSupportTicketDetails" name="verifyGetAllWithCustomerSupportTicketFilters" time="4.714"/>
  <testcase classname="com.gapi.testCases.GetCustomerSupportTicketDetails" name="verifyGetAllWithCustomerSupportTicketFilters" time="5.109"/>
  <testcase classname="com.gapi.testCases.GetCustomerSupportTicketDetails" name="verifyGetAllWithCustomerSupportTicketFilters" time="4.413"/>
  <testcase classname="com.gapi.testCases.GetCustomerSupportTicketDetails" name="verifyGetAllWithCustomerSupportTicketFilters" time="4.845"/>
  <testcase classname="com.gapi.testCases.GetCustomerSupportTicketDetails" name="verifyGetAllWithCustomerSupportTicketFilters" time="4.052"/>
  <testcase classname="com.gapi.testCases.GetCustomerSupportTicketDetails" name="verifyGetAllWithCustomerSupportTicketFilters" time="4.746"/>
  <testcase classname="com.gapi.testCases.GetCustomerSupportTicketDetails" name="verifyGetAllWithCustomerSupportTicketFilters" time="3.946"/>
  <testcase classname="com.gapi.testCases.GetCustomerSupportTicketDetails" name="verifyGetAllWithCustomerSupportTicketFilters" time="4.098"/>
  <testcase classname="com.gapi.testCases.GetCustomerSupportTicketDetails" name="verifyGetAllWithCustomerSupportTicketFilters" time="4.917"/>
  <testcase classname="com.gapi.testCases.GetCustomerSupportTicketDetails" name="verifyGetAllWithCustomerSupportTicketFilters" time="4.96"/>
  <testcase classname="com.gapi.testCases.GetCustomerSupportTicketDetails" name="verifyGetAllWithCustomerSupportTicketFilters" time="4.332"/>
  <testcase classname="com.gapi.testCases.GetCustomerSupportTicketDetails" name="verifyGetAllWithCustomerSupportTicketFilters" time="4.177"/>
  <testcase classname="com.gapi.testCases.GetCustomerSupportTicketDetails" name="verifyGetAllWithCustomerSupportTicketFilters" time="3.522"/>
  <testcase classname="com.gapi.testCases.GetCustomerSupportTicketDetails" name="verifyGetAllWithCustomerSupportTicketFilters" time="4.561"/>
  <testcase classname="com.gapi.testCases.GetCustomerSupportTicketDetails" name="verifyGetAllWithCustomerSupportTicketFilters" time="4.167"/>
  <testcase classname="com.gapi.testCases.GetCustomerSupportTicketDetails" name="verifyGetAllWithCustomerSupportTicketFilters" time="3.599"/>
  <testcase classname="com.gapi.testCases.GetCustomerSupportTicketDetails" name="verifyGetAllWithCustomerSupportTicketFilters" time="4.821"/>
  <testcase classname="com.gapi.testCases.GetCustomerSupportTicketDetails" name="verifyGetAllWithCustomerSupportTicketFilters" time="4.093"/>
  <testcase classname="com.gapi.testCases.GetCustomerSupportTicketDetails" name="verifyGetAllWithCustomerSupportTicketFilters" time="5.371"/>
  <testcase classname="com.gapi.testCases.GetCustomerSupportTicketDetails" name="verifyGetAllWithCustomerSupportTicketFilters" time="4.816"/>
  <testcase classname="com.gapi.testCases.GetCustomerSupportTicketDetails" name="verifyGetAllWithCustomerSupportTicketFilters" time="4.418"/>
  <testcase classname="com.gapi.testCases.GetCustomerSupportTicketDetails" name="verifyGetAllWithCustomerSupportTicketFilters" time="3.47"/>
  <testcase classname="com.gapi.testCases.GetCustomerSupportTicketDetails" name="verifyGetAllWithCustomerSupportTicketFilters" time="3.497"/>
  <testcase classname="com.gapi.testCases.GetCustomerSupportTicketDetails" name="verifyGetAllWithCustomerSupportTicketFilters" time="3.9"/>
  <testcase classname="com.gapi.testCases.CreateShipmentsTicket" name="AddAttachmentstoShipmentsTicket" time="0.6"/>
  <testcase classname="com.gapi.testCases.CreateShipmentsTicket" name="CreateShipmentsTicketeithInvalidNotificationRecipient" time="0.278"/>
  <testcase classname="com.gapi.testCases.CreateShipmentsTicket" name="createShipmentsTicketAndVerifyEndToEndFlow" time="15.791">
    <skipped/>
  </testcase> <!-- createShipmentsTicketAndVerifyEndToEndFlow -->
  <testcase classname="com.gapi.testCases.CreateShipmentsTicket" name="createShipmentsTicketAndVerifyEndToEndFlow" time="15.154">
    <failure type="java.lang.AssertionError" message="expected [true] but found [false]">
      <![CDATA[java.lang.AssertionError: expected [true] but found [false]
at com.gapi.utilities.TestUtilities.addCommentToTheRequestAndVerify(TestUtilities.java:369)
at com.gapi.testCases.CreateShipmentsTicket.createShipmentsTicketAndVerifyEndToEndFlow(CreateShipmentsTicket.java:83)
at java.base/java.util.ArrayList.forEach(ArrayList.java:1511)
... Removed 31 stack frames]]>
    </failure>
  </testcase> <!-- createShipmentsTicketAndVerifyEndToEndFlow -->
  <testcase classname="com.gapi.testCases.CreateShipmentsTicket" name="invalidEstimatedDeliveryDateFormatSHTicket" time="1.264"/>
  <testcase classname="com.gapi.testCases.CreateShipmentsTicket" name="postingAttachmentOfAnExistingShippingReceivingTicket" time="1.092"/>
  <testcase classname="com.gapi.testCases.CreateShipmentsTicket" name="verifyCreateSHTicketForInvalidUser" time="0.49"/>
  <testcase classname="com.gapi.testCases.CreateShipmentsTicket" name="verifyCreateSHTicketForWithLoadingBayRequired" time="2.312"/>
  <testcase classname="com.gapi.testCases.CreateShipmentsTicket" name="verifyCreateShipmentsTicket" time="4.349"/>
  <testcase classname="com.gapi.testCases.CreateShipmentsTicket" name="verifyCreateShipmentsTicket" time="4.542"/>
  <testcase classname="com.gapi.testCases.CreateShipmentsTicket" name="verifyCreateShipmentsTicket" time="4.421"/>
  <testcase classname="com.gapi.testCases.CreateShipmentsTicket" name="verifyCreateShipmentsTicket" time="4.533"/>
  <testcase classname="com.gapi.testCases.CreateShipmentsTicket" name="verifyCreateShipmentsTicket" time="4.65"/>
  <testcase classname="com.gapi.testCases.CreateShipmentsTicket" name="verifyCreateShipmentsTicket" time="4.458"/>
  <testcase classname="com.gapi.testCases.CreateShipmentsTicket" name="verifyCreateShipmentsTicket" time="0.271"/>
  <testcase classname="com.gapi.testCases.CreateShipmentsTicket" name="verifyCreateShipmentsTicket" time="4.778"/>
  <testcase classname="com.gapi.testCases.CreateShipmentsTicket" name="verifyCreateShipmentsTicket" time="4.635"/>
  <testcase classname="com.gapi.testCases.CreateShipmentsTicket" name="verifyCreateShipmentsTicket" time="4.662"/>
  <testcase classname="com.gapi.testCases.CreateShipmentsTicket" name="verifyMaxCharactersOfShipmentsParameters" time="0.377"/>
  <testcase classname="com.gapi.testCases.CreateShipmentsTicket" name="verifyRequestIdAndFileNameSHTicketForWithoutmandatoryfieldsRequired" time="0.266"/>
  <testcase classname="com.gapi.testCases.GetShipmentsTicketDetails" name="getAllShipmentsTicketsInfo" time="3.219"/>
  <testcase classname="com.gapi.testCases.GetShipmentsTicketDetails" name="retrieveShipmentTicketInfoByInvalidId" time="1.825"/>
  <testcase classname="com.gapi.testCases.GetShipmentsTicketDetails" name="verifyGetAllWithShipmentsTicketFilters" time="3.775"/>
  <testcase classname="com.gapi.testCases.GetShipmentsTicketDetails" name="verifyGetAllWithShipmentsTicketFilters" time="4.586"/>
  <testcase classname="com.gapi.testCases.GetShipmentsTicketDetails" name="verifyGetAllWithShipmentsTicketFilters" time="4.56"/>
  <testcase classname="com.gapi.testCases.GetShipmentsTicketDetails" name="verifyGetAllWithShipmentsTicketFilters" time="3.291"/>
  <testcase classname="com.gapi.testCases.GetShipmentsTicketDetails" name="verifyGetAllWithShipmentsTicketFilters" time="3.065"/>
  <testcase classname="com.gapi.testCases.GetShipmentsTicketDetails" name="verifyGetAllWithShipmentsTicketFilters" time="3.797"/>
  <testcase classname="com.gapi.testCases.GetShipmentsTicketDetails" name="verifyGetAllWithShipmentsTicketFilters" time="4.796"/>
  <testcase classname="com.gapi.testCases.GetShipmentsTicketDetails" name="verifyGetAllWithShipmentsTicketFilters" time="2.713"/>
  <testcase classname="com.gapi.testCases.GetShipmentsTicketDetails" name="verifyGetAllWithShipmentsTicketFilters" time="3.789"/>
  <testcase classname="com.gapi.testCases.GetShipmentsTicketDetails" name="verifyGetAllWithShipmentsTicketFilters" time="3.489"/>
  <testcase classname="com.gapi.testCases.GetShipmentsTicketDetails" name="verifyGetAllWithShipmentsTicketFilters" time="3.804"/>
  <testcase classname="com.gapi.testCases.GetShipmentsTicketDetails" name="verifyGetAllWithShipmentsTicketFilters" time="3.402"/>
  <testcase classname="com.gapi.testCases.GetShipmentsTicketDetails" name="verifyGetAllWithShipmentsTicketFilters" time="4.279"/>
  <testcase classname="com.gapi.testCases.GetShipmentsTicketDetails" name="verifyGetAllWithShipmentsTicketFilters" time="2.665"/>
  <testcase classname="com.gapi.testCases.GetShipmentsTicketDetails" name="verifyGetAllWithShipmentsTicketFilters" time="4.459"/>
  <testcase classname="com.gapi.testCases.GetShipmentsTicketDetails" name="verifyGetAllWithShipmentsTicketFilters" time="4.007"/>
  <testcase classname="com.gapi.testCases.GetShipmentsTicketDetails" name="verifyGetAllWithShipmentsTicketFilters" time="3.833"/>
  <testcase classname="com.gapi.testCases.GetShipmentsTicketDetails" name="verifyGetAllWithShipmentsTicketFilters" time="3.523"/>
  <testcase classname="com.gapi.testCases.GetShipmentsTicketDetails" name="verifyGetAllWithShipmentsTicketFilters" time="3.452"/>
  <testcase classname="com.gapi.testCases.GetShipmentsTicketDetails" name="verifyGetAllWithShipmentsTicketFilters" time="2.498"/>
  <testcase classname="com.gapi.testCases.GetShipmentsTicketDetails" name="verifyGetAllWithShipmentsTicketFilters" time="3.095"/>
  <testcase classname="com.gapi.testCases.GetShipmentsTicketDetails" name="verifyGetAllWithShipmentsTicketFilters" time="3.219"/>
  <testcase classname="com.gapi.testCases.GetShipmentsTicketDetails" name="verifyGetAllWithShipmentsTicketFilters" time="4.491"/>
  <testcase classname="com.gapi.testCases.GetShipmentsTicketDetails" name="verifyGetAllWithShipmentsTicketFilters" time="2.411"/>
  <testcase classname="com.gapi.testCases.GetShipmentsTicketDetails" name="verifyGetAllWithShipmentsTicketFilters" time="4.373"/>
  <testcase classname="com.gapi.testCases.GetShipmentsTicketDetails" name="verifyGetAllWithShipmentsTicketFilters" time="4.511"/>
  <testcase classname="com.gapi.testCases.GetShipmentsTicketDetails" name="verifyGetAllWithShipmentsTicketFilters" time="4.128"/>
  <testcase classname="com.gapi.testCases.CreateNewUser" name="verifyCreateNewUser" time="2.223"/>
  <testcase classname="com.gapi.testCases.CreateNewUser" name="verifyCreateNewUser" time="0.475">
    <skipped/>
  </testcase> <!-- verifyCreateNewUser -->
  <testcase classname="com.gapi.testCases.CreateNewUser" name="verifyCreateNewUser" time="2.003"/>
  <testcase classname="com.gapi.testCases.CreateNewUser" name="verifyCreateNewUser" time="0.464"/>
  <testcase classname="com.gapi.testCases.CreateNewUser" name="verifyCreateNewUser" time="1.848"/>
  <testcase classname="com.gapi.testCases.GetAccounts" name="getAccountsInformation" time="0.398"/>
  <testcase classname="com.gapi.testCases.GetCampus" name="getCampusInformation" time="0.847"/>
  <testcase classname="com.gapi.testCases.GetCampus" name="getCampusInformationUsingDifferentFilters" time="0.698"/>
  <testcase classname="com.gapi.testCases.GetCampus" name="getCampusInformationUsingDifferentFilters" time="0.673"/>
  <testcase classname="com.gapi.testCases.GetCampus" name="getCampusInformationUsingDifferentFilters" time="0.641"/>
  <testcase classname="com.gapi.testCases.GetCampus" name="getCampusInformationUsingDifferentFilters" time="0.693"/>
  <testcase classname="com.gapi.testCases.GetCampus" name="getCampusInformationUsingDifferentFilters" time="0.705"/>
  <testcase classname="com.gapi.testCases.GetCampus" name="getCampusInformationUsingDifferentFilters" time="0.702"/>
  <testcase classname="com.gapi.testCases.GetCampus" name="getCampusInformationUsingDifferentFilters" time="0.63"/>
  <testcase classname="com.gapi.testCases.GetCampus" name="getCampusInformationUsingDifferentFilters" time="0.672"/>
  <testcase classname="com.gapi.testCases.GetCampus" name="getCampusInformationUsingDifferentFilters" time="0.629"/>
  <testcase classname="com.gapi.testCases.GetCampus" name="getCampusInformationUsingDifferentFilters" time="0.66"/>
  <testcase classname="com.gapi.testCases.GetCampus" name="getCampusInformationUsingDifferentFilters" time="0.667"/>
  <testcase classname="com.gapi.testCases.GetCampus" name="getCampusInformationUsingDifferentFilters" time="0.671"/>
  <testcase classname="com.gapi.testCases.GetCampus" name="getCampusInformationUsingDifferentFilters" time="0.669"/>
  <testcase classname="com.gapi.testCases.GetCities" name="getCitiesInformation" time="0.715"/>
  <testcase classname="com.gapi.testCases.GetCities" name="getCitiesInformationUsingDifferentFilters" time="0.646"/>
  <testcase classname="com.gapi.testCases.GetCities" name="getCitiesInformationUsingDifferentFilters" time="0.663"/>
  <testcase classname="com.gapi.testCases.GetCities" name="getCitiesInformationUsingDifferentFilters" time="0.749"/>
  <testcase classname="com.gapi.testCases.GetCities" name="getCitiesInformationUsingDifferentFilters" time="0.881"/>
  <testcase classname="com.gapi.testCases.GetCities" name="getCitiesInformationUsingDifferentFilters" time="0.722"/>
  <testcase classname="com.gapi.testCases.GetCities" name="getCitiesInformationUsingDifferentFilters" time="0.969"/>
  <testcase classname="com.gapi.testCases.GetCountries" name="getCountriesInformation" time="0.864"/>
  <testcase classname="com.gapi.testCases.GetCountries" name="getCountriesInformationusingfilters" time="1.225"/>
  <testcase classname="com.gapi.testCases.GetLocations" name="getLocationsInformation" time="0.577"/>
  <testcase classname="com.gapi.testCases.GetLocations" name="getLocationsInformation" time="0.65"/>
  <testcase classname="com.gapi.testCases.GetLocations" name="getLocationsInformation" time="0.674"/>
  <testcase classname="com.gapi.testCases.GetLocations" name="getLocationsInformation" time="0.481"/>
  <testcase classname="com.gapi.testCases.GetLocations" name="getLocationswithFilter" time="0.538"/>
  <testcase classname="com.gapi.testCases.GetLocations" name="getLocationswithFilter" time="0.49"/>
  <testcase classname="com.gapi.testCases.GetLocations" name="getLocationswithFilter" time="0.476"/>
  <testcase classname="com.gapi.testCases.GetLocations" name="getLocationswithFilter" time="0.485"/>
  <testcase classname="com.gapi.testCases.GetLocations" name="getLocationswithFilter" time="0.498"/>
  <testcase classname="com.gapi.testCases.GetMarkets" name="getMarketsInformation" time="0.663"/>
  <testcase classname="com.gapi.testCases.GetAssets" name="getAllAssetsInfo" time="0.701"/>
  <testcase classname="com.gapi.testCases.GetAssets" name="getAssetInfoById" time="0.654"/>
  <testcase classname="com.gapi.testCases.GetAssets" name="getLocationswithFilter" time="0.508"/>
  <testcase classname="com.gapi.testCases.GetAssets" name="getLocationswithFilter" time="0.458"/>
  <testcase classname="com.gapi.testCases.GetAssets" name="getLocationswithFilter" time="0.466"/>
  <testcase classname="com.gapi.testCases.GetAssets" name="getLocationswithFilter" time="0.564"/>
  <testcase classname="com.gapi.testCases.GetAssets" name="getLocationswithFilter" time="0.823"/>
  <testcase classname="com.gapi.testCases.GetAssets" name="verifyAssetNames" time="0.39"/>
  <testcase classname="com.gapi.testCases.GetAllAssets" name="getAllAssetsInformation" time="0.673"/>
  <testcase classname="com.gapi.testCases.GetAllAssets" name="getAllAssetsInformationUsingDifferentFilters" time="0.618"/>
  <testcase classname="com.gapi.testCases.GetAllAssets" name="getAllAssetsInformationUsingDifferentFilters" time="0.791"/>
  <testcase classname="com.gapi.testCases.GetAllAssets" name="getAllAssetsInformationUsingDifferentFilters" time="0.768"/>
  <testcase classname="com.gapi.testCases.GetAllAssets" name="getAllAssetsInformationUsingDifferentFilters" time="0.902"/>
  <testcase classname="com.gapi.testCases.GetAllAssets" name="getAllAssetsInformationUsingDifferentFilters" time="1.028"/>
  <testcase classname="com.gapi.testCases.GetAllAssets" name="getAllAssetsInformationUsingDifferentFilters" time="0.722"/>
  <testcase classname="com.gapi.testCases.GetAllAssets" name="getAllAssetsInformationUsingDifferentFilters" time="0.74"/>
  <testcase classname="com.gapi.testCases.GetAllAssets" name="getAllAssetsInformationUsingDifferentFilters" time="0.663"/>
  <testcase classname="com.gapi.testCases.GetAllAssets" name="getAllAssetsInformationUsingDifferentFilters" time="0.667"/>
  <testcase classname="com.gapi.testCases.GetAllAssets" name="getAllAssetsInformationUsingDifferentFilters" time="0.731"/>
  <testcase classname="com.gapi.testCases.GetAllAssets" name="getAllAssetsInformationUsingDifferentFilters" time="0.659"/>
  <testcase classname="com.gapi.testCases.GetAllAssets" name="getAllAssetsInformationUsingDifferentFilters" time="0.673"/>
  <testcase classname="com.gapi.testCases.GetAllAssets" name="getAllAssetsInformationUsingDifferentFilters" time="0.689"/>
  <testcase classname="com.gapi.testCases.GetAllAssets" name="getAllAssetsInformationUsingDifferentFilters" time="0.66"/>
  <testcase classname="com.gapi.testCases.GetAllAssets" name="getAllAssetsInformationUsingDifferentFilters" time="0.601"/>
  <testcase classname="com.gapi.testCases.GetAllAssets" name="getAllAssetsInformationUsingDifferentFilters" time="0.896"/>
  <testcase classname="com.gapi.testCases.GetAllAssets" name="getAllAssetsInformationUsingDifferentFilters" time="0.694"/>
  <testcase classname="com.gapi.testCases.GetAllAssets" name="getAllAssetsInformationUsingDifferentFilters" time="0.751"/>
  <testcase classname="com.gapi.testCases.GetAllAssets" name="getAllAssetsInformationUsingDifferentFilters" time="0.998"/>
  <testcase classname="com.gapi.testCases.GetAllAssets" name="getAllAssetsInformationUsingDifferentFilters" time="0.783"/>
  <testcase classname="com.gapi.testCases.GetAllAssets" name="getAllAssetsInformationUsingDifferentFilters" time="0.452"/>
  <testcase classname="com.gapi.testCases.GetAllAssets" name="getAllAssetsInformationUsingDifferentFilters" time="0.548"/>
  <testcase classname="com.gapi.testCases.GetAllAssets" name="getAllAssetsInformationUsingDifferentFilters" time="0.436"/>
  <testcase classname="com.gapi.testCases.GetAllAssets" name="getAllAssetsInformationUsingDifferentFilters" time="0.639"/>
  <testcase classname="com.gapi.testCases.GetAllAssets" name="vaidateTheCustomerAssetsUsingAccountIdAndAssetID" time="0.741"/>
  <testcase classname="com.gapi.testCases.GetAllAssets" name="vaidateTheCustomerAssetsUsingInValidAccountIdAndInValidAssetID" time="0.547"/>
  <testcase classname="com.gapi.testCases.GetAllAssets" name="vaidateTheCustomerAssetsUsingValidAccountIdAndParentID" time="2.558"/>
  <testcase classname="com.gapi.testCases.GetAllAssets" name="verifyRetrievalofAssetNamesUsingAssetID" time="1.114"/>
  <testcase classname="com.gapi.testCases.GetAllAssets" name="verifyRetrievalofAssetNamesUsingInvalidAssetID" time="0.423"/>
  <testcase classname="com.gapi.testCases.GetRegions" name="getRegionsInformation" time="0.69"/>
  <testcase classname="com.gapi.testCases.GetSites" name="getAllSiteDetailsinfo" time="1.059"/>
  <testcase classname="com.gapi.testCases.GetSites" name="getAllSiteDetailsinfo" time="0.872"/>
  <testcase classname="com.gapi.testCases.GetSites" name="getAllSiteDetailsinfo" time="0.675"/>
  <testcase classname="com.gapi.testCases.GetSites" name="getAllSiteDetailsinfo" time="0.831"/>
  <testcase classname="com.gapi.testCases.GetSites" name="getAllSiteDetailsinfo" time="1.17"/>
  <testcase classname="com.gapi.testCases.GetSites" name="getAllSiteDetailsinfo" time="0.818"/>
  <testcase classname="com.gapi.testCases.GetSites" name="getAllSiteDetailsinfo" time="0.862"/>
  <testcase classname="com.gapi.testCases.GetSites" name="getAllSiteDetailsinfo" time="0.777"/>
  <testcase classname="com.gapi.testCases.GetSites" name="getAllSiteDetailsinfo" time="0.671"/>
  <testcase classname="com.gapi.testCases.GetSites" name="getAllSiteDetailsinfo" time="0.745"/>
  <testcase classname="com.gapi.testCases.GetSites" name="getAllSiteDetailsinfo" time="0.64"/>
  <testcase classname="com.gapi.testCases.GetSites" name="getAllSiteDetailsinfo" time="0.651"/>
  <testcase classname="com.gapi.testCases.GetSites" name="getAllSiteDetailsinfo" time="0.658"/>
  <testcase classname="com.gapi.testCases.GetSites" name="getAllSiteDetailsinfo" time="1.167"/>
  <testcase classname="com.gapi.testCases.GetSites" name="getAllSiteDetailsinfo" time="0.672"/>
  <testcase classname="com.gapi.testCases.GetSites" name="getAllSiteDetailsinfo" time="0.684"/>
  <testcase classname="com.gapi.testCases.GetSites" name="getAllSiteDetailsinfo" time="0.684"/>
  <testcase classname="com.gapi.testCases.GetReportsRequest" name="getAllSecurityPlannedReportsMaintenanceSortBy" time="1.237"/>
  <testcase classname="com.gapi.testCases.GetReportsRequest" name="getAllSecurityPlannedReportsMaintenanceSortBy" time="0.963"/>
  <testcase classname="com.gapi.testCases.GetReportsRequest" name="getAllSecurityPlannedReportsMaintenanceSortBy" time="0.964"/>
  <testcase classname="com.gapi.testCases.GetReportsRequest" name="getAllSecurityPlannedReportsMaintenanceSortBy" time="0.899"/>
  <testcase classname="com.gapi.testCases.GetReportsRequest" name="getAllSecurityPlannedReportsMaintenanceSortBy" time="0.952"/>
  <testcase classname="com.gapi.testCases.GetReportsRequest" name="getDCIMReportsSortedWithDifferentFilters" time="0.988"/>
  <testcase classname="com.gapi.testCases.GetReportsRequest" name="getDCIMReportsSortedWithDifferentFilters" time="0.947"/>
  <testcase classname="com.gapi.testCases.GetReportsRequest" name="getDCIMReportsSortedWithDifferentFilters" time="0.991"/>
  <testcase classname="com.gapi.testCases.GetReportsRequest" name="getDCIMReportsSortedWithDifferentFilters" time="0.958"/>
  <testcase classname="com.gapi.testCases.GetReportsRequest" name="getDCIMReportsSortedWithDifferentFilters" time="0.923"/>
  <testcase classname="com.gapi.testCases.GetReportsRequest" name="getDownloadReportByDCIMID" time="4.298"/>
  <testcase classname="com.gapi.testCases.GetReportsRequest" name="getDownloadReportBySecurityID" time="3.323"/>
  <testcase classname="com.gapi.testCases.GetReportsRequest" name="getReportsDetails" time="1.423"/>
  <testcase classname="com.gapi.testCases.GetReportsRequest" name="getReportsDetailsSortBySite" time="0.145"/>
  <testcase classname="com.gapi.testCases.GetReportsRequest" name="getReportsDetailsusingFilters" time="1.037"/>
  <testcase classname="com.gapi.testCases.GetReportsRequest" name="getReportsDetailsusingFilters" time="1.153"/>
  <testcase classname="com.gapi.testCases.GetReportsRequest" name="getReportsWorkOrdersDetails" time="1.485"/>
  <testcase classname="com.gapi.testCases.GetReportsRequest" name="invalidReportByDCIMID" time="0.387"/>
  <testcase classname="com.gapi.testCases.GetReportsRequest" name="invalidReportBySecurityID" time="0.343"/>
  <testcase classname="com.gapi.testCases.GetReportsRequest" name="securityReportsSortedWithDifferentFilters" time="0.849"/>
  <testcase classname="com.gapi.testCases.GetReportsRequest" name="securityReportsSortedWithDifferentFilters" time="0.802"/>
  <testcase classname="com.gapi.testCases.GetReportsRequest" name="securityReportsSortedWithDifferentFilters" time="0.867"/>
  <testcase classname="com.gapi.testCases.GetReportsRequest" name="securityReportsSortedWithDifferentFilters" time="0.851"/>
  <testcase classname="com.gapi.testCases.GetReportsRequest" name="securityReportsSortedWithDifferentFilters" time="0.869"/>
  <testcase classname="com.gapi.testCases.GetPermissionGroupDetails" name="createPermissionGroupInfoByGroupId" time="1.288"/>
  <testcase classname="com.gapi.testCases.GetPermissionGroupDetails" name="getPermissionGroupInfoByGroupId" time="0.854"/>
  <testcase classname="com.gapi.testCases.CreateVisitorAccessRequest" name="bulkVisitorAccessRequestInfo" time="5.749"/>
  <testcase classname="com.gapi.testCases.CreateVisitorAccessRequest" name="getVisitorAccessRequestByID" time="5.312"/>
  <testcase classname="com.gapi.testCases.CreateVisitorAccessRequest" name="verifyCreateVisitorAccessRequest" time="3.664"/>
  <testcase classname="com.gapi.testCases.CreateVisitorAccessRequest" name="verifyCreateVisitorAccessRequest" time="0.269"/>
  <testcase classname="com.gapi.testCases.CreateVisitorAccessRequest" name="verifyCreateVisitorAccessRequest" time="0.809"/>
  <testcase classname="com.gapi.testCases.CreateVisitorAccessRequest" name="verifyCreateVisitorAccessRequest" time="0.329"/>
  <testcase classname="com.gapi.testCases.CreateVisitorAccessRequest" name="verifyCreateVisitorAccessRequestForInvalidLegalentity" time="0.635"/>
  <testcase classname="com.gapi.testCases.CreateVisitorAccessRequest" name="verifyCreateVisitorAccessRequestForInvalidToken" time="0.216"/>
  <testcase classname="com.gapi.testCases.CreateVisitorAccessRequest" name="verifyUploadAttachmentToVisitorAccessRequest" time="5.925"/>
  <testcase classname="com.gapi.testCases.CreatePOPPOERequest" name="verifyCreatePOPPOERequest" time="3.657"/>
  <testcase classname="com.gapi.testCases.CreatePOPPOERequest" name="verifyCreatePOPPOERequestForInvalidLegalEntity" time="0.468"/>
  <testcase classname="com.gapi.testCases.CreatePOPPOERequest" name="verifyUploadAttachmentToPOPPOERequest" time="6.0"/>
  <testcase classname="com.gapi.testCases.CreatePermanentBadgeRequest" name="verifyCreatePermanentBadgeRequest" time="3.361"/>
  <testcase classname="com.gapi.testCases.CreatePermanentBadgeRequest" name="verifyCreatePermanentBadgeRequestForInvalidLegalentity" time="0.468"/>
  <testcase classname="com.gapi.testCases.CreatePermanentBadgeRequest" name="verifyCreatePermanentBadgeRequestForInvalidToken" time="0.2"/>
  <testcase classname="com.gapi.testCases.CreatePermanentBadgeRequest" name="verifyUploadAttachmentToPermanentBadgeRequest" time="5.783"/>
  <testcase classname="com.gapi.testCases.CreateFAOSPRequest" name="verifyCreateOSPAccessRequest" time="3.171"/>
  <testcase classname="com.gapi.testCases.CreateFAOSPRequest" name="verifyCreateOSPAccessRequestForInvalidLegalentity" time="0.468"/>
  <testcase classname="com.gapi.testCases.CreateFAOSPRequest" name="verifyCreateOSPAccessRequestForInvalidToken" time="0.257"/>
  <testcase classname="com.gapi.testCases.CreateFAOSPRequest" name="verifyRetrievalOfOSPAccessRequestUsingID" time="4.047"/>
  <testcase classname="com.gapi.testCases.CreateFAOSPRequest" name="verifyUploadAttachmentToOSPAccessRequest" time="5.735"/>
  <testcase classname="com.gapi.testCases.GetOSPDetails" name="getOSPDetailsInfo" time="5.134"/>
  <testcase classname="com.gapi.testCases.GetOSPDetails" name="getOSPDetailsInfoWithInvalidGlobalUltimate" time="0.402"/>
  <testcase classname="com.gapi.testCases.GetOSPDetails" name="getOSPDetailsInfoWithInvalidToken" time="0.207"/>
  <testcase classname="com.gapi.testCases.GetPermanentBadgeDetails" name="getPermanentBadgeDetailsInfoWithInvalidGlobalUltimate" time="0.413"/>
  <testcase classname="com.gapi.testCases.GetPermanentBadgeDetails" name="getPermanentBadgeInfo" time="6.139"/>
  <testcase classname="com.gapi.testCases.GetPermanentBadgeDetails" name="getPermanentBadgeInfoWithInvalidLegalentity" time="0.508"/>
  <testcase classname="com.gapi.testCases.GetPermanentBadgeDetails" name="getPermanentBadgeInfoWithInvalidToken" time="0.199"/>
  <testcase classname="com.gapi.testCases.GetPOPPOEDetails" name="getPopDetailsInfo" time="5.175"/>
  <testcase classname="com.gapi.testCases.GetPOPPOEDetails" name="getPopDetailsInfoWithInvalidGlobalUltimate" time="0.402"/>
  <testcase classname="com.gapi.testCases.GetPOPPOEDetails" name="getPopDetailsInfoWithInvalidLegalentity" time="0.432"/>
  <testcase classname="com.gapi.testCases.GetPOPPOEDetails" name="getPopDetailsInfoWithInvalidToken" time="0.197"/>
  <testcase classname="com.gapi.testCases.TerminateVisitorAccessRequest" name="terminateVisitorAccessRequestWithIncorrectEmail" time="0.277"/>
  <testcase classname="com.gapi.testCases.TerminateVisitorAccessRequest" name="verifyTerminateVisitorAccessRequest" time="4.161"/>
  <testcase classname="com.gapi.testCases.TerminatePermanentBadgeRequest" name="verifyTerminatePermanentBadgeRequest" time="3.977"/>
  <testcase classname="com.gapi.testCases.ModifyFAVisitorAccess" name="verifyModifyVisitorAccessRequest" time="4.492"/>
  <testcase classname="com.gapi.testCases.ModifyFAVisitorAccess" name="verifyModifyVisitorAccessRequest" time="0.298"/>
  <testcase classname="com.gapi.testCases.ModifyFAPermanentBadge" name="verifyModifyPermanentBadgeRequest" time="3.059"/>
  <testcase classname="com.gapi.testCases.ModifyFAPermanentBadge" name="verifyModifyPermanentBadgeRequest" time="0.3"/>
  <testcase classname="com.gapi.testCases.GetNotificationDetails" name="getAllNotificationDetailsInfo" time="3.521"/>
  <testcase classname="com.gapi.testCases.GetNotificationDetails" name="getNotificationDetailsById" time="6.697"/>
  <testcase classname="com.gapi.testCases.GetNotificationDetails" name="getNotificationDetailsByNegativeToken" time="3.52"/>
  <testcase classname="com.gapi.testCases.GetNotificationDetails" name="updateAttributesOfNotification" time="3.521"/>
  <testcase classname="com.gapi.testCases.GetNotificationDetails" name="updateNotificationById" time="7.333"/>
  <testcase classname="com.gapi.testCases.GetNotificationDetails" name="updateNotificationById" time="7.451"/>
  <testcase classname="com.gapi.testCases.GetNotificationDetails" name="updateNotificationById" time="7.504"/>
  <testcase classname="com.gapi.testCases.GetNotificationDetails" name="updateNotificationByInvalidId" time="0.57"/>
  <testcase classname="com.gapi.testCases.GetNotificationDetails" name="verifyGetNotificationInfoByInvalidId" time="0.524"/>
  <testcase classname="com.gapi.testCases.GetVisitorAccessDetails" name="GetVisitorAccessDetailsInfo" time="7.392"/>
  <testcase classname="com.gapi.testCases.CancelFacilityAccessTicket" name="verifyCancelFaclityAccessTicket" time="6.393"/>
  <testcase classname="com.gapi.testCases.CancelFacilityAccessTicket" name="verifyGetCancelledFaclityAccessTicket" time="7.224"/>
  <testcase classname="com.gapi.testCases.EditShippingReceivingTicket" name="editTheContactsOfAnExistingShippingReceivingTicket" time="5.345"/>
  <testcase classname="com.gapi.testCases.EditShippingReceivingTicket" name="verifyEditCourierOfAnExistingShippingReceivingTicket" time="5.424"/>
  <testcase classname="com.gapi.testCases.EditShippingReceivingTicket" name="verifyEditDescriptionOfAnExistingShippingReceivingTicket" time="4.841"/>
  <testcase classname="com.gapi.testCases.EditShippingReceivingTicket" name="verifyEditEstimatedDeliveryDateOfAnExistingShippingReceivingTicket" time="4.928"/>
  <testcase classname="com.gapi.testCases.EditShippingReceivingTicket" name="verifyEditLoadingBayofanExistingSRTicket" time="5.137"/>
  <testcase classname="com.gapi.testCases.EditShippingReceivingTicket" name="verifyEditNumberOfPackagesOfAnExistingShippingReceivingTicket" time="4.943"/>
  <testcase classname="com.gapi.testCases.EditShippingReceivingTicket" name="verifyEditReferenceNumberOfAnExistingShippingReceivingTicket" time="5.099"/>
  <testcase classname="com.gapi.testCases.EditShippingReceivingTicket" name="verifyEditTitleOfAnExistingShippingReceivingTicket" time="4.955"/>
  <testcase classname="com.gapi.testCases.EditShippingReceivingTicket" name="verifyEditTrackingNumberOfAnExistingShippingReceivingTicket" time="5.246"/>
  <testcase classname="com.gapi.testCases.EditCustomerSupportTicket" name="verifyEditCustomerReferenceOfAnExistingCustomerSupportTicket" time="6.302"/>
  <testcase classname="com.gapi.testCases.EditCustomerSupportTicket" name="verifyEditDescriptionOfAnExistingCustomerSupportTicket" time="5.26"/>
  <testcase classname="com.gapi.testCases.EditCustomerSupportTicket" name="verifyEditNotificationRecipientsOfAnExistingCustomerSupportTicket" time="5.345"/>
  <testcase classname="com.gapi.testCases.EditCustomerSupportTicket" name="verifyEditTitleOfAnExistingCustomerSupportTicket" time="5.062"/>
  <testcase classname="com.gapi.testCases.EditRemoteHandsTicket" name="verifyEditCustomerReferenceOfAnExistingRemoteHandsTicket" time="5.502"/>
  <testcase classname="com.gapi.testCases.EditRemoteHandsTicket" name="verifyEditNotificationRecipientsOfAnExistingRemoteHandsTicket" time="5.244"/>
  <testcase classname="com.gapi.testCases.CancelRemoteHandsTicket" name="verifyCancelRemoteHandsTicket" time="4.165"/>
  <testcase classname="com.gapi.testCases.CancelRemoteHandsTicket" name="verifyCancelRemoteHandsTicketwithoutID" time="0.422"/>
  <testcase classname="com.gapi.testCases.CancelCustomerSupportTicket" name="verifyCancelCustomerSupportTicket" time="6.198"/>
  <testcase classname="com.gapi.testCases.CancelCustomerSupportTicket" name="verifyCancelCustomerSupportTicket" time="6.358"/>
  <testcase classname="com.gapi.testCases.CancelCustomerSupportTicket" name="verifyCancelCustomerSupportTicket" time="6.271"/>
  <testcase classname="com.gapi.testCases.UsersRBAC" name="createUserdetailsRBAC" time="0.771"/>
  <testcase classname="com.gapi.testCases.UsersRBAC" name="createUserdetailsRBAC" time="0.423"/>
  <testcase classname="com.gapi.testCases.UsersRBAC" name="createUserwithoutmandatoryparametersRBAC" time="0.421"/>
  <testcase classname="com.gapi.testCases.UsersRBAC" name="createUserwithoutmandatoryparametersRBAC" time="0.429"/>
  <testcase classname="com.gapi.testCases.UsersRBAC" name="getUserdetailsRBAC" time="0.759"/>
  <testcase classname="com.gapi.testCases.UsersRBAC" name="getUserdetailsRBAC" time="0.379"/>
  <testcase classname="com.gapi.testCases.UsersRBAC" name="getallRolesinfoRBAC" time="0.565"/>
  <testcase classname="com.gapi.testCases.UsersRBAC" name="getallRolesinfoRBAC" time="0.581"/>
  <testcase classname="com.gapi.testCases.UsersRBAC" name="getallRolesinfoRBACinvalid" time="0.361"/>
  <testcase classname="com.gapi.testCases.UsersRBAC" name="multipleAssetsAssociationRBAC" time="1.566"/>
  <testcase classname="com.gapi.testCases.UsersRBAC" name="multipleAssetsAssociationRBAC" time="1.374"/>
  <testcase classname="com.gapi.testCases.UsersRBAC" name="retrieveUserAccountAssociationRBAC" time="0.779"/>
  <testcase classname="com.gapi.testCases.UsersRBAC" name="retrieveUsercommentsRemoteHandsTicketRBAC" time="2.231"/>
  <testcase classname="com.gapi.testCases.UsersRBAC" name="sitepathAssociationRBAC" time="1.266"/>
  <testcase classname="com.gapi.testCases.UsersRBAC" name="sitepathAssociationRBAC" time="1.176"/>
  <testcase classname="com.gapi.testCases.UsersRBAC" name="sitepathAssociationRBAC" time="1.16"/>
  <testcase classname="com.gapi.testCases.UsersRBAC" name="sitepathAssociationRBAC" time="1.208"/>
  <testcase classname="com.gapi.testCases.UsersRBAC" name="sitepathAssociationRBAC" time="1.148"/>
  <testcase classname="com.gapi.testCases.UsersRBAC" name="sitepathAssociationRBAC" time="1.156"/>
  <testcase classname="com.gapi.testCases.UsersRBAC" name="sitepathAssociationRBAC" time="1.155"/>
  <testcase classname="com.gapi.testCases.UsersRBAC" name="sitepathAssociationRBAC" time="1.158"/>
  <testcase classname="com.gapi.testCases.UsersRBAC" name="sitepathAssociationRBAC" time="1.213"/>
  <testcase classname="com.gapi.testCases.UsersRBAC" name="sitepathAssociationRBAC" time="1.17"/>
  <testcase classname="com.gapi.testCases.UsersRBAC" name="sitepathAssociationRBAC" time="1.137"/>
  <testcase classname="com.gapi.testCases.UsersRBAC" name="userAccountAssociationRBAC" time="1.249"/>
  <testcase classname="com.gapi.testCases.UsersRBAC" name="userAccountAssociationRBAC" time="1.216"/>
  <testcase classname="com.gapi.testCases.GetRolesDetails" name="getPrivilegesinfoByInvalidRoleId" time="0.987"/>
  <testcase classname="com.gapi.testCases.GetRolesDetails" name="getPrivilegesinfoByValidRoleId" time="0.891"/>
  <testcase classname="com.gapi.testCases.GetRolesDetails" name="getRolesinfoByInvalidRoleId" time="0.803"/>
  <testcase classname="com.gapi.testCases.GetRolesDetails" name="getRolesinfoByValidRoleId" time="1.014"/>
  <testcase classname="com.gapi.testCases.GetRolesDetails" name="getallRolesinfo" time="0.473"/>
  <testcase classname="com.gapi.testCases.GetRolesDetails" name="getallRolesinfo" time="0.466"/>
  <testcase classname="com.gapi.testCases.GetRolesDetails" name="getallRolesinfo" time="0.428"/>
  <testcase classname="com.gapi.testCases.GetRolesDetails" name="getallRolesinfo" time="0.446"/>
  <testcase classname="com.gapi.testCases.GetRolesDetails" name="getallRolesinfo" time="0.424"/>
  <testcase classname="com.gapi.testCases.GetCrossConnectDetails" name="verifyCrossConnectDetailsUsingDifferentFilters" time="3.137">
    <skipped/>
  </testcase> <!-- verifyCrossConnectDetailsUsingDifferentFilters -->
  <testcase classname="com.gapi.testCases.GetCrossConnectDetails" name="verifyCrossConnectDetailsUsingDifferentFilters" time="3.223">
    <failure type="java.lang.AssertionError" message="expected [true] but found [false]">
      <![CDATA[java.lang.AssertionError: expected [true] but found [false]
at com.gapi.testCases.GetCrossConnectDetails.verifyCrossConnectDetailsUsingDifferentFilters(GetCrossConnectDetails.java:113)
at java.base/java.util.ArrayList.forEach(ArrayList.java:1511)
... Removed 31 stack frames]]>
    </failure>
  </testcase> <!-- verifyCrossConnectDetailsUsingDifferentFilters -->
  <testcase classname="com.gapi.testCases.GetCrossConnectDetails" name="verifyCrossConnectDetailsUsingDifferentFilters" time="4.008">
    <skipped/>
  </testcase> <!-- verifyCrossConnectDetailsUsingDifferentFilters -->
  <testcase classname="com.gapi.testCases.GetCrossConnectDetails" name="verifyCrossConnectDetailsUsingDifferentFilters" time="2.742">
    <failure type="java.lang.AssertionError" message="expected [true] but found [false]">
      <![CDATA[java.lang.AssertionError: expected [true] but found [false]
at com.gapi.testCases.GetCrossConnectDetails.verifyCrossConnectDetailsUsingDifferentFilters(GetCrossConnectDetails.java:113)
at java.base/java.util.ArrayList.forEach(ArrayList.java:1511)
... Removed 31 stack frames]]>
    </failure>
  </testcase> <!-- verifyCrossConnectDetailsUsingDifferentFilters -->
  <testcase classname="com.gapi.testCases.GetCrossConnectDetails" name="verifyCrossConnectDetailsUsingDifferentFilters" time="2.617">
    <skipped/>
  </testcase> <!-- verifyCrossConnectDetailsUsingDifferentFilters -->
  <testcase classname="com.gapi.testCases.GetCrossConnectDetails" name="verifyCrossConnectDetailsUsingDifferentFilters" time="3.253">
    <failure type="java.lang.AssertionError" message="expected [true] but found [false]">
      <![CDATA[java.lang.AssertionError: expected [true] but found [false]
at com.gapi.testCases.GetCrossConnectDetails.verifyCrossConnectDetailsUsingDifferentFilters(GetCrossConnectDetails.java:113)
at java.base/java.util.ArrayList.forEach(ArrayList.java:1511)
... Removed 31 stack frames]]>
    </failure>
  </testcase> <!-- verifyCrossConnectDetailsUsingDifferentFilters -->
  <testcase classname="com.gapi.testCases.GetCrossConnectDetails" name="verifyCrossConnectDetailsUsingDifferentFilters" time="2.902">
    <skipped/>
  </testcase> <!-- verifyCrossConnectDetailsUsingDifferentFilters -->
  <testcase classname="com.gapi.testCases.GetCrossConnectDetails" name="verifyCrossConnectDetailsUsingDifferentFilters" time="4.738">
    <failure type="java.lang.AssertionError" message="expected [true] but found [false]">
      <![CDATA[java.lang.AssertionError: expected [true] but found [false]
at com.gapi.testCases.GetCrossConnectDetails.verifyCrossConnectDetailsUsingDifferentFilters(GetCrossConnectDetails.java:113)
at java.base/java.util.ArrayList.forEach(ArrayList.java:1511)
... Removed 31 stack frames]]>
    </failure>
  </testcase> <!-- verifyCrossConnectDetailsUsingDifferentFilters -->
  <testcase classname="com.gapi.testCases.GetCrossConnectDetails" name="verifyCrossConnectDetailsUsingDifferentFilters" time="2.937">
    <skipped/>
  </testcase> <!-- verifyCrossConnectDetailsUsingDifferentFilters -->
  <testcase classname="com.gapi.testCases.GetCrossConnectDetails" name="verifyCrossConnectDetailsUsingDifferentFilters" time="2.625">
    <failure type="java.lang.AssertionError" message="expected [true] but found [false]">
      <![CDATA[java.lang.AssertionError: expected [true] but found [false]
at com.gapi.testCases.GetCrossConnectDetails.verifyCrossConnectDetailsUsingDifferentFilters(GetCrossConnectDetails.java:113)
at java.base/java.util.ArrayList.forEach(ArrayList.java:1511)
... Removed 31 stack frames]]>
    </failure>
  </testcase> <!-- verifyCrossConnectDetailsUsingDifferentFilters -->
  <testcase classname="com.gapi.testCases.GetCrossConnectDetails" name="verifyCrossConnectDetailsUsingDifferentFilters" time="2.911"/>
  <testcase classname="com.gapi.testCases.GetCrossConnectDetails" name="verifyCrossConnectDetailsUsingDifferentFilters" time="0.313">
    <skipped/>
  </testcase> <!-- verifyCrossConnectDetailsUsingDifferentFilters -->
  <testcase classname="com.gapi.testCases.GetCrossConnectDetails" name="verifyCrossConnectDetailsUsingDifferentFilters" time="0.281">
    <failure type="java.lang.AssertionError" message="expected [200] but found [400]">
      <![CDATA[java.lang.AssertionError: expected [200] but found [400]
at com.gapi.testCases.GetCrossConnectDetails.verifyCrossConnectDetailsUsingDifferentFilters(GetCrossConnectDetails.java:56)
at java.base/java.util.ArrayList.forEach(ArrayList.java:1511)
... Removed 33 stack frames]]>
    </failure>
  </testcase> <!-- verifyCrossConnectDetailsUsingDifferentFilters -->
  <testcase classname="com.gapi.testCases.GetCrossConnectDetails" name="verifyCrossConnectDetailsUsingDifferentFilters" time="2.767"/>
  <testcase classname="com.gapi.testCases.GetCrossConnectDetails" name="verifyCrossConnectDetailsUsingDifferentFilters" time="2.809">
    <skipped/>
  </testcase> <!-- verifyCrossConnectDetailsUsingDifferentFilters -->
  <testcase classname="com.gapi.testCases.GetCrossConnectDetails" name="verifyCrossConnectDetailsUsingDifferentFilters" time="3.056">
    <failure type="java.lang.AssertionError" message="expected [true] but found [false]">
      <![CDATA[java.lang.AssertionError: expected [true] but found [false]
at com.gapi.testCases.GetCrossConnectDetails.verifyCrossConnectDetailsUsingDifferentFilters(GetCrossConnectDetails.java:113)
at java.base/java.util.ArrayList.forEach(ArrayList.java:1511)
... Removed 31 stack frames]]>
    </failure>
  </testcase> <!-- verifyCrossConnectDetailsUsingDifferentFilters -->
  <testcase classname="com.gapi.testCases.GetCrossConnectDetails" name="verifyCrossConnectDetailsUsingDifferentFilters" time="2.681"/>
  <testcase classname="com.gapi.testCases.GetCrossConnectDetails" name="verifyCrossConnectDetailsUsingDifferentFilters" time="2.735"/>
  <testcase classname="com.gapi.testCases.GetCrossConnectDetails" name="verifyCrossConnectDetailsUsingDifferentFilters" time="2.738"/>
  <testcase classname="com.gapi.testCases.GetCrossConnectDetails" name="verifyCrossConnectDetailsUsingDifferentFilters" time="2.892">
    <skipped/>
  </testcase> <!-- verifyCrossConnectDetailsUsingDifferentFilters -->
  <testcase classname="com.gapi.testCases.GetCrossConnectDetails" name="verifyCrossConnectDetailsUsingDifferentFilters" time="2.594">
    <failure type="java.lang.AssertionError" message="expected [true] but found [false]">
      <![CDATA[java.lang.AssertionError: expected [true] but found [false]
at com.gapi.testCases.GetCrossConnectDetails.verifyCrossConnectDetailsUsingDifferentFilters(GetCrossConnectDetails.java:113)
at java.base/java.util.ArrayList.forEach(ArrayList.java:1511)
... Removed 30 stack frames]]>
    </failure>
  </testcase> <!-- verifyCrossConnectDetailsUsingDifferentFilters -->
  <testcase classname="com.gapi.testCases.GetCrossConnectDetails" name="verifyGetCrossConnectDetailsByInValidId" time="2.555"/>
  <testcase classname="com.gapi.testCases.GetCrossConnectDetails" name="verifyGetCrossConnectDetailsByInvalidBearerToken" time="0.204"/>
  <testcase classname="com.gapi.testCases.GetCrossConnectDetails" name="verifyGetCrossConnectDetailsByInvalidBillingAccountNumber" time="2.453"/>
  <testcase classname="com.gapi.testCases.GetCrossConnectDetails" name="verifyGetCrossConnectDetailsByInvalidInterconnectionPortStatus" time="0.269"/>
  <testcase classname="com.gapi.testCases.GetCrossConnectDetails" name="verifyGetCrossConnectDetailsByInvalidLimitValue" time="2.735">
    <skipped/>
  </testcase> <!-- verifyGetCrossConnectDetailsByInvalidLimitValue -->
  <testcase classname="com.gapi.testCases.GetCrossConnectDetails" name="verifyGetCrossConnectDetailsByInvalidLimitValue" time="2.636">
    <failure type="java.lang.AssertionError" message="expected [400] but found [500]">
      <![CDATA[java.lang.AssertionError: expected [400] but found [500]
at com.gapi.testCases.GetCrossConnectDetails.verifyGetCrossConnectDetailsByInvalidLimitValue(GetCrossConnectDetails.java:306)
at java.base/java.util.ArrayList.forEach(ArrayList.java:1511)
... Removed 33 stack frames]]>
    </failure>
  </testcase> <!-- verifyGetCrossConnectDetailsByInvalidLimitValue -->
  <testcase classname="com.gapi.testCases.GetCrossConnectDetails" name="verifyGetCrossConnectDetailsByValidId" time="1.448"/>
  <testcase classname="com.gapi.testCases.GetCrossConnectDetails" name="verifyGetCrossConnectDetailsByValidInterconnectionPortStatusAndInvalidInterConnectPanel" time="2.459"/>
  <testcase classname="com.gapi.testCases.GetCrossConnectDetails" name="verifyGetCrossConnectDetailsWithNegativeLimitValues" time="0.273">
    <skipped/>
  </testcase> <!-- verifyGetCrossConnectDetailsWithNegativeLimitValues -->
  <testcase classname="com.gapi.testCases.GetCrossConnectDetails" name="verifyGetCrossConnectDetailsWithNegativeLimitValues" time="0.279">
    <failure type="java.lang.AssertionError" message="expected [Query parameter &amp;apos;limit&amp;apos; has to be formatted as &amp;apos;integer&amp;apos;.] but found [Query parameter &amp;apos;limit&amp;apos; must be a integer and value has to be between &amp;apos;1&amp;apos; and &amp;apos;1000&amp;apos;.]">
      <![CDATA[java.lang.AssertionError: expected [Query parameter 'limit' has to be formatted as 'integer'.] but found [Query parameter 'limit' must be a integer and value has to be between '1' and '1000'.]
at com.gapi.utilities.TestUtilities.verifyErrorResponseMessage(TestUtilities.java:556)
at com.gapi.testCases.GetCrossConnectDetails.verifyGetCrossConnectDetailsWithNegativeLimitValues(GetCrossConnectDetails.java:388)
at java.base/java.util.ArrayList.forEach(ArrayList.java:1511)
... Removed 33 stack frames]]>
    </failure>
  </testcase> <!-- verifyGetCrossConnectDetailsWithNegativeLimitValues -->
  <testcase classname="com.gapi.testCases.GetCrossConnectDetails" name="verifyGetCrossConnectDetailsWithNegativeOffset" time="0.277">
    <skipped/>
  </testcase> <!-- verifyGetCrossConnectDetailsWithNegativeOffset -->
  <testcase classname="com.gapi.testCases.GetCrossConnectDetails" name="verifyGetCrossConnectDetailsWithNegativeOffset" time="0.277">
    <failure type="java.lang.AssertionError" message="expected [Query parameter &amp;apos;offset&amp;apos; can&amp;apos;t be a negative number.] but found [Query parameter &amp;apos;offset&amp;apos; must be a integer and value has to be between &amp;apos;0&amp;apos; and &amp;apos;1000&amp;apos;.]">
      <![CDATA[java.lang.AssertionError: expected [Query parameter 'offset' can't be a negative number.] but found [Query parameter 'offset' must be a integer and value has to be between '0' and '1000'.]
at com.gapi.utilities.TestUtilities.verifyErrorResponseMessage(TestUtilities.java:556)
at com.gapi.testCases.GetCrossConnectDetails.verifyGetCrossConnectDetailsWithNegativeOffset(GetCrossConnectDetails.java:328)
at java.base/java.util.ArrayList.forEach(ArrayList.java:1511)
... Removed 33 stack frames]]>
    </failure>
  </testcase> <!-- verifyGetCrossConnectDetailsWithNegativeOffset -->
  <testcase classname="com.gapi.testCases.GetCrossConnectDetails" name="verifyGetCrossConnectDetailsWithNonIntegerLimitValues" time="0.282">
    <skipped/>
  </testcase> <!-- verifyGetCrossConnectDetailsWithNonIntegerLimitValues -->
  <testcase classname="com.gapi.testCases.GetCrossConnectDetails" name="verifyGetCrossConnectDetailsWithNonIntegerLimitValues" time="0.318">
    <failure type="java.lang.AssertionError" message="expected [Query parameter &amp;apos;limit&amp;apos; has to be formatted as &amp;apos;integer&amp;apos;.] but found [Bad request was submitted.]">
      <![CDATA[java.lang.AssertionError: expected [Query parameter 'limit' has to be formatted as 'integer'.] but found [Bad request was submitted.]
at com.gapi.utilities.TestUtilities.verifyErrorResponseMessage(TestUtilities.java:556)
at com.gapi.testCases.GetCrossConnectDetails.verifyGetCrossConnectDetailsWithNonIntegerLimitValues(GetCrossConnectDetails.java:368)
at java.base/java.util.ArrayList.forEach(ArrayList.java:1511)
... Removed 33 stack frames]]>
    </failure>
  </testcase> <!-- verifyGetCrossConnectDetailsWithNonIntegerLimitValues -->
  <testcase classname="com.gapi.testCases.GetCrossConnectDetails" name="verifyGetCrossConnectDetailsWithNonIntergerOffset" time="0.288">
    <skipped/>
  </testcase> <!-- verifyGetCrossConnectDetailsWithNonIntergerOffset -->
  <testcase classname="com.gapi.testCases.GetCrossConnectDetails" name="verifyGetCrossConnectDetailsWithNonIntergerOffset" time="0.287">
    <failure type="java.lang.AssertionError" message="expected [Query parameter &amp;apos;offset&amp;apos; has to be formatted as &amp;apos;integer&amp;apos;.] but found [Bad request was submitted.]">
      <![CDATA[java.lang.AssertionError: expected [Query parameter 'offset' has to be formatted as 'integer'.] but found [Bad request was submitted.]
at com.gapi.utilities.TestUtilities.verifyErrorResponseMessage(TestUtilities.java:556)
at com.gapi.testCases.GetCrossConnectDetails.verifyGetCrossConnectDetailsWithNonIntergerOffset(GetCrossConnectDetails.java:348)
at java.base/java.util.ArrayList.forEach(ArrayList.java:1511)
... Removed 33 stack frames]]>
    </failure>
  </testcase> <!-- verifyGetCrossConnectDetailsWithNonIntergerOffset -->
  <testcase classname="com.gapi.testCases.GetCrossConnectDetails" name="verifyGetCrossConnectDetailsusingIDByInvalidBearerToken" time="0.2"/>
  <testcase classname="com.gapi.testCases.AddCommentsToTheRemoteHandsTicket" name="AddUsercommentsRemoteHandsTicket" time="2.447"/>
  <testcase classname="com.gapi.testCases.AddCommentsToTheRemoteHandsTicket" name="AddUsercommentsRemoteHandsTicket" time="2.219"/>
  <testcase classname="com.gapi.testCases.AddCommentsToTheRemoteHandsTicket" name="AddUsercommentsRemoteHandsTicketwithoutMandatoryParameters" time="1.414"/>
  <testcase classname="com.gapi.testCases.AddCommentToTheShipmentsTicket" name="AddUsercommentsShipmentsTicket" time="2.328"/>
  <testcase classname="com.gapi.testCases.AddCommentToTheShipmentsTicket" name="verifyAddingsizeMaxSHTicketForWithmandatoryfieldsRequired" time="0.141"/>
  <testcase classname="com.gapi.testCases.AddAttachmentsToTheRemoteHandsTicket" name="AddAttachmentstoRemoteHandsTicket" time="5.133"/>
  <testcase classname="com.gapi.testCases.AddAttachmentsToTheRemoteHandsTicket" name="AddAttachmentstoRemoteHandsTicket" time="4.484"/>
  <testcase classname="com.gapi.testCases.AddAttachmentsToTheRemoteHandsTicket" name="addAttachmentstoRemoteHandsTicketWithOutRequestIDAndfilename" time="0.273"/>
  <testcase classname="com.gapi.testCases.AddAttachmentsToTheRemoteHandsTicket" name="getAttachmentOfRemoteHandsTicketByID" time="7.198"/>
  <testcase classname="com.gapi.testCases.AddAttachmentsToTheRemoteHandsTicket" name="uploadAttachmentToTheExistingRemoteHandsTicket" time="4.392"/>
  <testcase classname="com.gapi.testCases.AddAttachmentsToTheRemoteHandsTicket" name="uploadEmptyTextDocumentToTheValidRemoteHandsRequest" time="2.456"/>
  <testcase classname="com.gapi.testCases.AddAttachmentToTheCustomerSupportTicket" name="addAttachmentstoCustomerSupportTicket" time="4.523"/>
  <testcase classname="com.gapi.testCases.AddAttachmentToTheCustomerSupportTicket" name="addAttachmentstoCustomerSupportTicketWithOutRequestIDAndfilename" time="1.492"/>
  <testcase classname="com.gapi.testCases.AddAttachmentToTheCustomerSupportTicket" name="getAttachmentOfCustomerSupportTicketByID" time="9.93"/>
  <testcase classname="com.gapi.testCases.CancelShipmentsTicket" name="verifyCancelShipmentsTicketWithCancelReason" time="6.081"/>
  <testcase classname="com.gapi.testCases.CancelShipmentsTicket" name="verifyCancelShipmentsTicketWithCancelReason" time="6.258"/>
  <testcase classname="com.gapi.testCases.CancelShipmentsTicket" name="verifyCancelShipmentsTicketwithoutCancelReason" time="6.141"/>
  <testcase classname="com.gapi.testCases.CreateAllFourInOne" name="CreatePermissionGroup" time="2.0"/>
  <testcase classname="com.gapi.testCases.CreateAllFourInOne" name="CreatePermissions" time="1.956"/>
  <testcase classname="com.gapi.testCases.CreateAllFourInOne" name="CreateRoles" time="0.483"/>
  <testcase classname="com.gapi.testCases.BaseClass" name="@BeforeTest BeforeSuite" time="0.0">
    <ignored/>
  </testcase> <!-- @BeforeTest BeforeSuite -->
  <testcase classname="com.gapi.testCases.BaseClass" name="@BeforeTest BeforeSuite" time="0.0">
    <ignored/>
  </testcase> <!-- @BeforeTest BeforeSuite -->
  <testcase classname="com.gapi.testCases.BaseClass" name="@BeforeTest BeforeSuite" time="0.0">
    <ignored/>
  </testcase> <!-- @BeforeTest BeforeSuite -->
  <testcase classname="com.gapi.testCases.BaseClass" name="@BeforeTest BeforeSuite" time="0.0">
    <ignored/>
  </testcase> <!-- @BeforeTest BeforeSuite -->
  <testcase classname="com.gapi.testCases.BaseClass" name="@BeforeTest BeforeSuite" time="0.0">
    <ignored/>
  </testcase> <!-- @BeforeTest BeforeSuite -->
  <testcase classname="com.gapi.testCases.BaseClass" name="@BeforeTest BeforeSuite" time="0.0">
    <ignored/>
  </testcase> <!-- @BeforeTest BeforeSuite -->
  <testcase classname="com.gapi.testCases.BaseClass" name="@BeforeTest BeforeSuite" time="0.0">
    <ignored/>
  </testcase> <!-- @BeforeTest BeforeSuite -->
  <testcase classname="com.gapi.testCases.BaseClass" name="@BeforeTest BeforeSuite" time="0.0">
    <ignored/>
  </testcase> <!-- @BeforeTest BeforeSuite -->
  <testcase classname="com.gapi.testCases.BaseClass" name="@BeforeTest BeforeSuite" time="0.0">
    <ignored/>
  </testcase> <!-- @BeforeTest BeforeSuite -->
  <testcase classname="com.gapi.testCases.BaseClass" name="@BeforeTest BeforeSuite" time="0.0">
    <ignored/>
  </testcase> <!-- @BeforeTest BeforeSuite -->
  <testcase classname="com.gapi.testCases.BaseClass" name="@BeforeTest BeforeSuite" time="0.0">
    <ignored/>
  </testcase> <!-- @BeforeTest BeforeSuite -->
  <testcase classname="com.gapi.testCases.BaseClass" name="@BeforeTest BeforeSuite" time="0.0">
    <ignored/>
  </testcase> <!-- @BeforeTest BeforeSuite -->
  <testcase classname="com.gapi.testCases.BaseClass" name="@BeforeTest BeforeSuite" time="0.0">
    <ignored/>
  </testcase> <!-- @BeforeTest BeforeSuite -->
  <testcase classname="com.gapi.testCases.BaseClass" name="@BeforeTest BeforeSuite" time="0.0">
    <ignored/>
  </testcase> <!-- @BeforeTest BeforeSuite -->
  <testcase classname="com.gapi.testCases.BaseClass" name="@BeforeTest BeforeSuite" time="0.0">
    <ignored/>
  </testcase> <!-- @BeforeTest BeforeSuite -->
  <testcase classname="com.gapi.testCases.BaseClass" name="@BeforeTest BeforeSuite" time="0.0">
    <ignored/>
  </testcase> <!-- @BeforeTest BeforeSuite -->
  <testcase classname="com.gapi.testCases.BaseClass" name="@BeforeTest BeforeSuite" time="0.0">
    <ignored/>
  </testcase> <!-- @BeforeTest BeforeSuite -->
  <testcase classname="com.gapi.testCases.BaseClass" name="@BeforeTest BeforeSuite" time="0.0">
    <ignored/>
  </testcase> <!-- @BeforeTest BeforeSuite -->
  <testcase classname="com.gapi.testCases.BaseClass" name="@BeforeTest BeforeSuite" time="0.0">
    <ignored/>
  </testcase> <!-- @BeforeTest BeforeSuite -->
  <testcase classname="com.gapi.testCases.BaseClass" name="@BeforeTest BeforeSuite" time="0.0">
    <ignored/>
  </testcase> <!-- @BeforeTest BeforeSuite -->
  <testcase classname="com.gapi.testCases.BaseClass" name="@BeforeTest BeforeSuite" time="0.0">
    <ignored/>
  </testcase> <!-- @BeforeTest BeforeSuite -->
  <testcase classname="com.gapi.testCases.BaseClass" name="@BeforeTest BeforeSuite" time="0.0">
    <ignored/>
  </testcase> <!-- @BeforeTest BeforeSuite -->
  <testcase classname="com.gapi.testCases.BaseClass" name="@BeforeTest BeforeSuite" time="0.0">
    <ignored/>
  </testcase> <!-- @BeforeTest BeforeSuite -->
  <testcase classname="com.gapi.testCases.BaseClass" name="@BeforeTest BeforeSuite" time="0.0">
    <ignored/>
  </testcase> <!-- @BeforeTest BeforeSuite -->
  <testcase classname="com.gapi.testCases.BaseClass" name="@BeforeTest BeforeSuite" time="0.0">
    <ignored/>
  </testcase> <!-- @BeforeTest BeforeSuite -->
  <testcase classname="com.gapi.testCases.BaseClass" name="@BeforeTest BeforeSuite" time="0.0">
    <ignored/>
  </testcase> <!-- @BeforeTest BeforeSuite -->
  <testcase classname="com.gapi.testCases.BaseClass" name="@BeforeTest BeforeSuite" time="0.0">
    <ignored/>
  </testcase> <!-- @BeforeTest BeforeSuite -->
  <testcase classname="com.gapi.testCases.BaseClass" name="@BeforeTest BeforeSuite" time="0.0">
    <ignored/>
  </testcase> <!-- @BeforeTest BeforeSuite -->
  <testcase classname="com.gapi.testCases.BaseClass" name="@BeforeTest BeforeSuite" time="0.0">
    <ignored/>
  </testcase> <!-- @BeforeTest BeforeSuite -->
  <testcase classname="com.gapi.testCases.BaseClass" name="@BeforeTest BeforeSuite" time="0.0">
    <ignored/>
  </testcase> <!-- @BeforeTest BeforeSuite -->
  <testcase classname="com.gapi.testCases.BaseClass" name="@BeforeTest BeforeSuite" time="0.0">
    <ignored/>
  </testcase> <!-- @BeforeTest BeforeSuite -->
  <testcase classname="com.gapi.testCases.BaseClass" name="@BeforeTest BeforeSuite" time="0.0">
    <ignored/>
  </testcase> <!-- @BeforeTest BeforeSuite -->
  <testcase classname="com.gapi.testCases.BaseClass" name="@BeforeTest BeforeSuite" time="0.0">
    <ignored/>
  </testcase> <!-- @BeforeTest BeforeSuite -->
  <testcase classname="com.gapi.testCases.BaseClass" name="@BeforeTest BeforeSuite" time="0.0">
    <ignored/>
  </testcase> <!-- @BeforeTest BeforeSuite -->
  <testcase classname="com.gapi.testCases.BaseClass" name="@BeforeTest BeforeSuite" time="0.0">
    <ignored/>
  </testcase> <!-- @BeforeTest BeforeSuite -->
  <testcase classname="com.gapi.testCases.BaseClass" name="@BeforeTest BeforeSuite" time="0.0">
    <ignored/>
  </testcase> <!-- @BeforeTest BeforeSuite -->
  <testcase classname="com.gapi.testCases.BaseClass" name="@BeforeTest BeforeSuite" time="0.0">
    <ignored/>
  </testcase> <!-- @BeforeTest BeforeSuite -->
  <testcase classname="com.gapi.testCases.BaseClass" name="@BeforeTest BeforeSuite" time="0.0">
    <ignored/>
  </testcase> <!-- @BeforeTest BeforeSuite -->
  <testcase classname="com.gapi.testCases.BaseClass" name="@BeforeTest BeforeSuite" time="0.0">
    <ignored/>
  </testcase> <!-- @BeforeTest BeforeSuite -->
  <testcase classname="com.gapi.testCases.BaseClass" name="@BeforeTest BeforeSuite" time="0.0">
    <ignored/>
  </testcase> <!-- @BeforeTest BeforeSuite -->
  <testcase classname="com.gapi.testCases.BaseClass" name="@BeforeTest BeforeSuite" time="0.0">
    <ignored/>
  </testcase> <!-- @BeforeTest BeforeSuite -->
  <testcase classname="com.gapi.testCases.BaseClass" name="@BeforeTest BeforeSuite" time="0.0">
    <ignored/>
  </testcase> <!-- @BeforeTest BeforeSuite -->
  <testcase classname="com.gapi.testCases.BaseClass" name="@BeforeTest BeforeSuite" time="0.0">
    <ignored/>
  </testcase> <!-- @BeforeTest BeforeSuite -->
  <testcase classname="com.gapi.testCases.BaseClass" name="@BeforeTest BeforeSuite" time="0.0">
    <ignored/>
  </testcase> <!-- @BeforeTest BeforeSuite -->
  <testcase classname="com.gapi.testCases.BaseClass" name="@BeforeTest BeforeSuite" time="0.0">
    <ignored/>
  </testcase> <!-- @BeforeTest BeforeSuite -->
  <testcase classname="com.gapi.testCases.BaseClass" name="@BeforeTest BeforeSuite" time="0.0">
    <ignored/>
  </testcase> <!-- @BeforeTest BeforeSuite -->
  <testcase classname="com.gapi.testCases.BaseClass" name="@BeforeTest BeforeSuite" time="0.0">
    <ignored/>
  </testcase> <!-- @BeforeTest BeforeSuite -->
  <testcase classname="com.gapi.testCases.BaseClass" name="@BeforeTest BeforeSuite" time="0.0">
    <ignored/>
  </testcase> <!-- @BeforeTest BeforeSuite -->
  <testcase classname="com.gapi.testCases.BaseClass" name="@BeforeTest BeforeSuite" time="0.0">
    <ignored/>
  </testcase> <!-- @BeforeTest BeforeSuite -->
  <testcase classname="com.gapi.testCases.BaseClass" name="@BeforeSuite generateAuthorizationToken" time="0.0">
    <ignored/>
  </testcase> <!-- @BeforeSuite generateAuthorizationToken -->
  <testcase classname="com.gapi.testCases.BaseClass" name="@BeforeSuite generateAuthorizationToken" time="0.0">
    <ignored/>
  </testcase> <!-- @BeforeSuite generateAuthorizationToken -->
  <testcase classname="com.gapi.testCases.BaseClass" name="@BeforeSuite generateAuthorizationToken" time="0.0">
    <ignored/>
  </testcase> <!-- @BeforeSuite generateAuthorizationToken -->
  <testcase classname="com.gapi.testCases.BaseClass" name="@BeforeSuite generateAuthorizationToken" time="0.0">
    <ignored/>
  </testcase> <!-- @BeforeSuite generateAuthorizationToken -->
  <testcase classname="com.gapi.testCases.BaseClass" name="@BeforeSuite generateAuthorizationToken" time="0.0">
    <ignored/>
  </testcase> <!-- @BeforeSuite generateAuthorizationToken -->
  <testcase classname="com.gapi.testCases.BaseClass" name="@BeforeSuite generateAuthorizationToken" time="0.0">
    <ignored/>
  </testcase> <!-- @BeforeSuite generateAuthorizationToken -->
  <testcase classname="com.gapi.testCases.BaseClass" name="@BeforeSuite generateAuthorizationToken" time="0.0">
    <ignored/>
  </testcase> <!-- @BeforeSuite generateAuthorizationToken -->
  <testcase classname="com.gapi.testCases.BaseClass" name="@BeforeSuite generateAuthorizationToken" time="0.0">
    <ignored/>
  </testcase> <!-- @BeforeSuite generateAuthorizationToken -->
  <testcase classname="com.gapi.testCases.BaseClass" name="@BeforeSuite generateAuthorizationToken" time="0.0">
    <ignored/>
  </testcase> <!-- @BeforeSuite generateAuthorizationToken -->
  <testcase classname="com.gapi.testCases.BaseClass" name="@BeforeSuite generateAuthorizationToken" time="0.0">
    <ignored/>
  </testcase> <!-- @BeforeSuite generateAuthorizationToken -->
  <testcase classname="com.gapi.testCases.BaseClass" name="@BeforeSuite generateAuthorizationToken" time="0.0">
    <ignored/>
  </testcase> <!-- @BeforeSuite generateAuthorizationToken -->
  <testcase classname="com.gapi.testCases.BaseClass" name="@BeforeSuite generateAuthorizationToken" time="0.0">
    <ignored/>
  </testcase> <!-- @BeforeSuite generateAuthorizationToken -->
  <testcase classname="com.gapi.testCases.BaseClass" name="@BeforeSuite generateAuthorizationToken" time="0.0">
    <ignored/>
  </testcase> <!-- @BeforeSuite generateAuthorizationToken -->
  <testcase classname="com.gapi.testCases.BaseClass" name="@BeforeSuite generateAuthorizationToken" time="0.0">
    <ignored/>
  </testcase> <!-- @BeforeSuite generateAuthorizationToken -->
  <testcase classname="com.gapi.testCases.BaseClass" name="@BeforeSuite generateAuthorizationToken" time="0.0">
    <ignored/>
  </testcase> <!-- @BeforeSuite generateAuthorizationToken -->
  <testcase classname="com.gapi.testCases.BaseClass" name="@BeforeSuite generateAuthorizationToken" time="0.0">
    <ignored/>
  </testcase> <!-- @BeforeSuite generateAuthorizationToken -->
  <testcase classname="com.gapi.testCases.BaseClass" name="@BeforeSuite generateAuthorizationToken" time="0.0">
    <ignored/>
  </testcase> <!-- @BeforeSuite generateAuthorizationToken -->
  <testcase classname="com.gapi.testCases.BaseClass" name="@BeforeSuite generateAuthorizationToken" time="0.0">
    <ignored/>
  </testcase> <!-- @BeforeSuite generateAuthorizationToken -->
  <testcase classname="com.gapi.testCases.BaseClass" name="@BeforeSuite generateAuthorizationToken" time="0.0">
    <ignored/>
  </testcase> <!-- @BeforeSuite generateAuthorizationToken -->
  <testcase classname="com.gapi.testCases.BaseClass" name="@BeforeSuite generateAuthorizationToken" time="0.0">
    <ignored/>
  </testcase> <!-- @BeforeSuite generateAuthorizationToken -->
  <testcase classname="com.gapi.testCases.BaseClass" name="@BeforeSuite generateAuthorizationToken" time="0.0">
    <ignored/>
  </testcase> <!-- @BeforeSuite generateAuthorizationToken -->
  <testcase classname="com.gapi.testCases.BaseClass" name="@BeforeSuite generateAuthorizationToken" time="0.0">
    <ignored/>
  </testcase> <!-- @BeforeSuite generateAuthorizationToken -->
  <testcase classname="com.gapi.testCases.BaseClass" name="@BeforeSuite generateAuthorizationToken" time="0.0">
    <ignored/>
  </testcase> <!-- @BeforeSuite generateAuthorizationToken -->
  <testcase classname="com.gapi.testCases.BaseClass" name="@BeforeSuite generateAuthorizationToken" time="0.0">
    <ignored/>
  </testcase> <!-- @BeforeSuite generateAuthorizationToken -->
  <testcase classname="com.gapi.testCases.BaseClass" name="@BeforeSuite generateAuthorizationToken" time="0.0">
    <ignored/>
  </testcase> <!-- @BeforeSuite generateAuthorizationToken -->
  <testcase classname="com.gapi.testCases.BaseClass" name="@BeforeSuite generateAuthorizationToken" time="0.0">
    <ignored/>
  </testcase> <!-- @BeforeSuite generateAuthorizationToken -->
  <testcase classname="com.gapi.testCases.BaseClass" name="@BeforeSuite generateAuthorizationToken" time="0.0">
    <ignored/>
  </testcase> <!-- @BeforeSuite generateAuthorizationToken -->
  <testcase classname="com.gapi.testCases.BaseClass" name="@BeforeSuite generateAuthorizationToken" time="0.0">
    <ignored/>
  </testcase> <!-- @BeforeSuite generateAuthorizationToken -->
  <testcase classname="com.gapi.testCases.BaseClass" name="@BeforeSuite generateAuthorizationToken" time="0.0">
    <ignored/>
  </testcase> <!-- @BeforeSuite generateAuthorizationToken -->
  <testcase classname="com.gapi.testCases.BaseClass" name="@BeforeSuite generateAuthorizationToken" time="0.0">
    <ignored/>
  </testcase> <!-- @BeforeSuite generateAuthorizationToken -->
  <testcase classname="com.gapi.testCases.BaseClass" name="@BeforeSuite generateAuthorizationToken" time="0.0">
    <ignored/>
  </testcase> <!-- @BeforeSuite generateAuthorizationToken -->
  <testcase classname="com.gapi.testCases.BaseClass" name="@BeforeSuite generateAuthorizationToken" time="0.0">
    <ignored/>
  </testcase> <!-- @BeforeSuite generateAuthorizationToken -->
  <testcase classname="com.gapi.testCases.BaseClass" name="@BeforeSuite generateAuthorizationToken" time="0.0">
    <ignored/>
  </testcase> <!-- @BeforeSuite generateAuthorizationToken -->
  <testcase classname="com.gapi.testCases.BaseClass" name="@BeforeSuite generateAuthorizationToken" time="0.0">
    <ignored/>
  </testcase> <!-- @BeforeSuite generateAuthorizationToken -->
  <testcase classname="com.gapi.testCases.BaseClass" name="@BeforeSuite generateAuthorizationToken" time="0.0">
    <ignored/>
  </testcase> <!-- @BeforeSuite generateAuthorizationToken -->
  <testcase classname="com.gapi.testCases.BaseClass" name="@BeforeSuite generateAuthorizationToken" time="0.0">
    <ignored/>
  </testcase> <!-- @BeforeSuite generateAuthorizationToken -->
  <testcase classname="com.gapi.testCases.BaseClass" name="@BeforeSuite generateAuthorizationToken" time="0.0">
    <ignored/>
  </testcase> <!-- @BeforeSuite generateAuthorizationToken -->
  <testcase classname="com.gapi.testCases.BaseClass" name="@BeforeSuite generateAuthorizationToken" time="0.0">
    <ignored/>
  </testcase> <!-- @BeforeSuite generateAuthorizationToken -->
  <testcase classname="com.gapi.testCases.BaseClass" name="@BeforeSuite generateAuthorizationToken" time="0.0">
    <ignored/>
  </testcase> <!-- @BeforeSuite generateAuthorizationToken -->
  <testcase classname="com.gapi.testCases.BaseClass" name="@BeforeSuite generateAuthorizationToken" time="0.0">
    <ignored/>
  </testcase> <!-- @BeforeSuite generateAuthorizationToken -->
  <testcase classname="com.gapi.testCases.BaseClass" name="@BeforeSuite generateAuthorizationToken" time="0.0">
    <ignored/>
  </testcase> <!-- @BeforeSuite generateAuthorizationToken -->
  <testcase classname="com.gapi.testCases.BaseClass" name="@BeforeSuite generateAuthorizationToken" time="0.0">
    <ignored/>
  </testcase> <!-- @BeforeSuite generateAuthorizationToken -->
  <testcase classname="com.gapi.testCases.BaseClass" name="@BeforeSuite generateAuthorizationToken" time="0.0">
    <ignored/>
  </testcase> <!-- @BeforeSuite generateAuthorizationToken -->
  <testcase classname="com.gapi.testCases.BaseClass" name="@BeforeSuite generateAuthorizationToken" time="0.0">
    <ignored/>
  </testcase> <!-- @BeforeSuite generateAuthorizationToken -->
  <testcase classname="com.gapi.testCases.BaseClass" name="@BeforeSuite generateAuthorizationToken" time="0.0">
    <ignored/>
  </testcase> <!-- @BeforeSuite generateAuthorizationToken -->
  <testcase classname="com.gapi.testCases.BaseClass" name="@BeforeSuite generateAuthorizationToken" time="0.0">
    <ignored/>
  </testcase> <!-- @BeforeSuite generateAuthorizationToken -->
  <testcase classname="com.gapi.testCases.BaseClass" name="@BeforeSuite generateAuthorizationToken" time="0.0">
    <ignored/>
  </testcase> <!-- @BeforeSuite generateAuthorizationToken -->
  <testcase classname="com.gapi.testCases.BaseClass" name="@BeforeSuite generateAuthorizationToken" time="0.0">
    <ignored/>
  </testcase> <!-- @BeforeSuite generateAuthorizationToken -->
  <testcase classname="com.gapi.testCases.BaseClass" name="@BeforeSuite generateAuthorizationToken" time="0.0">
    <ignored/>
  </testcase> <!-- @BeforeSuite generateAuthorizationToken -->
  <testcase classname="com.gapi.testCases.BaseClass" name="@AfterTest AfterSuite" time="0.0">
    <ignored/>
  </testcase> <!-- @AfterTest AfterSuite -->
  <testcase classname="com.gapi.testCases.BaseClass" name="@AfterTest AfterSuite" time="0.0">
    <ignored/>
  </testcase> <!-- @AfterTest AfterSuite -->
  <testcase classname="com.gapi.testCases.BaseClass" name="@AfterTest AfterSuite" time="0.0">
    <ignored/>
  </testcase> <!-- @AfterTest AfterSuite -->
  <testcase classname="com.gapi.testCases.BaseClass" name="@AfterTest AfterSuite" time="0.0">
    <ignored/>
  </testcase> <!-- @AfterTest AfterSuite -->
  <testcase classname="com.gapi.testCases.BaseClass" name="@AfterTest AfterSuite" time="0.0">
    <ignored/>
  </testcase> <!-- @AfterTest AfterSuite -->
  <testcase classname="com.gapi.testCases.BaseClass" name="@AfterTest AfterSuite" time="0.0">
    <ignored/>
  </testcase> <!-- @AfterTest AfterSuite -->
  <testcase classname="com.gapi.testCases.BaseClass" name="@AfterTest AfterSuite" time="0.0">
    <ignored/>
  </testcase> <!-- @AfterTest AfterSuite -->
  <testcase classname="com.gapi.testCases.BaseClass" name="@AfterTest AfterSuite" time="0.0">
    <ignored/>
  </testcase> <!-- @AfterTest AfterSuite -->
  <testcase classname="com.gapi.testCases.BaseClass" name="@AfterTest AfterSuite" time="0.0">
    <ignored/>
  </testcase> <!-- @AfterTest AfterSuite -->
  <testcase classname="com.gapi.testCases.BaseClass" name="@AfterTest AfterSuite" time="0.0">
    <ignored/>
  </testcase> <!-- @AfterTest AfterSuite -->
  <testcase classname="com.gapi.testCases.BaseClass" name="@AfterTest AfterSuite" time="0.0">
    <ignored/>
  </testcase> <!-- @AfterTest AfterSuite -->
  <testcase classname="com.gapi.testCases.BaseClass" name="@AfterTest AfterSuite" time="0.0">
    <ignored/>
  </testcase> <!-- @AfterTest AfterSuite -->
  <testcase classname="com.gapi.testCases.BaseClass" name="@AfterTest AfterSuite" time="0.0">
    <ignored/>
  </testcase> <!-- @AfterTest AfterSuite -->
  <testcase classname="com.gapi.testCases.BaseClass" name="@AfterTest AfterSuite" time="0.0">
    <ignored/>
  </testcase> <!-- @AfterTest AfterSuite -->
  <testcase classname="com.gapi.testCases.BaseClass" name="@AfterTest AfterSuite" time="0.0">
    <ignored/>
  </testcase> <!-- @AfterTest AfterSuite -->
  <testcase classname="com.gapi.testCases.BaseClass" name="@AfterTest AfterSuite" time="0.0">
    <ignored/>
  </testcase> <!-- @AfterTest AfterSuite -->
  <testcase classname="com.gapi.testCases.BaseClass" name="@AfterTest AfterSuite" time="0.0">
    <ignored/>
  </testcase> <!-- @AfterTest AfterSuite -->
  <testcase classname="com.gapi.testCases.BaseClass" name="@AfterTest AfterSuite" time="0.0">
    <ignored/>
  </testcase> <!-- @AfterTest AfterSuite -->
  <testcase classname="com.gapi.testCases.BaseClass" name="@AfterTest AfterSuite" time="0.0">
    <ignored/>
  </testcase> <!-- @AfterTest AfterSuite -->
  <testcase classname="com.gapi.testCases.BaseClass" name="@AfterTest AfterSuite" time="0.0">
    <ignored/>
  </testcase> <!-- @AfterTest AfterSuite -->
  <testcase classname="com.gapi.testCases.BaseClass" name="@AfterTest AfterSuite" time="0.0">
    <ignored/>
  </testcase> <!-- @AfterTest AfterSuite -->
  <testcase classname="com.gapi.testCases.BaseClass" name="@AfterTest AfterSuite" time="0.0">
    <ignored/>
  </testcase> <!-- @AfterTest AfterSuite -->
  <testcase classname="com.gapi.testCases.BaseClass" name="@AfterTest AfterSuite" time="0.0">
    <ignored/>
  </testcase> <!-- @AfterTest AfterSuite -->
  <testcase classname="com.gapi.testCases.BaseClass" name="@AfterTest AfterSuite" time="0.0">
    <ignored/>
  </testcase> <!-- @AfterTest AfterSuite -->
  <testcase classname="com.gapi.testCases.BaseClass" name="@AfterTest AfterSuite" time="0.0">
    <ignored/>
  </testcase> <!-- @AfterTest AfterSuite -->
  <testcase classname="com.gapi.testCases.BaseClass" name="@AfterTest AfterSuite" time="0.0">
    <ignored/>
  </testcase> <!-- @AfterTest AfterSuite -->
  <testcase classname="com.gapi.testCases.BaseClass" name="@AfterTest AfterSuite" time="0.0">
    <ignored/>
  </testcase> <!-- @AfterTest AfterSuite -->
  <testcase classname="com.gapi.testCases.BaseClass" name="@AfterTest AfterSuite" time="0.0">
    <ignored/>
  </testcase> <!-- @AfterTest AfterSuite -->
  <testcase classname="com.gapi.testCases.BaseClass" name="@AfterTest AfterSuite" time="0.0">
    <ignored/>
  </testcase> <!-- @AfterTest AfterSuite -->
  <testcase classname="com.gapi.testCases.BaseClass" name="@AfterTest AfterSuite" time="0.0">
    <ignored/>
  </testcase> <!-- @AfterTest AfterSuite -->
  <testcase classname="com.gapi.testCases.BaseClass" name="@AfterTest AfterSuite" time="0.0">
    <ignored/>
  </testcase> <!-- @AfterTest AfterSuite -->
  <testcase classname="com.gapi.testCases.BaseClass" name="@AfterTest AfterSuite" time="0.0">
    <ignored/>
  </testcase> <!-- @AfterTest AfterSuite -->
  <testcase classname="com.gapi.testCases.BaseClass" name="@AfterTest AfterSuite" time="0.0">
    <ignored/>
  </testcase> <!-- @AfterTest AfterSuite -->
  <testcase classname="com.gapi.testCases.BaseClass" name="@AfterTest AfterSuite" time="0.0">
    <ignored/>
  </testcase> <!-- @AfterTest AfterSuite -->
  <testcase classname="com.gapi.testCases.BaseClass" name="@AfterTest AfterSuite" time="0.0">
    <ignored/>
  </testcase> <!-- @AfterTest AfterSuite -->
  <testcase classname="com.gapi.testCases.BaseClass" name="@AfterTest AfterSuite" time="0.0">
    <ignored/>
  </testcase> <!-- @AfterTest AfterSuite -->
  <testcase classname="com.gapi.testCases.BaseClass" name="@AfterTest AfterSuite" time="0.0">
    <ignored/>
  </testcase> <!-- @AfterTest AfterSuite -->
  <testcase classname="com.gapi.testCases.BaseClass" name="@AfterTest AfterSuite" time="0.0">
    <ignored/>
  </testcase> <!-- @AfterTest AfterSuite -->
  <testcase classname="com.gapi.testCases.BaseClass" name="@AfterTest AfterSuite" time="0.0">
    <ignored/>
  </testcase> <!-- @AfterTest AfterSuite -->
  <testcase classname="com.gapi.testCases.BaseClass" name="@AfterTest AfterSuite" time="0.0">
    <ignored/>
  </testcase> <!-- @AfterTest AfterSuite -->
  <testcase classname="com.gapi.testCases.BaseClass" name="@AfterTest AfterSuite" time="0.0">
    <ignored/>
  </testcase> <!-- @AfterTest AfterSuite -->
  <testcase classname="com.gapi.testCases.BaseClass" name="@AfterTest AfterSuite" time="0.0">
    <ignored/>
  </testcase> <!-- @AfterTest AfterSuite -->
  <testcase classname="com.gapi.testCases.BaseClass" name="@AfterTest AfterSuite" time="0.0">
    <ignored/>
  </testcase> <!-- @AfterTest AfterSuite -->
  <testcase classname="com.gapi.testCases.BaseClass" name="@AfterTest AfterSuite" time="0.0">
    <ignored/>
  </testcase> <!-- @AfterTest AfterSuite -->
  <testcase classname="com.gapi.testCases.BaseClass" name="@AfterTest AfterSuite" time="0.0">
    <ignored/>
  </testcase> <!-- @AfterTest AfterSuite -->
  <testcase classname="com.gapi.testCases.BaseClass" name="@AfterTest AfterSuite" time="0.0">
    <ignored/>
  </testcase> <!-- @AfterTest AfterSuite -->
  <testcase classname="com.gapi.testCases.BaseClass" name="@AfterTest AfterSuite" time="0.0">
    <ignored/>
  </testcase> <!-- @AfterTest AfterSuite -->
  <testcase classname="com.gapi.testCases.BaseClass" name="@AfterTest AfterSuite" time="0.0">
    <ignored/>
  </testcase> <!-- @AfterTest AfterSuite -->
  <testcase classname="com.gapi.testCases.BaseClass" name="@AfterTest AfterSuite" time="0.0">
    <ignored/>
  </testcase> <!-- @AfterTest AfterSuite -->
</testsuite> <!-- functional test -->
