<html>
<head>
<title>TestNG:  Default test</title>
<link href="../testng.css" rel="stylesheet" type="text/css" />
<link href="../my-testng.css" rel="stylesheet" type="text/css" />

<style type="text/css">
.log { display: none;} 
.stack-trace { display: none;} 
</style>
<script type="text/javascript">
<!--
function flip(e) {
  current = e.style.display;
  if (current == 'block') {
    e.style.display = 'none';
    return 0;
  }
  else {
    e.style.display = 'block';
    return 1;
  }
}

function toggleBox(szDivId, elem, msg1, msg2)
{
  var res = -1;  if (document.getElementById) {
    res = flip(document.getElementById(szDivId));
  }
  else if (document.all) {
    // this is the way old msie versions work
    res = flip(document.all[szDivId]);
  }
  if(elem) {
    if(res == 0) elem.innerHTML = msg1; else elem.innerHTML = msg2;
  }

}

function toggleAllBoxes() {
  if (document.getElementsByTagName) {
    d = document.getElementsByTagName('div');
    for (i = 0; i < d.length; i++) {
      if (d[i].className == 'log') {
        flip(d[i]);
      }
    }
  }
}

// -->
</script>

</head>
<body>
<h2 align='center'>Default test</h2><table border='1' align="center">
<tr>
<td>Tests passed/Failed/Skipped:</td><td>12/13/0</td>
</tr><tr>
<td>Started on:</td><td>Thu Mar 30 16:55:22 IST 2023</td>
</tr>
<tr><td>Total time:</td><td>50 seconds (50926 ms)</td>
</tr><tr>
<td>Included groups:</td><td></td>
</tr><tr>
<td>Excluded groups:</td><td></td>
</tr>
</table><p/>
<small><i>(Hover the method name to see the test class name)</i></small><p/>
<table width='100%' border='1' class='invocation-failed'>
<tr><td colspan='4' align='center'><b>FAILED TESTS</b></td></tr>
<tr><td><b>Test method</b></td>
<td width="30%"><b>Exception</b></td>
<td width="10%"><b>Time (seconds)</b></td>
<td><b>Instance</b></td>
</tr>
<tr>
<td title='com.gapi.testCases.GetCrossConnectDetails.verifyGetCrossConnectDetailsByInvalidLimitValue()'><b>verifyGetCrossConnectDetailsByInvalidLimitValue</b><br>Test class: com.gapi.testCases.GetCrossConnectDetails<br>Parameters: {emailNotifications=, serviceType=, permissionId=, notes=, isExtendedVisitorBadge=, visitorType=, isBulkRequest=, contactType=, TestCaseName=Retrieve the Cross connect details by Invalid Limit value(limit=0), search_query=, serviceImpactedDescription=, yardi_id=, deleteFlag=, customerReference=, action=, details=, ExpectedStatusMessage=, visitorPhone=, trackingNumber=, extendedVisitorBadgeStr=, permissionGroupId=, assetId2=, billingAccountNumber=, assetId1=, assetId4=, accessEndDate=, assetId3=, report_type=, estimatedDeliveryDate=, firstName=, phone=, courier=, visitorHostFirstName=, user_id=, name=, notificationRecipients=, position=, page=, serviceImpact=, escortFirstName=, visitorBadgeStartDate=, globalUltimateKey=, lastName=, code=, role=, accountName=, referenceTicket=, accessStartDate=, description=, permissionGroups=, workDescription=, executionFlag=Y, title=, visitorHostCompany=, visitorBadgeEndDate=, assetId=, company=, detailedInstruction=, cancelReason=, email=, visitorFirstName=, isLoadingBayRequired=, customerExternalReference=, comments=, requestType=, expectedStatusCode=, ci=, readFlag=, errorMessage=, methodName=verifyGetCrossConnectDetailsByInvalidLimitValue, errorMessageType=, standardVisitorBadgeStr=, filters=limit=0&accountId=0012E00002dzuIMQAY, visitorEmail=, legalEntityKey=, visitorLastName=, PermissionGroupIDForprivileges=, site=, escortLastName=, assetName=, locations=, location=, packageCount=, asset=, category=, visitorHostLastName=}</td>
<td><div><pre>java.lang.AssertionError: expected [400] but found [500]
	at org.testng.Assert.fail(Assert.java:99)
	at org.testng.Assert.failNotEquals(Assert.java:1037)
	at org.testng.Assert.assertEqualsImpl(Assert.java:140)
	at org.testng.Assert.assertEquals(Assert.java:122)
	at org.testng.Assert.assertEquals(Assert.java:907)
	at org.testng.Assert.assertEquals(Assert.java:917)
	at com.gapi.testCases.GetCrossConnectDetails.verifyGetCrossConnectDetailsByInvalidLimitValue(GetCrossConnectDetails.java:306)
	at java.base/jdk.internal.reflect.NativeMethodAccessorImpl.invoke0(Native Method)
	at java.base/jdk.internal.reflect.NativeMethodAccessorImpl.invoke(NativeMethodAccessorImpl.java:77)
	at java.base/jdk.internal.reflect.DelegatingMethodAccessorImpl.invoke(DelegatingMethodAccessorImpl.java:43)
	at java.base/java.lang.reflect.Method.invoke(Method.java:568)
	at org.testng.internal.MethodInvocationHelper.invokeMethod(MethodInvocationHelper.java:133)
	at org.testng.internal.TestInvoker.invokeMethod(TestInvoker.java:598)
	at org.testng.internal.TestInvoker.invokeTestMethod(TestInvoker.java:173)
	at org.testng.internal.MethodRunner.runInSequence(MethodRunner.java:46)
	at org.testng.internal.TestInvoker$MethodInvocationAgent.invoke(TestInvoker.java:824)
	at org.testng.internal.TestInvoker.invokeTestMethods(TestInvoker.java:146)
	at org.testng.internal.TestMethodWorker.invokeTestMethods(TestMethodWorker.java:146)
	at org.testng.internal.TestMethodWorker.run(TestMethodWorker.java:128)
	at java.base/java.util.ArrayList.forEach(ArrayList.java:1511)
	at org.testng.TestRunner.privateRun(TestRunner.java:794)
	at org.testng.TestRunner.run(TestRunner.java:596)
	at org.testng.SuiteRunner.runTest(SuiteRunner.java:377)
	at org.testng.SuiteRunner.runSequentially(SuiteRunner.java:371)
	at org.testng.SuiteRunner.privateRun(SuiteRunner.java:332)
	at org.testng.SuiteRunner.run(SuiteRunner.java:276)
	at org.testng.SuiteRunnerWorker.runSuite(SuiteRunnerWorker.java:53)
	at org.testng.SuiteRunnerWorker.run(SuiteRunnerWorker.java:96)
	at org.testng.TestNG.runSuitesSequentially(TestNG.java:1212)
	at org.testng.TestNG.runSuitesLocally(TestNG.java:1134)
	at org.testng.TestNG.runSuites(TestNG.java:1063)
	at org.testng.TestNG.run(TestNG.java:1031)
	at org.testng.remote.AbstractRemoteTestNG.run(AbstractRemoteTestNG.java:115)
	at org.testng.remote.RemoteTestNG.initAndRun(RemoteTestNG.java:251)
	at org.testng.remote.RemoteTestNG.main(RemoteTestNG.java:77)
</pre></div><a href='#' onClick='toggleBox("stack-trace2065453085", this, "Click to show all stack frames", "Click to hide stack frames")'>Click to show all stack frames</a>
<div class='stack-trace' id='stack-trace2065453085'><pre>java.lang.AssertionError: expected [400] but found [500]
	at org.testng.Assert.fail(Assert.java:99)
	at org.testng.Assert.failNotEquals(Assert.java:1037)
	at org.testng.Assert.assertEqualsImpl(Assert.java:140)
	at org.testng.Assert.assertEquals(Assert.java:122)
	at org.testng.Assert.assertEquals(Assert.java:907)
	at org.testng.Assert.assertEquals(Assert.java:917)
	at com.gapi.testCases.GetCrossConnectDetails.verifyGetCrossConnectDetailsByInvalidLimitValue(GetCrossConnectDetails.java:306)
	at java.base/jdk.internal.reflect.NativeMethodAccessorImpl.invoke0(Native Method)
	at java.base/jdk.internal.reflect.NativeMethodAccessorImpl.invoke(NativeMethodAccessorImpl.java:77)
	at java.base/jdk.internal.reflect.DelegatingMethodAccessorImpl.invoke(DelegatingMethodAccessorImpl.java:43)
	at java.base/java.lang.reflect.Method.invoke(Method.java:568)
	at org.testng.internal.MethodInvocationHelper.invokeMethod(MethodInvocationHelper.java:133)
	at org.testng.internal.TestInvoker.invokeMethod(TestInvoker.java:598)
	at org.testng.internal.TestInvoker.invokeTestMethod(TestInvoker.java:173)
	at org.testng.internal.MethodRunner.runInSequence(MethodRunner.java:46)
	at org.testng.internal.TestInvoker$MethodInvocationAgent.invoke(TestInvoker.java:824)
	at org.testng.internal.TestInvoker.invokeTestMethods(TestInvoker.java:146)
	at org.testng.internal.TestMethodWorker.invokeTestMethods(TestMethodWorker.java:146)
	at org.testng.internal.TestMethodWorker.run(TestMethodWorker.java:128)
	at java.base/java.util.ArrayList.forEach(ArrayList.java:1511)
	at org.testng.TestRunner.privateRun(TestRunner.java:794)
	at org.testng.TestRunner.run(TestRunner.java:596)
	at org.testng.SuiteRunner.runTest(SuiteRunner.java:377)
	at org.testng.SuiteRunner.runSequentially(SuiteRunner.java:371)
	at org.testng.SuiteRunner.privateRun(SuiteRunner.java:332)
	at org.testng.SuiteRunner.run(SuiteRunner.java:276)
	at org.testng.SuiteRunnerWorker.runSuite(SuiteRunnerWorker.java:53)
	at org.testng.SuiteRunnerWorker.run(SuiteRunnerWorker.java:96)
	at org.testng.TestNG.runSuitesSequentially(TestNG.java:1212)
	at org.testng.TestNG.runSuitesLocally(TestNG.java:1134)
	at org.testng.TestNG.runSuites(TestNG.java:1063)
	at org.testng.TestNG.run(TestNG.java:1031)
	at org.testng.remote.AbstractRemoteTestNG.run(AbstractRemoteTestNG.java:115)
	at org.testng.remote.RemoteTestNG.initAndRun(RemoteTestNG.java:251)
	at org.testng.remote.RemoteTestNG.main(RemoteTestNG.java:77)
</pre></div></td>
<td>2</td>
<td>com.gapi.testCases.GetCrossConnectDetails@7dc3712</td></tr>
<tr>
<td title='com.gapi.testCases.GetCrossConnectDetails.verifyCrossConnectDetailsUsingDifferentFilters()'><b>verifyCrossConnectDetailsUsingDifferentFilters</b><br>Test class: com.gapi.testCases.GetCrossConnectDetails<br>Parameters: {emailNotifications=, serviceType=, permissionId=, notes=, isExtendedVisitorBadge=, visitorType=, isBulkRequest=, contactType=, TestCaseName=Retrieve Cross Connect Requests by Interconnection Port Status  -Pre-Wired, search_query=, serviceImpactedDescription=, yardi_id=, deleteFlag=, customerReference=, action=, details=, ExpectedStatusMessage=OK, visitorPhone=, trackingNumber=, extendedVisitorBadgeStr=, permissionGroupId=, assetId2=, billingAccountNumber=, assetId1=, assetId4=, accessEndDate=, assetId3=, report_type=, estimatedDeliveryDate=, firstName=, phone=, courier=, visitorHostFirstName=, user_id=, name=, notificationRecipients=, position=, page=, serviceImpact=, escortFirstName=, visitorBadgeStartDate=, globalUltimateKey=, lastName=, code=, role=, accountName=, referenceTicket=, accessStartDate=, description=, permissionGroups=, workDescription=, executionFlag=Y, title=, visitorHostCompany=, visitorBadgeEndDate=, assetId=, company=, detailedInstruction=, cancelReason=, email=, visitorFirstName=, isLoadingBayRequired=, customerExternalReference=, comments=, requestType=, expectedStatusCode=200, ci=, readFlag=, errorMessage=, methodName=verifyCrossConnectDetailsUsingDifferentFilters, errorMessageType=, standardVisitorBadgeStr=, filters=accountId=0012E00002dzuIMQAY&interconnectionPortStatus=Pre-Wired, visitorEmail=, legalEntityKey=, visitorLastName=, PermissionGroupIDForprivileges=, site=, escortLastName=, assetName=, locations=, location=, packageCount=, asset=, category=, visitorHostLastName=}</td>
<td><div><pre>java.lang.AssertionError: expected [true] but found [false]
	at org.testng.Assert.fail(Assert.java:99)
	at org.testng.Assert.failNotEquals(Assert.java:1037)
	at org.testng.Assert.assertTrue(Assert.java:45)
	at org.testng.Assert.assertTrue(Assert.java:55)
	at com.gapi.testCases.GetCrossConnectDetails.verifyCrossConnectDetailsUsingDifferentFilters(GetCrossConnectDetails.java:113)
	at java.base/jdk.internal.reflect.NativeMethodAccessorImpl.invoke0(Native Method)
	at java.base/jdk.internal.reflect.NativeMethodAccessorImpl.invoke(NativeMethodAccessorImpl.java:77)
	at java.base/jdk.internal.reflect.DelegatingMethodAccessorImpl.invoke(DelegatingMethodAccessorImpl.java:43)
	at java.base/java.lang.reflect.Method.invoke(Method.java:568)
	at org.testng.internal.MethodInvocationHelper.invokeMethod(MethodInvocationHelper.java:133)
	at org.testng.internal.TestInvoker.invokeMethod(TestInvoker.java:598)
	at org.testng.internal.TestInvoker.invokeTestMethod(TestInvoker.java:173)
	at org.testng.internal.MethodRunner.runInSequence(MethodRunner.java:46)
	at org.testng.internal.TestInvoker$MethodInvocationAgent.invoke(TestInvoker.java:824)
	at org.testng.internal.TestInvoker.invokeTestMethods(TestInvoker.java:146)
	at org.testng.internal.TestMethodWorker.invokeTestMethods(TestMethodWorker.java:146)
	at org.testng.internal.TestMethodWorker.run(TestMethodWorker.java:128)
	at java.base/java.util.ArrayList.forEach(ArrayList.java:1511)
	at org.testng.TestRunner.privateRun(TestRunner.java:794)
	at org.testng.TestRunner.run(TestRunner.java:596)
	at org.testng.SuiteRunner.runTest(SuiteRunner.java:377)
	at org.testng.SuiteRunner.runSequentially(SuiteRunner.java:371)
	at org.testng.SuiteRunner.privateRun(SuiteRunner.java:332)
	at org.testng.SuiteRunner.run(SuiteRunner.java:276)
	at org.testng.SuiteRunnerWorker.runSuite(SuiteRunnerWorker.java:53)
	at org.testng.SuiteRunnerWorker.run(SuiteRunnerWorker.java:96)
	at org.testng.TestNG.runSuitesSequentially(TestNG.java:1212)
	at org.testng.TestNG.runSuitesLocally(TestNG.java:1134)
	at org.testng.TestNG.runSuites(TestNG.java:1063)
	at org.testng.TestNG.run(TestNG.java:1031)
	at org.testng.remote.AbstractRemoteTestNG.run(AbstractRemoteTestNG.java:115)
	at org.testng.remote.RemoteTestNG.initAndRun(RemoteTestNG.java:251)
	at org.testng.remote.RemoteTestNG.main(RemoteTestNG.java:77)
</pre></div><a href='#' onClick='toggleBox("stack-trace2014481872", this, "Click to show all stack frames", "Click to hide stack frames")'>Click to show all stack frames</a>
<div class='stack-trace' id='stack-trace2014481872'><pre>java.lang.AssertionError: expected [true] but found [false]
	at org.testng.Assert.fail(Assert.java:99)
	at org.testng.Assert.failNotEquals(Assert.java:1037)
	at org.testng.Assert.assertTrue(Assert.java:45)
	at org.testng.Assert.assertTrue(Assert.java:55)
	at com.gapi.testCases.GetCrossConnectDetails.verifyCrossConnectDetailsUsingDifferentFilters(GetCrossConnectDetails.java:113)
	at java.base/jdk.internal.reflect.NativeMethodAccessorImpl.invoke0(Native Method)
	at java.base/jdk.internal.reflect.NativeMethodAccessorImpl.invoke(NativeMethodAccessorImpl.java:77)
	at java.base/jdk.internal.reflect.DelegatingMethodAccessorImpl.invoke(DelegatingMethodAccessorImpl.java:43)
	at java.base/java.lang.reflect.Method.invoke(Method.java:568)
	at org.testng.internal.MethodInvocationHelper.invokeMethod(MethodInvocationHelper.java:133)
	at org.testng.internal.TestInvoker.invokeMethod(TestInvoker.java:598)
	at org.testng.internal.TestInvoker.invokeTestMethod(TestInvoker.java:173)
	at org.testng.internal.MethodRunner.runInSequence(MethodRunner.java:46)
	at org.testng.internal.TestInvoker$MethodInvocationAgent.invoke(TestInvoker.java:824)
	at org.testng.internal.TestInvoker.invokeTestMethods(TestInvoker.java:146)
	at org.testng.internal.TestMethodWorker.invokeTestMethods(TestMethodWorker.java:146)
	at org.testng.internal.TestMethodWorker.run(TestMethodWorker.java:128)
	at java.base/java.util.ArrayList.forEach(ArrayList.java:1511)
	at org.testng.TestRunner.privateRun(TestRunner.java:794)
	at org.testng.TestRunner.run(TestRunner.java:596)
	at org.testng.SuiteRunner.runTest(SuiteRunner.java:377)
	at org.testng.SuiteRunner.runSequentially(SuiteRunner.java:371)
	at org.testng.SuiteRunner.privateRun(SuiteRunner.java:332)
	at org.testng.SuiteRunner.run(SuiteRunner.java:276)
	at org.testng.SuiteRunnerWorker.runSuite(SuiteRunnerWorker.java:53)
	at org.testng.SuiteRunnerWorker.run(SuiteRunnerWorker.java:96)
	at org.testng.TestNG.runSuitesSequentially(TestNG.java:1212)
	at org.testng.TestNG.runSuitesLocally(TestNG.java:1134)
	at org.testng.TestNG.runSuites(TestNG.java:1063)
	at org.testng.TestNG.run(TestNG.java:1031)
	at org.testng.remote.AbstractRemoteTestNG.run(AbstractRemoteTestNG.java:115)
	at org.testng.remote.RemoteTestNG.initAndRun(RemoteTestNG.java:251)
	at org.testng.remote.RemoteTestNG.main(RemoteTestNG.java:77)
</pre></div></td>
<td>2</td>
<td>com.gapi.testCases.GetCrossConnectDetails@7dc3712</td></tr>
<tr>
<td title='com.gapi.testCases.GetCrossConnectDetails.verifyCrossConnectDetailsUsingDifferentFilters()'><b>verifyCrossConnectDetailsUsingDifferentFilters</b><br>Test class: com.gapi.testCases.GetCrossConnectDetails<br>Parameters: {emailNotifications=, serviceType=, permissionId=, notes=, isExtendedVisitorBadge=, visitorType=, isBulkRequest=, contactType=, TestCaseName=Retrieve the Cross Connect Details by valid Limit & Offset values, search_query=, serviceImpactedDescription=, yardi_id=, deleteFlag=, customerReference=, action=, details=, ExpectedStatusMessage=OK, visitorPhone=, trackingNumber=, extendedVisitorBadgeStr=, permissionGroupId=, assetId2=, billingAccountNumber=, assetId1=, assetId4=, accessEndDate=, assetId3=, report_type=, estimatedDeliveryDate=, firstName=, phone=, courier=, visitorHostFirstName=, user_id=, name=, notificationRecipients=, position=, page=, serviceImpact=, escortFirstName=, visitorBadgeStartDate=, globalUltimateKey=, lastName=, code=, role=, accountName=, referenceTicket=, accessStartDate=, description=, permissionGroups=, workDescription=, executionFlag=Y, title=, visitorHostCompany=, visitorBadgeEndDate=, assetId=, company=, detailedInstruction=, cancelReason=, email=, visitorFirstName=, isLoadingBayRequired=, customerExternalReference=, comments=, requestType=, expectedStatusCode=200, ci=, readFlag=, errorMessage=, methodName=verifyCrossConnectDetailsUsingDifferentFilters, errorMessageType=, standardVisitorBadgeStr=, filters=accountId=0012E00002dzuIMQAY, visitorEmail=, legalEntityKey=, visitorLastName=, PermissionGroupIDForprivileges=, site=, escortLastName=, assetName=, locations=, location=, packageCount=, asset=, category=, visitorHostLastName=}</td>
<td><div><pre>java.lang.AssertionError: expected [true] but found [false]
	at org.testng.Assert.fail(Assert.java:99)
	at org.testng.Assert.failNotEquals(Assert.java:1037)
	at org.testng.Assert.assertTrue(Assert.java:45)
	at org.testng.Assert.assertTrue(Assert.java:55)
	at com.gapi.testCases.GetCrossConnectDetails.verifyCrossConnectDetailsUsingDifferentFilters(GetCrossConnectDetails.java:113)
	at java.base/jdk.internal.reflect.NativeMethodAccessorImpl.invoke0(Native Method)
	at java.base/jdk.internal.reflect.NativeMethodAccessorImpl.invoke(NativeMethodAccessorImpl.java:77)
	at java.base/jdk.internal.reflect.DelegatingMethodAccessorImpl.invoke(DelegatingMethodAccessorImpl.java:43)
	at java.base/java.lang.reflect.Method.invoke(Method.java:568)
	at org.testng.internal.MethodInvocationHelper.invokeMethod(MethodInvocationHelper.java:133)
	at org.testng.internal.TestInvoker.invokeMethod(TestInvoker.java:598)
	at org.testng.internal.TestInvoker.invokeTestMethod(TestInvoker.java:173)
	at org.testng.internal.MethodRunner.runInSequence(MethodRunner.java:46)
	at org.testng.internal.TestInvoker$MethodInvocationAgent.invoke(TestInvoker.java:824)
	at org.testng.internal.TestInvoker.invokeTestMethods(TestInvoker.java:146)
	at org.testng.internal.TestMethodWorker.invokeTestMethods(TestMethodWorker.java:146)
	at org.testng.internal.TestMethodWorker.run(TestMethodWorker.java:128)
	at java.base/java.util.ArrayList.forEach(ArrayList.java:1511)
	at org.testng.TestRunner.privateRun(TestRunner.java:794)
	at org.testng.TestRunner.run(TestRunner.java:596)
	at org.testng.SuiteRunner.runTest(SuiteRunner.java:377)
	at org.testng.SuiteRunner.runSequentially(SuiteRunner.java:371)
	at org.testng.SuiteRunner.privateRun(SuiteRunner.java:332)
	at org.testng.SuiteRunner.run(SuiteRunner.java:276)
	at org.testng.SuiteRunnerWorker.runSuite(SuiteRunnerWorker.java:53)
	at org.testng.SuiteRunnerWorker.run(SuiteRunnerWorker.java:96)
	at org.testng.TestNG.runSuitesSequentially(TestNG.java:1212)
	at org.testng.TestNG.runSuitesLocally(TestNG.java:1134)
	at org.testng.TestNG.runSuites(TestNG.java:1063)
	at org.testng.TestNG.run(TestNG.java:1031)
	at org.testng.remote.AbstractRemoteTestNG.run(AbstractRemoteTestNG.java:115)
	at org.testng.remote.RemoteTestNG.initAndRun(RemoteTestNG.java:251)
	at org.testng.remote.RemoteTestNG.main(RemoteTestNG.java:77)
</pre></div><a href='#' onClick='toggleBox("stack-trace1530353140", this, "Click to show all stack frames", "Click to hide stack frames")'>Click to show all stack frames</a>
<div class='stack-trace' id='stack-trace1530353140'><pre>java.lang.AssertionError: expected [true] but found [false]
	at org.testng.Assert.fail(Assert.java:99)
	at org.testng.Assert.failNotEquals(Assert.java:1037)
	at org.testng.Assert.assertTrue(Assert.java:45)
	at org.testng.Assert.assertTrue(Assert.java:55)
	at com.gapi.testCases.GetCrossConnectDetails.verifyCrossConnectDetailsUsingDifferentFilters(GetCrossConnectDetails.java:113)
	at java.base/jdk.internal.reflect.NativeMethodAccessorImpl.invoke0(Native Method)
	at java.base/jdk.internal.reflect.NativeMethodAccessorImpl.invoke(NativeMethodAccessorImpl.java:77)
	at java.base/jdk.internal.reflect.DelegatingMethodAccessorImpl.invoke(DelegatingMethodAccessorImpl.java:43)
	at java.base/java.lang.reflect.Method.invoke(Method.java:568)
	at org.testng.internal.MethodInvocationHelper.invokeMethod(MethodInvocationHelper.java:133)
	at org.testng.internal.TestInvoker.invokeMethod(TestInvoker.java:598)
	at org.testng.internal.TestInvoker.invokeTestMethod(TestInvoker.java:173)
	at org.testng.internal.MethodRunner.runInSequence(MethodRunner.java:46)
	at org.testng.internal.TestInvoker$MethodInvocationAgent.invoke(TestInvoker.java:824)
	at org.testng.internal.TestInvoker.invokeTestMethods(TestInvoker.java:146)
	at org.testng.internal.TestMethodWorker.invokeTestMethods(TestMethodWorker.java:146)
	at org.testng.internal.TestMethodWorker.run(TestMethodWorker.java:128)
	at java.base/java.util.ArrayList.forEach(ArrayList.java:1511)
	at org.testng.TestRunner.privateRun(TestRunner.java:794)
	at org.testng.TestRunner.run(TestRunner.java:596)
	at org.testng.SuiteRunner.runTest(SuiteRunner.java:377)
	at org.testng.SuiteRunner.runSequentially(SuiteRunner.java:371)
	at org.testng.SuiteRunner.privateRun(SuiteRunner.java:332)
	at org.testng.SuiteRunner.run(SuiteRunner.java:276)
	at org.testng.SuiteRunnerWorker.runSuite(SuiteRunnerWorker.java:53)
	at org.testng.SuiteRunnerWorker.run(SuiteRunnerWorker.java:96)
	at org.testng.TestNG.runSuitesSequentially(TestNG.java:1212)
	at org.testng.TestNG.runSuitesLocally(TestNG.java:1134)
	at org.testng.TestNG.runSuites(TestNG.java:1063)
	at org.testng.TestNG.run(TestNG.java:1031)
	at org.testng.remote.AbstractRemoteTestNG.run(AbstractRemoteTestNG.java:115)
	at org.testng.remote.RemoteTestNG.initAndRun(RemoteTestNG.java:251)
	at org.testng.remote.RemoteTestNG.main(RemoteTestNG.java:77)
</pre></div></td>
<td>2</td>
<td>com.gapi.testCases.GetCrossConnectDetails@7dc3712</td></tr>
<tr>
<td title='com.gapi.testCases.GetCrossConnectDetails.verifyGetCrossConnectDetailsWithNonIntegerLimitValues()'><b>verifyGetCrossConnectDetailsWithNonIntegerLimitValues</b><br>Test class: com.gapi.testCases.GetCrossConnectDetails<br>Parameters: {emailNotifications=, serviceType=, permissionId=, notes=, isExtendedVisitorBadge=, visitorType=, isBulkRequest=, contactType=, TestCaseName=Retreive the cross connect details byÂ  providing the Non-Interger Limit values, search_query=, serviceImpactedDescription=, yardi_id=, deleteFlag=, customerReference=, action=, details=, ExpectedStatusMessage=, visitorPhone=, trackingNumber=, extendedVisitorBadgeStr=, permissionGroupId=, assetId2=, billingAccountNumber=, assetId1=, assetId4=, accessEndDate=, assetId3=, report_type=, estimatedDeliveryDate=, firstName=, phone=, courier=, visitorHostFirstName=, user_id=, name=, notificationRecipients=, position=, page=, serviceImpact=, escortFirstName=, visitorBadgeStartDate=, globalUltimateKey=, lastName=, code=, role=, accountName=, referenceTicket=, accessStartDate=, description=, permissionGroups=, workDescription=, executionFlag=Y, title=, visitorHostCompany=, visitorBadgeEndDate=, assetId=, company=, detailedInstruction=, cancelReason=, email=, visitorFirstName=, isLoadingBayRequired=, customerExternalReference=, comments=, requestType=, expectedStatusCode=, ci=, readFlag=, errorMessage=, methodName=verifyGetCrossConnectDetailsWithNonIntegerLimitValues, errorMessageType=, standardVisitorBadgeStr=, filters=accountId=0012E00002dzuIMQAY&limit=abc, visitorEmail=, legalEntityKey=, visitorLastName=, PermissionGroupIDForprivileges=, site=, escortLastName=, assetName=, locations=, location=, packageCount=, asset=, category=, visitorHostLastName=}</td>
<td><div><pre>java.lang.AssertionError: expected [Query parameter &apos;limit&apos; has to be formatted as &apos;integer&apos;.] but found [Bad request was submitted.]
	at org.testng.Assert.fail(Assert.java:99)
	at org.testng.Assert.failNotEquals(Assert.java:1037)
	at org.testng.Assert.assertEqualsImpl(Assert.java:140)
	at org.testng.Assert.assertEquals(Assert.java:122)
	at org.testng.Assert.assertEquals(Assert.java:629)
	at org.testng.Assert.assertEquals(Assert.java:639)
	at com.gapi.utilities.TestUtilities.verifyErrorResponseMessage(TestUtilities.java:556)
	at com.gapi.testCases.GetCrossConnectDetails.verifyGetCrossConnectDetailsWithNonIntegerLimitValues(GetCrossConnectDetails.java:368)
	at java.base/jdk.internal.reflect.NativeMethodAccessorImpl.invoke0(Native Method)
	at java.base/jdk.internal.reflect.NativeMethodAccessorImpl.invoke(NativeMethodAccessorImpl.java:77)
	at java.base/jdk.internal.reflect.DelegatingMethodAccessorImpl.invoke(DelegatingMethodAccessorImpl.java:43)
	at java.base/java.lang.reflect.Method.invoke(Method.java:568)
	at org.testng.internal.MethodInvocationHelper.invokeMethod(MethodInvocationHelper.java:133)
	at org.testng.internal.TestInvoker.invokeMethod(TestInvoker.java:598)
	at org.testng.internal.TestInvoker.invokeTestMethod(TestInvoker.java:173)
	at org.testng.internal.MethodRunner.runInSequence(MethodRunner.java:46)
	at org.testng.internal.TestInvoker$MethodInvocationAgent.invoke(TestInvoker.java:824)
	at org.testng.internal.TestInvoker.invokeTestMethods(TestInvoker.java:146)
	at org.testng.internal.TestMethodWorker.invokeTestMethods(TestMethodWorker.java:146)
	at org.testng.internal.TestMethodWorker.run(TestMethodWorker.java:128)
	at java.base/java.util.ArrayList.forEach(ArrayList.java:1511)
	at org.testng.TestRunner.privateRun(TestRunner.java:794)
	at org.testng.TestRunner.run(TestRunner.java:596)
	at org.testng.SuiteRunner.runTest(SuiteRunner.java:377)
	at org.testng.SuiteRunner.runSequentially(SuiteRunner.java:371)
	at org.testng.SuiteRunner.privateRun(SuiteRunner.java:332)
	at org.testng.SuiteRunner.run(SuiteRunner.java:276)
	at org.testng.SuiteRunnerWorker.runSuite(SuiteRunnerWorker.java:53)
	at org.testng.SuiteRunnerWorker.run(SuiteRunnerWorker.java:96)
	at org.testng.TestNG.runSuitesSequentially(TestNG.java:1212)
	at org.testng.TestNG.runSuitesLocally(TestNG.java:1134)
	at org.testng.TestNG.runSuites(TestNG.java:1063)
	at org.testng.TestNG.run(TestNG.java:1031)
	at org.testng.remote.AbstractRemoteTestNG.run(AbstractRemoteTestNG.java:115)
	at org.testng.remote.RemoteTestNG.initAndRun(RemoteTestNG.java:251)
	at org.testng.remote.RemoteTestNG.main(RemoteTestNG.java:77)
</pre></div><a href='#' onClick='toggleBox("stack-trace1877732417", this, "Click to show all stack frames", "Click to hide stack frames")'>Click to show all stack frames</a>
<div class='stack-trace' id='stack-trace1877732417'><pre>java.lang.AssertionError: expected [Query parameter &apos;limit&apos; has to be formatted as &apos;integer&apos;.] but found [Bad request was submitted.]
	at org.testng.Assert.fail(Assert.java:99)
	at org.testng.Assert.failNotEquals(Assert.java:1037)
	at org.testng.Assert.assertEqualsImpl(Assert.java:140)
	at org.testng.Assert.assertEquals(Assert.java:122)
	at org.testng.Assert.assertEquals(Assert.java:629)
	at org.testng.Assert.assertEquals(Assert.java:639)
	at com.gapi.utilities.TestUtilities.verifyErrorResponseMessage(TestUtilities.java:556)
	at com.gapi.testCases.GetCrossConnectDetails.verifyGetCrossConnectDetailsWithNonIntegerLimitValues(GetCrossConnectDetails.java:368)
	at java.base/jdk.internal.reflect.NativeMethodAccessorImpl.invoke0(Native Method)
	at java.base/jdk.internal.reflect.NativeMethodAccessorImpl.invoke(NativeMethodAccessorImpl.java:77)
	at java.base/jdk.internal.reflect.DelegatingMethodAccessorImpl.invoke(DelegatingMethodAccessorImpl.java:43)
	at java.base/java.lang.reflect.Method.invoke(Method.java:568)
	at org.testng.internal.MethodInvocationHelper.invokeMethod(MethodInvocationHelper.java:133)
	at org.testng.internal.TestInvoker.invokeMethod(TestInvoker.java:598)
	at org.testng.internal.TestInvoker.invokeTestMethod(TestInvoker.java:173)
	at org.testng.internal.MethodRunner.runInSequence(MethodRunner.java:46)
	at org.testng.internal.TestInvoker$MethodInvocationAgent.invoke(TestInvoker.java:824)
	at org.testng.internal.TestInvoker.invokeTestMethods(TestInvoker.java:146)
	at org.testng.internal.TestMethodWorker.invokeTestMethods(TestMethodWorker.java:146)
	at org.testng.internal.TestMethodWorker.run(TestMethodWorker.java:128)
	at java.base/java.util.ArrayList.forEach(ArrayList.java:1511)
	at org.testng.TestRunner.privateRun(TestRunner.java:794)
	at org.testng.TestRunner.run(TestRunner.java:596)
	at org.testng.SuiteRunner.runTest(SuiteRunner.java:377)
	at org.testng.SuiteRunner.runSequentially(SuiteRunner.java:371)
	at org.testng.SuiteRunner.privateRun(SuiteRunner.java:332)
	at org.testng.SuiteRunner.run(SuiteRunner.java:276)
	at org.testng.SuiteRunnerWorker.runSuite(SuiteRunnerWorker.java:53)
	at org.testng.SuiteRunnerWorker.run(SuiteRunnerWorker.java:96)
	at org.testng.TestNG.runSuitesSequentially(TestNG.java:1212)
	at org.testng.TestNG.runSuitesLocally(TestNG.java:1134)
	at org.testng.TestNG.runSuites(TestNG.java:1063)
	at org.testng.TestNG.run(TestNG.java:1031)
	at org.testng.remote.AbstractRemoteTestNG.run(AbstractRemoteTestNG.java:115)
	at org.testng.remote.RemoteTestNG.initAndRun(RemoteTestNG.java:251)
	at org.testng.remote.RemoteTestNG.main(RemoteTestNG.java:77)
</pre></div></td>
<td>0</td>
<td>com.gapi.testCases.GetCrossConnectDetails@7dc3712</td></tr>
<tr>
<td title='com.gapi.testCases.GetCrossConnectDetails.verifyCrossConnectDetailsUsingDifferentFilters()'><b>verifyCrossConnectDetailsUsingDifferentFilters</b><br>Test class: com.gapi.testCases.GetCrossConnectDetails<br>Parameters: {emailNotifications=, serviceType=, permissionId=, notes=, isExtendedVisitorBadge=, visitorType=, isBulkRequest=, contactType=, TestCaseName=Retrieve the Cross Connect details by exceeds the Max Limit value(Max limit=1000), search_query=, serviceImpactedDescription=, yardi_id=, deleteFlag=, customerReference=, action=, details=, ExpectedStatusMessage=OK, visitorPhone=, trackingNumber=, extendedVisitorBadgeStr=, permissionGroupId=, assetId2=, billingAccountNumber=, assetId1=, assetId4=, accessEndDate=, assetId3=, report_type=, estimatedDeliveryDate=, firstName=, phone=, courier=, visitorHostFirstName=, user_id=, name=, notificationRecipients=, position=, page=, serviceImpact=, escortFirstName=, visitorBadgeStartDate=, globalUltimateKey=, lastName=, code=, role=, accountName=, referenceTicket=, accessStartDate=, description=, permissionGroups=, workDescription=, executionFlag=Y, title=, visitorHostCompany=, visitorBadgeEndDate=, assetId=, company=, detailedInstruction=, cancelReason=, email=, visitorFirstName=, isLoadingBayRequired=, customerExternalReference=, comments=, requestType=, expectedStatusCode=200, ci=, readFlag=, errorMessage=, methodName=verifyCrossConnectDetailsUsingDifferentFilters, errorMessageType=, standardVisitorBadgeStr=, filters=accountId=0012E00002dzuIMQAY&limit=3000, visitorEmail=, legalEntityKey=, visitorLastName=, PermissionGroupIDForprivileges=, site=, escortLastName=, assetName=, locations=, location=, packageCount=, asset=, category=, visitorHostLastName=}</td>
<td><div><pre>java.lang.AssertionError: expected [200] but found [400]
	at org.testng.Assert.fail(Assert.java:99)
	at org.testng.Assert.failNotEquals(Assert.java:1037)
	at org.testng.Assert.assertEqualsImpl(Assert.java:140)
	at org.testng.Assert.assertEquals(Assert.java:122)
	at org.testng.Assert.assertEquals(Assert.java:629)
	at org.testng.Assert.assertEquals(Assert.java:639)
	at com.gapi.testCases.GetCrossConnectDetails.verifyCrossConnectDetailsUsingDifferentFilters(GetCrossConnectDetails.java:56)
	at java.base/jdk.internal.reflect.NativeMethodAccessorImpl.invoke0(Native Method)
	at java.base/jdk.internal.reflect.NativeMethodAccessorImpl.invoke(NativeMethodAccessorImpl.java:77)
	at java.base/jdk.internal.reflect.DelegatingMethodAccessorImpl.invoke(DelegatingMethodAccessorImpl.java:43)
	at java.base/java.lang.reflect.Method.invoke(Method.java:568)
	at org.testng.internal.MethodInvocationHelper.invokeMethod(MethodInvocationHelper.java:133)
	at org.testng.internal.TestInvoker.invokeMethod(TestInvoker.java:598)
	at org.testng.internal.TestInvoker.invokeTestMethod(TestInvoker.java:173)
	at org.testng.internal.MethodRunner.runInSequence(MethodRunner.java:46)
	at org.testng.internal.TestInvoker$MethodInvocationAgent.invoke(TestInvoker.java:824)
	at org.testng.internal.TestInvoker.invokeTestMethods(TestInvoker.java:146)
	at org.testng.internal.TestMethodWorker.invokeTestMethods(TestMethodWorker.java:146)
	at org.testng.internal.TestMethodWorker.run(TestMethodWorker.java:128)
	at java.base/java.util.ArrayList.forEach(ArrayList.java:1511)
	at org.testng.TestRunner.privateRun(TestRunner.java:794)
	at org.testng.TestRunner.run(TestRunner.java:596)
	at org.testng.SuiteRunner.runTest(SuiteRunner.java:377)
	at org.testng.SuiteRunner.runSequentially(SuiteRunner.java:371)
	at org.testng.SuiteRunner.privateRun(SuiteRunner.java:332)
	at org.testng.SuiteRunner.run(SuiteRunner.java:276)
	at org.testng.SuiteRunnerWorker.runSuite(SuiteRunnerWorker.java:53)
	at org.testng.SuiteRunnerWorker.run(SuiteRunnerWorker.java:96)
	at org.testng.TestNG.runSuitesSequentially(TestNG.java:1212)
	at org.testng.TestNG.runSuitesLocally(TestNG.java:1134)
	at org.testng.TestNG.runSuites(TestNG.java:1063)
	at org.testng.TestNG.run(TestNG.java:1031)
	at org.testng.remote.AbstractRemoteTestNG.run(AbstractRemoteTestNG.java:115)
	at org.testng.remote.RemoteTestNG.initAndRun(RemoteTestNG.java:251)
	at org.testng.remote.RemoteTestNG.main(RemoteTestNG.java:77)
</pre></div><a href='#' onClick='toggleBox("stack-trace2111019038", this, "Click to show all stack frames", "Click to hide stack frames")'>Click to show all stack frames</a>
<div class='stack-trace' id='stack-trace2111019038'><pre>java.lang.AssertionError: expected [200] but found [400]
	at org.testng.Assert.fail(Assert.java:99)
	at org.testng.Assert.failNotEquals(Assert.java:1037)
	at org.testng.Assert.assertEqualsImpl(Assert.java:140)
	at org.testng.Assert.assertEquals(Assert.java:122)
	at org.testng.Assert.assertEquals(Assert.java:629)
	at org.testng.Assert.assertEquals(Assert.java:639)
	at com.gapi.testCases.GetCrossConnectDetails.verifyCrossConnectDetailsUsingDifferentFilters(GetCrossConnectDetails.java:56)
	at java.base/jdk.internal.reflect.NativeMethodAccessorImpl.invoke0(Native Method)
	at java.base/jdk.internal.reflect.NativeMethodAccessorImpl.invoke(NativeMethodAccessorImpl.java:77)
	at java.base/jdk.internal.reflect.DelegatingMethodAccessorImpl.invoke(DelegatingMethodAccessorImpl.java:43)
	at java.base/java.lang.reflect.Method.invoke(Method.java:568)
	at org.testng.internal.MethodInvocationHelper.invokeMethod(MethodInvocationHelper.java:133)
	at org.testng.internal.TestInvoker.invokeMethod(TestInvoker.java:598)
	at org.testng.internal.TestInvoker.invokeTestMethod(TestInvoker.java:173)
	at org.testng.internal.MethodRunner.runInSequence(MethodRunner.java:46)
	at org.testng.internal.TestInvoker$MethodInvocationAgent.invoke(TestInvoker.java:824)
	at org.testng.internal.TestInvoker.invokeTestMethods(TestInvoker.java:146)
	at org.testng.internal.TestMethodWorker.invokeTestMethods(TestMethodWorker.java:146)
	at org.testng.internal.TestMethodWorker.run(TestMethodWorker.java:128)
	at java.base/java.util.ArrayList.forEach(ArrayList.java:1511)
	at org.testng.TestRunner.privateRun(TestRunner.java:794)
	at org.testng.TestRunner.run(TestRunner.java:596)
	at org.testng.SuiteRunner.runTest(SuiteRunner.java:377)
	at org.testng.SuiteRunner.runSequentially(SuiteRunner.java:371)
	at org.testng.SuiteRunner.privateRun(SuiteRunner.java:332)
	at org.testng.SuiteRunner.run(SuiteRunner.java:276)
	at org.testng.SuiteRunnerWorker.runSuite(SuiteRunnerWorker.java:53)
	at org.testng.SuiteRunnerWorker.run(SuiteRunnerWorker.java:96)
	at org.testng.TestNG.runSuitesSequentially(TestNG.java:1212)
	at org.testng.TestNG.runSuitesLocally(TestNG.java:1134)
	at org.testng.TestNG.runSuites(TestNG.java:1063)
	at org.testng.TestNG.run(TestNG.java:1031)
	at org.testng.remote.AbstractRemoteTestNG.run(AbstractRemoteTestNG.java:115)
	at org.testng.remote.RemoteTestNG.initAndRun(RemoteTestNG.java:251)
	at org.testng.remote.RemoteTestNG.main(RemoteTestNG.java:77)
</pre></div></td>
<td>0</td>
<td>com.gapi.testCases.GetCrossConnectDetails@7dc3712</td></tr>
<tr>
<td title='com.gapi.testCases.GetCrossConnectDetails.verifyCrossConnectDetailsUsingDifferentFilters()'><b>verifyCrossConnectDetailsUsingDifferentFilters</b><br>Test class: com.gapi.testCases.GetCrossConnectDetails<br>Parameters: {emailNotifications=, serviceType=, permissionId=, notes=, isExtendedVisitorBadge=, visitorType=, isBulkRequest=, contactType=, TestCaseName=Retrieve Cross Connet Requests by Interconnection PortStatus -In-Service, search_query=, serviceImpactedDescription=, yardi_id=, deleteFlag=, customerReference=, action=, details=, ExpectedStatusMessage=OK, visitorPhone=, trackingNumber=, extendedVisitorBadgeStr=, permissionGroupId=, assetId2=, billingAccountNumber=, assetId1=, assetId4=, accessEndDate=, assetId3=, report_type=, estimatedDeliveryDate=, firstName=, phone=, courier=, visitorHostFirstName=, user_id=, name=, notificationRecipients=, position=, page=, serviceImpact=, escortFirstName=, visitorBadgeStartDate=, globalUltimateKey=, lastName=, code=, role=, accountName=, referenceTicket=, accessStartDate=, description=, permissionGroups=, workDescription=, executionFlag=Y, title=, visitorHostCompany=, visitorBadgeEndDate=, assetId=, company=, detailedInstruction=, cancelReason=, email=, visitorFirstName=, isLoadingBayRequired=, customerExternalReference=, comments=, requestType=, expectedStatusCode=200, ci=, readFlag=, errorMessage=, methodName=verifyCrossConnectDetailsUsingDifferentFilters, errorMessageType=, standardVisitorBadgeStr=, filters=accountId=0012E00002dzuIMQAY&interconnectionPortStatus=In-Service, visitorEmail=, legalEntityKey=, visitorLastName=, PermissionGroupIDForprivileges=, site=, escortLastName=, assetName=, locations=, location=, packageCount=, asset=, category=, visitorHostLastName=}</td>
<td><div><pre>java.lang.AssertionError: expected [true] but found [false]
	at org.testng.Assert.fail(Assert.java:99)
	at org.testng.Assert.failNotEquals(Assert.java:1037)
	at org.testng.Assert.assertTrue(Assert.java:45)
	at org.testng.Assert.assertTrue(Assert.java:55)
	at com.gapi.testCases.GetCrossConnectDetails.verifyCrossConnectDetailsUsingDifferentFilters(GetCrossConnectDetails.java:113)
	at java.base/jdk.internal.reflect.NativeMethodAccessorImpl.invoke0(Native Method)
	at java.base/jdk.internal.reflect.NativeMethodAccessorImpl.invoke(NativeMethodAccessorImpl.java:77)
	at java.base/jdk.internal.reflect.DelegatingMethodAccessorImpl.invoke(DelegatingMethodAccessorImpl.java:43)
	at java.base/java.lang.reflect.Method.invoke(Method.java:568)
	at org.testng.internal.MethodInvocationHelper.invokeMethod(MethodInvocationHelper.java:133)
	at org.testng.internal.TestInvoker.invokeMethod(TestInvoker.java:598)
	at org.testng.internal.TestInvoker.invokeTestMethod(TestInvoker.java:173)
	at org.testng.internal.MethodRunner.runInSequence(MethodRunner.java:46)
	at org.testng.internal.TestInvoker$MethodInvocationAgent.invoke(TestInvoker.java:824)
	at org.testng.internal.TestInvoker.invokeTestMethods(TestInvoker.java:146)
	at org.testng.internal.TestMethodWorker.invokeTestMethods(TestMethodWorker.java:146)
	at org.testng.internal.TestMethodWorker.run(TestMethodWorker.java:128)
	at java.base/java.util.ArrayList.forEach(ArrayList.java:1511)
	at org.testng.TestRunner.privateRun(TestRunner.java:794)
	at org.testng.TestRunner.run(TestRunner.java:596)
	at org.testng.SuiteRunner.runTest(SuiteRunner.java:377)
	at org.testng.SuiteRunner.runSequentially(SuiteRunner.java:371)
	at org.testng.SuiteRunner.privateRun(SuiteRunner.java:332)
	at org.testng.SuiteRunner.run(SuiteRunner.java:276)
	at org.testng.SuiteRunnerWorker.runSuite(SuiteRunnerWorker.java:53)
	at org.testng.SuiteRunnerWorker.run(SuiteRunnerWorker.java:96)
	at org.testng.TestNG.runSuitesSequentially(TestNG.java:1212)
	at org.testng.TestNG.runSuitesLocally(TestNG.java:1134)
	at org.testng.TestNG.runSuites(TestNG.java:1063)
	at org.testng.TestNG.run(TestNG.java:1031)
	at org.testng.remote.AbstractRemoteTestNG.run(AbstractRemoteTestNG.java:115)
	at org.testng.remote.RemoteTestNG.initAndRun(RemoteTestNG.java:251)
	at org.testng.remote.RemoteTestNG.main(RemoteTestNG.java:77)
</pre></div><a href='#' onClick='toggleBox("stack-trace437306494", this, "Click to show all stack frames", "Click to hide stack frames")'>Click to show all stack frames</a>
<div class='stack-trace' id='stack-trace437306494'><pre>java.lang.AssertionError: expected [true] but found [false]
	at org.testng.Assert.fail(Assert.java:99)
	at org.testng.Assert.failNotEquals(Assert.java:1037)
	at org.testng.Assert.assertTrue(Assert.java:45)
	at org.testng.Assert.assertTrue(Assert.java:55)
	at com.gapi.testCases.GetCrossConnectDetails.verifyCrossConnectDetailsUsingDifferentFilters(GetCrossConnectDetails.java:113)
	at java.base/jdk.internal.reflect.NativeMethodAccessorImpl.invoke0(Native Method)
	at java.base/jdk.internal.reflect.NativeMethodAccessorImpl.invoke(NativeMethodAccessorImpl.java:77)
	at java.base/jdk.internal.reflect.DelegatingMethodAccessorImpl.invoke(DelegatingMethodAccessorImpl.java:43)
	at java.base/java.lang.reflect.Method.invoke(Method.java:568)
	at org.testng.internal.MethodInvocationHelper.invokeMethod(MethodInvocationHelper.java:133)
	at org.testng.internal.TestInvoker.invokeMethod(TestInvoker.java:598)
	at org.testng.internal.TestInvoker.invokeTestMethod(TestInvoker.java:173)
	at org.testng.internal.MethodRunner.runInSequence(MethodRunner.java:46)
	at org.testng.internal.TestInvoker$MethodInvocationAgent.invoke(TestInvoker.java:824)
	at org.testng.internal.TestInvoker.invokeTestMethods(TestInvoker.java:146)
	at org.testng.internal.TestMethodWorker.invokeTestMethods(TestMethodWorker.java:146)
	at org.testng.internal.TestMethodWorker.run(TestMethodWorker.java:128)
	at java.base/java.util.ArrayList.forEach(ArrayList.java:1511)
	at org.testng.TestRunner.privateRun(TestRunner.java:794)
	at org.testng.TestRunner.run(TestRunner.java:596)
	at org.testng.SuiteRunner.runTest(SuiteRunner.java:377)
	at org.testng.SuiteRunner.runSequentially(SuiteRunner.java:371)
	at org.testng.SuiteRunner.privateRun(SuiteRunner.java:332)
	at org.testng.SuiteRunner.run(SuiteRunner.java:276)
	at org.testng.SuiteRunnerWorker.runSuite(SuiteRunnerWorker.java:53)
	at org.testng.SuiteRunnerWorker.run(SuiteRunnerWorker.java:96)
	at org.testng.TestNG.runSuitesSequentially(TestNG.java:1212)
	at org.testng.TestNG.runSuitesLocally(TestNG.java:1134)
	at org.testng.TestNG.runSuites(TestNG.java:1063)
	at org.testng.TestNG.run(TestNG.java:1031)
	at org.testng.remote.AbstractRemoteTestNG.run(AbstractRemoteTestNG.java:115)
	at org.testng.remote.RemoteTestNG.initAndRun(RemoteTestNG.java:251)
	at org.testng.remote.RemoteTestNG.main(RemoteTestNG.java:77)
</pre></div></td>
<td>2</td>
<td>com.gapi.testCases.GetCrossConnectDetails@7dc3712</td></tr>
<tr>
<td title='com.gapi.testCases.GetCrossConnectDetails.verifyCrossConnectDetailsUsingDifferentFilters()'><b>verifyCrossConnectDetailsUsingDifferentFilters</b><br>Test class: com.gapi.testCases.GetCrossConnectDetails<br>Parameters: {emailNotifications=, serviceType=, permissionId=, notes=, isExtendedVisitorBadge=, visitorType=, isBulkRequest=, contactType=, TestCaseName=Retrieve Cross Connect Requests by Interconnection Port Status  -Available, search_query=, serviceImpactedDescription=, yardi_id=, deleteFlag=, customerReference=, action=, details=, ExpectedStatusMessage=OK, visitorPhone=, trackingNumber=, extendedVisitorBadgeStr=, permissionGroupId=, assetId2=, billingAccountNumber=, assetId1=, assetId4=, accessEndDate=, assetId3=, report_type=, estimatedDeliveryDate=, firstName=, phone=, courier=, visitorHostFirstName=, user_id=, name=, notificationRecipients=, position=, page=, serviceImpact=, escortFirstName=, visitorBadgeStartDate=, globalUltimateKey=, lastName=, code=, role=, accountName=, referenceTicket=, accessStartDate=, description=, permissionGroups=, workDescription=, executionFlag=Y, title=, visitorHostCompany=, visitorBadgeEndDate=, assetId=, company=, detailedInstruction=, cancelReason=, email=, visitorFirstName=, isLoadingBayRequired=, customerExternalReference=, comments=, requestType=, expectedStatusCode=200, ci=, readFlag=, errorMessage=, methodName=verifyCrossConnectDetailsUsingDifferentFilters, errorMessageType=, standardVisitorBadgeStr=, filters=accountId=0012E00002dzuIMQAY&interconnectionPortStatus=Available, visitorEmail=, legalEntityKey=, visitorLastName=, PermissionGroupIDForprivileges=, site=, escortLastName=, assetName=, locations=, location=, packageCount=, asset=, category=, visitorHostLastName=}</td>
<td><div><pre>java.lang.AssertionError: expected [true] but found [false]
	at org.testng.Assert.fail(Assert.java:99)
	at org.testng.Assert.failNotEquals(Assert.java:1037)
	at org.testng.Assert.assertTrue(Assert.java:45)
	at org.testng.Assert.assertTrue(Assert.java:55)
	at com.gapi.testCases.GetCrossConnectDetails.verifyCrossConnectDetailsUsingDifferentFilters(GetCrossConnectDetails.java:113)
	at java.base/jdk.internal.reflect.NativeMethodAccessorImpl.invoke0(Native Method)
	at java.base/jdk.internal.reflect.NativeMethodAccessorImpl.invoke(NativeMethodAccessorImpl.java:77)
	at java.base/jdk.internal.reflect.DelegatingMethodAccessorImpl.invoke(DelegatingMethodAccessorImpl.java:43)
	at java.base/java.lang.reflect.Method.invoke(Method.java:568)
	at org.testng.internal.MethodInvocationHelper.invokeMethod(MethodInvocationHelper.java:133)
	at org.testng.internal.TestInvoker.invokeMethod(TestInvoker.java:598)
	at org.testng.internal.TestInvoker.invokeTestMethod(TestInvoker.java:173)
	at org.testng.internal.MethodRunner.runInSequence(MethodRunner.java:46)
	at org.testng.internal.TestInvoker$MethodInvocationAgent.invoke(TestInvoker.java:824)
	at org.testng.internal.TestInvoker.invokeTestMethods(TestInvoker.java:146)
	at org.testng.internal.TestMethodWorker.invokeTestMethods(TestMethodWorker.java:146)
	at org.testng.internal.TestMethodWorker.run(TestMethodWorker.java:128)
	at java.base/java.util.ArrayList.forEach(ArrayList.java:1511)
	at org.testng.TestRunner.privateRun(TestRunner.java:794)
	at org.testng.TestRunner.run(TestRunner.java:596)
	at org.testng.SuiteRunner.runTest(SuiteRunner.java:377)
	at org.testng.SuiteRunner.runSequentially(SuiteRunner.java:371)
	at org.testng.SuiteRunner.privateRun(SuiteRunner.java:332)
	at org.testng.SuiteRunner.run(SuiteRunner.java:276)
	at org.testng.SuiteRunnerWorker.runSuite(SuiteRunnerWorker.java:53)
	at org.testng.SuiteRunnerWorker.run(SuiteRunnerWorker.java:96)
	at org.testng.TestNG.runSuitesSequentially(TestNG.java:1212)
	at org.testng.TestNG.runSuitesLocally(TestNG.java:1134)
	at org.testng.TestNG.runSuites(TestNG.java:1063)
	at org.testng.TestNG.run(TestNG.java:1031)
	at org.testng.remote.AbstractRemoteTestNG.run(AbstractRemoteTestNG.java:115)
	at org.testng.remote.RemoteTestNG.initAndRun(RemoteTestNG.java:251)
	at org.testng.remote.RemoteTestNG.main(RemoteTestNG.java:77)
</pre></div><a href='#' onClick='toggleBox("stack-trace1023620179", this, "Click to show all stack frames", "Click to hide stack frames")'>Click to show all stack frames</a>
<div class='stack-trace' id='stack-trace1023620179'><pre>java.lang.AssertionError: expected [true] but found [false]
	at org.testng.Assert.fail(Assert.java:99)
	at org.testng.Assert.failNotEquals(Assert.java:1037)
	at org.testng.Assert.assertTrue(Assert.java:45)
	at org.testng.Assert.assertTrue(Assert.java:55)
	at com.gapi.testCases.GetCrossConnectDetails.verifyCrossConnectDetailsUsingDifferentFilters(GetCrossConnectDetails.java:113)
	at java.base/jdk.internal.reflect.NativeMethodAccessorImpl.invoke0(Native Method)
	at java.base/jdk.internal.reflect.NativeMethodAccessorImpl.invoke(NativeMethodAccessorImpl.java:77)
	at java.base/jdk.internal.reflect.DelegatingMethodAccessorImpl.invoke(DelegatingMethodAccessorImpl.java:43)
	at java.base/java.lang.reflect.Method.invoke(Method.java:568)
	at org.testng.internal.MethodInvocationHelper.invokeMethod(MethodInvocationHelper.java:133)
	at org.testng.internal.TestInvoker.invokeMethod(TestInvoker.java:598)
	at org.testng.internal.TestInvoker.invokeTestMethod(TestInvoker.java:173)
	at org.testng.internal.MethodRunner.runInSequence(MethodRunner.java:46)
	at org.testng.internal.TestInvoker$MethodInvocationAgent.invoke(TestInvoker.java:824)
	at org.testng.internal.TestInvoker.invokeTestMethods(TestInvoker.java:146)
	at org.testng.internal.TestMethodWorker.invokeTestMethods(TestMethodWorker.java:146)
	at org.testng.internal.TestMethodWorker.run(TestMethodWorker.java:128)
	at java.base/java.util.ArrayList.forEach(ArrayList.java:1511)
	at org.testng.TestRunner.privateRun(TestRunner.java:794)
	at org.testng.TestRunner.run(TestRunner.java:596)
	at org.testng.SuiteRunner.runTest(SuiteRunner.java:377)
	at org.testng.SuiteRunner.runSequentially(SuiteRunner.java:371)
	at org.testng.SuiteRunner.privateRun(SuiteRunner.java:332)
	at org.testng.SuiteRunner.run(SuiteRunner.java:276)
	at org.testng.SuiteRunnerWorker.runSuite(SuiteRunnerWorker.java:53)
	at org.testng.SuiteRunnerWorker.run(SuiteRunnerWorker.java:96)
	at org.testng.TestNG.runSuitesSequentially(TestNG.java:1212)
	at org.testng.TestNG.runSuitesLocally(TestNG.java:1134)
	at org.testng.TestNG.runSuites(TestNG.java:1063)
	at org.testng.TestNG.run(TestNG.java:1031)
	at org.testng.remote.AbstractRemoteTestNG.run(AbstractRemoteTestNG.java:115)
	at org.testng.remote.RemoteTestNG.initAndRun(RemoteTestNG.java:251)
	at org.testng.remote.RemoteTestNG.main(RemoteTestNG.java:77)
</pre></div></td>
<td>3</td>
<td>com.gapi.testCases.GetCrossConnectDetails@7dc3712</td></tr>
<tr>
<td title='com.gapi.testCases.GetCrossConnectDetails.verifyCrossConnectDetailsUsingDifferentFilters()'><b>verifyCrossConnectDetailsUsingDifferentFilters</b><br>Test class: com.gapi.testCases.GetCrossConnectDetails<br>Parameters: {emailNotifications=, serviceType=, permissionId=, notes=, isExtendedVisitorBadge=, visitorType=, isBulkRequest=, contactType=, TestCaseName=Retreive the cross connect details by NOT providing the offset&Limit values, search_query=, serviceImpactedDescription=, yardi_id=, deleteFlag=, customerReference=, action=, details=, ExpectedStatusMessage=OK, visitorPhone=, trackingNumber=, extendedVisitorBadgeStr=, permissionGroupId=, assetId2=, billingAccountNumber=, assetId1=, assetId4=, accessEndDate=, assetId3=, report_type=, estimatedDeliveryDate=, firstName=, phone=, courier=, visitorHostFirstName=, user_id=, name=, notificationRecipients=, position=, page=, serviceImpact=, escortFirstName=, visitorBadgeStartDate=, globalUltimateKey=, lastName=, code=, role=, accountName=, referenceTicket=, accessStartDate=, description=, permissionGroups=, workDescription=, executionFlag=Y, title=, visitorHostCompany=, visitorBadgeEndDate=, assetId=, company=, detailedInstruction=, cancelReason=, email=, visitorFirstName=, isLoadingBayRequired=, customerExternalReference=, comments=, requestType=, expectedStatusCode=200, ci=, readFlag=, errorMessage=, methodName=verifyCrossConnectDetailsUsingDifferentFilters, errorMessageType=, standardVisitorBadgeStr=, filters=accountId=0012E00002dzuIMQAY, visitorEmail=, legalEntityKey=, visitorLastName=, PermissionGroupIDForprivileges=, site=, escortLastName=, assetName=, locations=, location=, packageCount=, asset=, category=, visitorHostLastName=}</td>
<td><div><pre>java.lang.AssertionError: expected [true] but found [false]
	at org.testng.Assert.fail(Assert.java:99)
	at org.testng.Assert.failNotEquals(Assert.java:1037)
	at org.testng.Assert.assertTrue(Assert.java:45)
	at org.testng.Assert.assertTrue(Assert.java:55)
	at com.gapi.testCases.GetCrossConnectDetails.verifyCrossConnectDetailsUsingDifferentFilters(GetCrossConnectDetails.java:113)
	at java.base/jdk.internal.reflect.NativeMethodAccessorImpl.invoke0(Native Method)
	at java.base/jdk.internal.reflect.NativeMethodAccessorImpl.invoke(NativeMethodAccessorImpl.java:77)
	at java.base/jdk.internal.reflect.DelegatingMethodAccessorImpl.invoke(DelegatingMethodAccessorImpl.java:43)
	at java.base/java.lang.reflect.Method.invoke(Method.java:568)
	at org.testng.internal.MethodInvocationHelper.invokeMethod(MethodInvocationHelper.java:133)
	at org.testng.internal.TestInvoker.invokeMethod(TestInvoker.java:598)
	at org.testng.internal.TestInvoker.invokeTestMethod(TestInvoker.java:173)
	at org.testng.internal.MethodRunner.runInSequence(MethodRunner.java:46)
	at org.testng.internal.TestInvoker$MethodInvocationAgent.invoke(TestInvoker.java:824)
	at org.testng.internal.TestInvoker.invokeTestMethods(TestInvoker.java:146)
	at org.testng.internal.TestMethodWorker.invokeTestMethods(TestMethodWorker.java:146)
	at org.testng.internal.TestMethodWorker.run(TestMethodWorker.java:128)
	at java.base/java.util.ArrayList.forEach(ArrayList.java:1511)
	at org.testng.TestRunner.privateRun(TestRunner.java:794)
	at org.testng.TestRunner.run(TestRunner.java:596)
	at org.testng.SuiteRunner.runTest(SuiteRunner.java:377)
	at org.testng.SuiteRunner.runSequentially(SuiteRunner.java:371)
	at org.testng.SuiteRunner.privateRun(SuiteRunner.java:332)
	at org.testng.SuiteRunner.run(SuiteRunner.java:276)
	at org.testng.SuiteRunnerWorker.runSuite(SuiteRunnerWorker.java:53)
	at org.testng.SuiteRunnerWorker.run(SuiteRunnerWorker.java:96)
	at org.testng.TestNG.runSuitesSequentially(TestNG.java:1212)
	at org.testng.TestNG.runSuitesLocally(TestNG.java:1134)
	at org.testng.TestNG.runSuites(TestNG.java:1063)
	at org.testng.TestNG.run(TestNG.java:1031)
	at org.testng.remote.AbstractRemoteTestNG.run(AbstractRemoteTestNG.java:115)
	at org.testng.remote.RemoteTestNG.initAndRun(RemoteTestNG.java:251)
	at org.testng.remote.RemoteTestNG.main(RemoteTestNG.java:77)
</pre></div><a href='#' onClick='toggleBox("stack-trace506046490", this, "Click to show all stack frames", "Click to hide stack frames")'>Click to show all stack frames</a>
<div class='stack-trace' id='stack-trace506046490'><pre>java.lang.AssertionError: expected [true] but found [false]
	at org.testng.Assert.fail(Assert.java:99)
	at org.testng.Assert.failNotEquals(Assert.java:1037)
	at org.testng.Assert.assertTrue(Assert.java:45)
	at org.testng.Assert.assertTrue(Assert.java:55)
	at com.gapi.testCases.GetCrossConnectDetails.verifyCrossConnectDetailsUsingDifferentFilters(GetCrossConnectDetails.java:113)
	at java.base/jdk.internal.reflect.NativeMethodAccessorImpl.invoke0(Native Method)
	at java.base/jdk.internal.reflect.NativeMethodAccessorImpl.invoke(NativeMethodAccessorImpl.java:77)
	at java.base/jdk.internal.reflect.DelegatingMethodAccessorImpl.invoke(DelegatingMethodAccessorImpl.java:43)
	at java.base/java.lang.reflect.Method.invoke(Method.java:568)
	at org.testng.internal.MethodInvocationHelper.invokeMethod(MethodInvocationHelper.java:133)
	at org.testng.internal.TestInvoker.invokeMethod(TestInvoker.java:598)
	at org.testng.internal.TestInvoker.invokeTestMethod(TestInvoker.java:173)
	at org.testng.internal.MethodRunner.runInSequence(MethodRunner.java:46)
	at org.testng.internal.TestInvoker$MethodInvocationAgent.invoke(TestInvoker.java:824)
	at org.testng.internal.TestInvoker.invokeTestMethods(TestInvoker.java:146)
	at org.testng.internal.TestMethodWorker.invokeTestMethods(TestMethodWorker.java:146)
	at org.testng.internal.TestMethodWorker.run(TestMethodWorker.java:128)
	at java.base/java.util.ArrayList.forEach(ArrayList.java:1511)
	at org.testng.TestRunner.privateRun(TestRunner.java:794)
	at org.testng.TestRunner.run(TestRunner.java:596)
	at org.testng.SuiteRunner.runTest(SuiteRunner.java:377)
	at org.testng.SuiteRunner.runSequentially(SuiteRunner.java:371)
	at org.testng.SuiteRunner.privateRun(SuiteRunner.java:332)
	at org.testng.SuiteRunner.run(SuiteRunner.java:276)
	at org.testng.SuiteRunnerWorker.runSuite(SuiteRunnerWorker.java:53)
	at org.testng.SuiteRunnerWorker.run(SuiteRunnerWorker.java:96)
	at org.testng.TestNG.runSuitesSequentially(TestNG.java:1212)
	at org.testng.TestNG.runSuitesLocally(TestNG.java:1134)
	at org.testng.TestNG.runSuites(TestNG.java:1063)
	at org.testng.TestNG.run(TestNG.java:1031)
	at org.testng.remote.AbstractRemoteTestNG.run(AbstractRemoteTestNG.java:115)
	at org.testng.remote.RemoteTestNG.initAndRun(RemoteTestNG.java:251)
	at org.testng.remote.RemoteTestNG.main(RemoteTestNG.java:77)
</pre></div></td>
<td>2</td>
<td>com.gapi.testCases.GetCrossConnectDetails@7dc3712</td></tr>
<tr>
<td title='com.gapi.testCases.GetCrossConnectDetails.verifyGetCrossConnectDetailsWithNonIntergerOffset()'><b>verifyGetCrossConnectDetailsWithNonIntergerOffset</b><br>Test class: com.gapi.testCases.GetCrossConnectDetails<br>Parameters: {emailNotifications=, serviceType=, permissionId=, notes=, isExtendedVisitorBadge=, visitorType=, isBulkRequest=, contactType=, TestCaseName=Retreive the cross connect details byÂ  providing the Non-Interger Offset values, search_query=, serviceImpactedDescription=, yardi_id=, deleteFlag=, customerReference=, action=, details=, ExpectedStatusMessage=, visitorPhone=, trackingNumber=, extendedVisitorBadgeStr=, permissionGroupId=, assetId2=, billingAccountNumber=, assetId1=, assetId4=, accessEndDate=, assetId3=, report_type=, estimatedDeliveryDate=, firstName=, phone=, courier=, visitorHostFirstName=, user_id=, name=, notificationRecipients=, position=, page=, serviceImpact=, escortFirstName=, visitorBadgeStartDate=, globalUltimateKey=, lastName=, code=, role=, accountName=, referenceTicket=, accessStartDate=, description=, permissionGroups=, workDescription=, executionFlag=Y, title=, visitorHostCompany=, visitorBadgeEndDate=, assetId=, company=, detailedInstruction=, cancelReason=, email=, visitorFirstName=, isLoadingBayRequired=, customerExternalReference=, comments=, requestType=, expectedStatusCode=, ci=, readFlag=, errorMessage=, methodName=verifyGetCrossConnectDetailsWithNonIntergerOffset, errorMessageType=, standardVisitorBadgeStr=, filters=accountId=0012E00002dzuIMQAY&offset=abc, visitorEmail=, legalEntityKey=, visitorLastName=, PermissionGroupIDForprivileges=, site=, escortLastName=, assetName=, locations=, location=, packageCount=, asset=, category=, visitorHostLastName=}</td>
<td><div><pre>java.lang.AssertionError: expected [Query parameter &apos;offset&apos; has to be formatted as &apos;integer&apos;.] but found [Bad request was submitted.]
	at org.testng.Assert.fail(Assert.java:99)
	at org.testng.Assert.failNotEquals(Assert.java:1037)
	at org.testng.Assert.assertEqualsImpl(Assert.java:140)
	at org.testng.Assert.assertEquals(Assert.java:122)
	at org.testng.Assert.assertEquals(Assert.java:629)
	at org.testng.Assert.assertEquals(Assert.java:639)
	at com.gapi.utilities.TestUtilities.verifyErrorResponseMessage(TestUtilities.java:556)
	at com.gapi.testCases.GetCrossConnectDetails.verifyGetCrossConnectDetailsWithNonIntergerOffset(GetCrossConnectDetails.java:348)
	at java.base/jdk.internal.reflect.NativeMethodAccessorImpl.invoke0(Native Method)
	at java.base/jdk.internal.reflect.NativeMethodAccessorImpl.invoke(NativeMethodAccessorImpl.java:77)
	at java.base/jdk.internal.reflect.DelegatingMethodAccessorImpl.invoke(DelegatingMethodAccessorImpl.java:43)
	at java.base/java.lang.reflect.Method.invoke(Method.java:568)
	at org.testng.internal.MethodInvocationHelper.invokeMethod(MethodInvocationHelper.java:133)
	at org.testng.internal.TestInvoker.invokeMethod(TestInvoker.java:598)
	at org.testng.internal.TestInvoker.invokeTestMethod(TestInvoker.java:173)
	at org.testng.internal.MethodRunner.runInSequence(MethodRunner.java:46)
	at org.testng.internal.TestInvoker$MethodInvocationAgent.invoke(TestInvoker.java:824)
	at org.testng.internal.TestInvoker.invokeTestMethods(TestInvoker.java:146)
	at org.testng.internal.TestMethodWorker.invokeTestMethods(TestMethodWorker.java:146)
	at org.testng.internal.TestMethodWorker.run(TestMethodWorker.java:128)
	at java.base/java.util.ArrayList.forEach(ArrayList.java:1511)
	at org.testng.TestRunner.privateRun(TestRunner.java:794)
	at org.testng.TestRunner.run(TestRunner.java:596)
	at org.testng.SuiteRunner.runTest(SuiteRunner.java:377)
	at org.testng.SuiteRunner.runSequentially(SuiteRunner.java:371)
	at org.testng.SuiteRunner.privateRun(SuiteRunner.java:332)
	at org.testng.SuiteRunner.run(SuiteRunner.java:276)
	at org.testng.SuiteRunnerWorker.runSuite(SuiteRunnerWorker.java:53)
	at org.testng.SuiteRunnerWorker.run(SuiteRunnerWorker.java:96)
	at org.testng.TestNG.runSuitesSequentially(TestNG.java:1212)
	at org.testng.TestNG.runSuitesLocally(TestNG.java:1134)
	at org.testng.TestNG.runSuites(TestNG.java:1063)
	at org.testng.TestNG.run(TestNG.java:1031)
	at org.testng.remote.AbstractRemoteTestNG.run(AbstractRemoteTestNG.java:115)
	at org.testng.remote.RemoteTestNG.initAndRun(RemoteTestNG.java:251)
	at org.testng.remote.RemoteTestNG.main(RemoteTestNG.java:77)
</pre></div><a href='#' onClick='toggleBox("stack-trace1321785778", this, "Click to show all stack frames", "Click to hide stack frames")'>Click to show all stack frames</a>
<div class='stack-trace' id='stack-trace1321785778'><pre>java.lang.AssertionError: expected [Query parameter &apos;offset&apos; has to be formatted as &apos;integer&apos;.] but found [Bad request was submitted.]
	at org.testng.Assert.fail(Assert.java:99)
	at org.testng.Assert.failNotEquals(Assert.java:1037)
	at org.testng.Assert.assertEqualsImpl(Assert.java:140)
	at org.testng.Assert.assertEquals(Assert.java:122)
	at org.testng.Assert.assertEquals(Assert.java:629)
	at org.testng.Assert.assertEquals(Assert.java:639)
	at com.gapi.utilities.TestUtilities.verifyErrorResponseMessage(TestUtilities.java:556)
	at com.gapi.testCases.GetCrossConnectDetails.verifyGetCrossConnectDetailsWithNonIntergerOffset(GetCrossConnectDetails.java:348)
	at java.base/jdk.internal.reflect.NativeMethodAccessorImpl.invoke0(Native Method)
	at java.base/jdk.internal.reflect.NativeMethodAccessorImpl.invoke(NativeMethodAccessorImpl.java:77)
	at java.base/jdk.internal.reflect.DelegatingMethodAccessorImpl.invoke(DelegatingMethodAccessorImpl.java:43)
	at java.base/java.lang.reflect.Method.invoke(Method.java:568)
	at org.testng.internal.MethodInvocationHelper.invokeMethod(MethodInvocationHelper.java:133)
	at org.testng.internal.TestInvoker.invokeMethod(TestInvoker.java:598)
	at org.testng.internal.TestInvoker.invokeTestMethod(TestInvoker.java:173)
	at org.testng.internal.MethodRunner.runInSequence(MethodRunner.java:46)
	at org.testng.internal.TestInvoker$MethodInvocationAgent.invoke(TestInvoker.java:824)
	at org.testng.internal.TestInvoker.invokeTestMethods(TestInvoker.java:146)
	at org.testng.internal.TestMethodWorker.invokeTestMethods(TestMethodWorker.java:146)
	at org.testng.internal.TestMethodWorker.run(TestMethodWorker.java:128)
	at java.base/java.util.ArrayList.forEach(ArrayList.java:1511)
	at org.testng.TestRunner.privateRun(TestRunner.java:794)
	at org.testng.TestRunner.run(TestRunner.java:596)
	at org.testng.SuiteRunner.runTest(SuiteRunner.java:377)
	at org.testng.SuiteRunner.runSequentially(SuiteRunner.java:371)
	at org.testng.SuiteRunner.privateRun(SuiteRunner.java:332)
	at org.testng.SuiteRunner.run(SuiteRunner.java:276)
	at org.testng.SuiteRunnerWorker.runSuite(SuiteRunnerWorker.java:53)
	at org.testng.SuiteRunnerWorker.run(SuiteRunnerWorker.java:96)
	at org.testng.TestNG.runSuitesSequentially(TestNG.java:1212)
	at org.testng.TestNG.runSuitesLocally(TestNG.java:1134)
	at org.testng.TestNG.runSuites(TestNG.java:1063)
	at org.testng.TestNG.run(TestNG.java:1031)
	at org.testng.remote.AbstractRemoteTestNG.run(AbstractRemoteTestNG.java:115)
	at org.testng.remote.RemoteTestNG.initAndRun(RemoteTestNG.java:251)
	at org.testng.remote.RemoteTestNG.main(RemoteTestNG.java:77)
</pre></div></td>
<td>0</td>
<td>com.gapi.testCases.GetCrossConnectDetails@7dc3712</td></tr>
<tr>
<td title='com.gapi.testCases.GetCrossConnectDetails.verifyCrossConnectDetailsUsingDifferentFilters()'><b>verifyCrossConnectDetailsUsingDifferentFilters</b><br>Test class: com.gapi.testCases.GetCrossConnectDetails<br>Parameters: {emailNotifications=, serviceType=, permissionId=, notes=, isExtendedVisitorBadge=, visitorType=, isBulkRequest=, contactType=, TestCaseName=Retrieve the Cross Connect Details By Valid Billing Account Number, search_query=, serviceImpactedDescription=, yardi_id=, deleteFlag=, customerReference=, action=, details=, ExpectedStatusMessage=OK, visitorPhone=, trackingNumber=, extendedVisitorBadgeStr=, permissionGroupId=, assetId2=, billingAccountNumber=, assetId1=, assetId4=, accessEndDate=, assetId3=, report_type=, estimatedDeliveryDate=, firstName=, phone=, courier=, visitorHostFirstName=, user_id=, name=, notificationRecipients=, position=, page=, serviceImpact=, escortFirstName=, visitorBadgeStartDate=, globalUltimateKey=, lastName=, code=, role=, accountName=, referenceTicket=, accessStartDate=, description=, permissionGroups=, workDescription=, executionFlag=Y, title=, visitorHostCompany=, visitorBadgeEndDate=, assetId=, company=, detailedInstruction=, cancelReason=, email=, visitorFirstName=, isLoadingBayRequired=, customerExternalReference=, comments=, requestType=, expectedStatusCode=200, ci=, readFlag=, errorMessage=, methodName=verifyCrossConnectDetailsUsingDifferentFilters, errorMessageType=, standardVisitorBadgeStr=, filters=accountId=0012E00002dzuIMQAY, visitorEmail=, legalEntityKey=, visitorLastName=, PermissionGroupIDForprivileges=, site=, escortLastName=, assetName=, locations=, location=, packageCount=, asset=, category=, visitorHostLastName=}</td>
<td><div><pre>java.lang.AssertionError: expected [true] but found [false]
	at org.testng.Assert.fail(Assert.java:99)
	at org.testng.Assert.failNotEquals(Assert.java:1037)
	at org.testng.Assert.assertTrue(Assert.java:45)
	at org.testng.Assert.assertTrue(Assert.java:55)
	at com.gapi.testCases.GetCrossConnectDetails.verifyCrossConnectDetailsUsingDifferentFilters(GetCrossConnectDetails.java:113)
	at java.base/jdk.internal.reflect.NativeMethodAccessorImpl.invoke0(Native Method)
	at java.base/jdk.internal.reflect.NativeMethodAccessorImpl.invoke(NativeMethodAccessorImpl.java:77)
	at java.base/jdk.internal.reflect.DelegatingMethodAccessorImpl.invoke(DelegatingMethodAccessorImpl.java:43)
	at java.base/java.lang.reflect.Method.invoke(Method.java:568)
	at org.testng.internal.MethodInvocationHelper.invokeMethod(MethodInvocationHelper.java:133)
	at org.testng.internal.TestInvoker.invokeMethod(TestInvoker.java:598)
	at org.testng.internal.TestInvoker.invokeTestMethod(TestInvoker.java:173)
	at org.testng.internal.MethodRunner.runInSequence(MethodRunner.java:46)
	at org.testng.internal.TestInvoker$MethodInvocationAgent.invoke(TestInvoker.java:824)
	at org.testng.internal.TestInvoker.invokeTestMethods(TestInvoker.java:146)
	at org.testng.internal.TestMethodWorker.invokeTestMethods(TestMethodWorker.java:146)
	at org.testng.internal.TestMethodWorker.run(TestMethodWorker.java:128)
	at java.base/java.util.ArrayList.forEach(ArrayList.java:1511)
	at org.testng.TestRunner.privateRun(TestRunner.java:794)
	at org.testng.TestRunner.run(TestRunner.java:596)
	at org.testng.SuiteRunner.runTest(SuiteRunner.java:377)
	at org.testng.SuiteRunner.runSequentially(SuiteRunner.java:371)
	at org.testng.SuiteRunner.privateRun(SuiteRunner.java:332)
	at org.testng.SuiteRunner.run(SuiteRunner.java:276)
	at org.testng.SuiteRunnerWorker.runSuite(SuiteRunnerWorker.java:53)
	at org.testng.SuiteRunnerWorker.run(SuiteRunnerWorker.java:96)
	at org.testng.TestNG.runSuitesSequentially(TestNG.java:1212)
	at org.testng.TestNG.runSuitesLocally(TestNG.java:1134)
	at org.testng.TestNG.runSuites(TestNG.java:1063)
	at org.testng.TestNG.run(TestNG.java:1031)
	at org.testng.remote.AbstractRemoteTestNG.run(AbstractRemoteTestNG.java:115)
	at org.testng.remote.RemoteTestNG.initAndRun(RemoteTestNG.java:251)
	at org.testng.remote.RemoteTestNG.main(RemoteTestNG.java:77)
</pre></div><a href='#' onClick='toggleBox("stack-trace1573356572", this, "Click to show all stack frames", "Click to hide stack frames")'>Click to show all stack frames</a>
<div class='stack-trace' id='stack-trace1573356572'><pre>java.lang.AssertionError: expected [true] but found [false]
	at org.testng.Assert.fail(Assert.java:99)
	at org.testng.Assert.failNotEquals(Assert.java:1037)
	at org.testng.Assert.assertTrue(Assert.java:45)
	at org.testng.Assert.assertTrue(Assert.java:55)
	at com.gapi.testCases.GetCrossConnectDetails.verifyCrossConnectDetailsUsingDifferentFilters(GetCrossConnectDetails.java:113)
	at java.base/jdk.internal.reflect.NativeMethodAccessorImpl.invoke0(Native Method)
	at java.base/jdk.internal.reflect.NativeMethodAccessorImpl.invoke(NativeMethodAccessorImpl.java:77)
	at java.base/jdk.internal.reflect.DelegatingMethodAccessorImpl.invoke(DelegatingMethodAccessorImpl.java:43)
	at java.base/java.lang.reflect.Method.invoke(Method.java:568)
	at org.testng.internal.MethodInvocationHelper.invokeMethod(MethodInvocationHelper.java:133)
	at org.testng.internal.TestInvoker.invokeMethod(TestInvoker.java:598)
	at org.testng.internal.TestInvoker.invokeTestMethod(TestInvoker.java:173)
	at org.testng.internal.MethodRunner.runInSequence(MethodRunner.java:46)
	at org.testng.internal.TestInvoker$MethodInvocationAgent.invoke(TestInvoker.java:824)
	at org.testng.internal.TestInvoker.invokeTestMethods(TestInvoker.java:146)
	at org.testng.internal.TestMethodWorker.invokeTestMethods(TestMethodWorker.java:146)
	at org.testng.internal.TestMethodWorker.run(TestMethodWorker.java:128)
	at java.base/java.util.ArrayList.forEach(ArrayList.java:1511)
	at org.testng.TestRunner.privateRun(TestRunner.java:794)
	at org.testng.TestRunner.run(TestRunner.java:596)
	at org.testng.SuiteRunner.runTest(SuiteRunner.java:377)
	at org.testng.SuiteRunner.runSequentially(SuiteRunner.java:371)
	at org.testng.SuiteRunner.privateRun(SuiteRunner.java:332)
	at org.testng.SuiteRunner.run(SuiteRunner.java:276)
	at org.testng.SuiteRunnerWorker.runSuite(SuiteRunnerWorker.java:53)
	at org.testng.SuiteRunnerWorker.run(SuiteRunnerWorker.java:96)
	at org.testng.TestNG.runSuitesSequentially(TestNG.java:1212)
	at org.testng.TestNG.runSuitesLocally(TestNG.java:1134)
	at org.testng.TestNG.runSuites(TestNG.java:1063)
	at org.testng.TestNG.run(TestNG.java:1031)
	at org.testng.remote.AbstractRemoteTestNG.run(AbstractRemoteTestNG.java:115)
	at org.testng.remote.RemoteTestNG.initAndRun(RemoteTestNG.java:251)
	at org.testng.remote.RemoteTestNG.main(RemoteTestNG.java:77)
</pre></div></td>
<td>2</td>
<td>com.gapi.testCases.GetCrossConnectDetails@7dc3712</td></tr>
<tr>
<td title='com.gapi.testCases.GetCrossConnectDetails.verifyGetCrossConnectDetailsWithNegativeLimitValues()'><b>verifyGetCrossConnectDetailsWithNegativeLimitValues</b><br>Test class: com.gapi.testCases.GetCrossConnectDetails<br>Parameters: {emailNotifications=, serviceType=, permissionId=, notes=, isExtendedVisitorBadge=, visitorType=, isBulkRequest=, contactType=, TestCaseName=Retreive the cross connect details byÂ  providing the NEGATIVE Limit values, search_query=, serviceImpactedDescription=, yardi_id=, deleteFlag=, customerReference=, action=, details=, ExpectedStatusMessage=, visitorPhone=, trackingNumber=, extendedVisitorBadgeStr=, permissionGroupId=, assetId2=, billingAccountNumber=, assetId1=, assetId4=, accessEndDate=, assetId3=, report_type=, estimatedDeliveryDate=, firstName=, phone=, courier=, visitorHostFirstName=, user_id=, name=, notificationRecipients=, position=, page=, serviceImpact=, escortFirstName=, visitorBadgeStartDate=, globalUltimateKey=, lastName=, code=, role=, accountName=, referenceTicket=, accessStartDate=, description=, permissionGroups=, workDescription=, executionFlag=Y, title=, visitorHostCompany=, visitorBadgeEndDate=, assetId=, company=, detailedInstruction=, cancelReason=, email=, visitorFirstName=, isLoadingBayRequired=, customerExternalReference=, comments=, requestType=, expectedStatusCode=, ci=, readFlag=, errorMessage=, methodName=verifyGetCrossConnectDetailsWithNegativeLimitValues, errorMessageType=, standardVisitorBadgeStr=, filters=accountId=0012E00002dzuIMQAY&limit=-1000, visitorEmail=, legalEntityKey=, visitorLastName=, PermissionGroupIDForprivileges=, site=, escortLastName=, assetName=, locations=, location=, packageCount=, asset=, category=, visitorHostLastName=}</td>
<td><div><pre>java.lang.AssertionError: expected [Query parameter &apos;limit&apos; has to be formatted as &apos;integer&apos;.] but found [Query parameter &apos;limit&apos; must be a integer and value has to be between &apos;1&apos; and &apos;1000&apos;.]
	at org.testng.Assert.fail(Assert.java:99)
	at org.testng.Assert.failNotEquals(Assert.java:1037)
	at org.testng.Assert.assertEqualsImpl(Assert.java:140)
	at org.testng.Assert.assertEquals(Assert.java:122)
	at org.testng.Assert.assertEquals(Assert.java:629)
	at org.testng.Assert.assertEquals(Assert.java:639)
	at com.gapi.utilities.TestUtilities.verifyErrorResponseMessage(TestUtilities.java:556)
	at com.gapi.testCases.GetCrossConnectDetails.verifyGetCrossConnectDetailsWithNegativeLimitValues(GetCrossConnectDetails.java:388)
	at java.base/jdk.internal.reflect.NativeMethodAccessorImpl.invoke0(Native Method)
	at java.base/jdk.internal.reflect.NativeMethodAccessorImpl.invoke(NativeMethodAccessorImpl.java:77)
	at java.base/jdk.internal.reflect.DelegatingMethodAccessorImpl.invoke(DelegatingMethodAccessorImpl.java:43)
	at java.base/java.lang.reflect.Method.invoke(Method.java:568)
	at org.testng.internal.MethodInvocationHelper.invokeMethod(MethodInvocationHelper.java:133)
	at org.testng.internal.TestInvoker.invokeMethod(TestInvoker.java:598)
	at org.testng.internal.TestInvoker.invokeTestMethod(TestInvoker.java:173)
	at org.testng.internal.MethodRunner.runInSequence(MethodRunner.java:46)
	at org.testng.internal.TestInvoker$MethodInvocationAgent.invoke(TestInvoker.java:824)
	at org.testng.internal.TestInvoker.invokeTestMethods(TestInvoker.java:146)
	at org.testng.internal.TestMethodWorker.invokeTestMethods(TestMethodWorker.java:146)
	at org.testng.internal.TestMethodWorker.run(TestMethodWorker.java:128)
	at java.base/java.util.ArrayList.forEach(ArrayList.java:1511)
	at org.testng.TestRunner.privateRun(TestRunner.java:794)
	at org.testng.TestRunner.run(TestRunner.java:596)
	at org.testng.SuiteRunner.runTest(SuiteRunner.java:377)
	at org.testng.SuiteRunner.runSequentially(SuiteRunner.java:371)
	at org.testng.SuiteRunner.privateRun(SuiteRunner.java:332)
	at org.testng.SuiteRunner.run(SuiteRunner.java:276)
	at org.testng.SuiteRunnerWorker.runSuite(SuiteRunnerWorker.java:53)
	at org.testng.SuiteRunnerWorker.run(SuiteRunnerWorker.java:96)
	at org.testng.TestNG.runSuitesSequentially(TestNG.java:1212)
	at org.testng.TestNG.runSuitesLocally(TestNG.java:1134)
	at org.testng.TestNG.runSuites(TestNG.java:1063)
	at org.testng.TestNG.run(TestNG.java:1031)
	at org.testng.remote.AbstractRemoteTestNG.run(AbstractRemoteTestNG.java:115)
	at org.testng.remote.RemoteTestNG.initAndRun(RemoteTestNG.java:251)
	at org.testng.remote.RemoteTestNG.main(RemoteTestNG.java:77)
</pre></div><a href='#' onClick='toggleBox("stack-trace1292262938", this, "Click to show all stack frames", "Click to hide stack frames")'>Click to show all stack frames</a>
<div class='stack-trace' id='stack-trace1292262938'><pre>java.lang.AssertionError: expected [Query parameter &apos;limit&apos; has to be formatted as &apos;integer&apos;.] but found [Query parameter &apos;limit&apos; must be a integer and value has to be between &apos;1&apos; and &apos;1000&apos;.]
	at org.testng.Assert.fail(Assert.java:99)
	at org.testng.Assert.failNotEquals(Assert.java:1037)
	at org.testng.Assert.assertEqualsImpl(Assert.java:140)
	at org.testng.Assert.assertEquals(Assert.java:122)
	at org.testng.Assert.assertEquals(Assert.java:629)
	at org.testng.Assert.assertEquals(Assert.java:639)
	at com.gapi.utilities.TestUtilities.verifyErrorResponseMessage(TestUtilities.java:556)
	at com.gapi.testCases.GetCrossConnectDetails.verifyGetCrossConnectDetailsWithNegativeLimitValues(GetCrossConnectDetails.java:388)
	at java.base/jdk.internal.reflect.NativeMethodAccessorImpl.invoke0(Native Method)
	at java.base/jdk.internal.reflect.NativeMethodAccessorImpl.invoke(NativeMethodAccessorImpl.java:77)
	at java.base/jdk.internal.reflect.DelegatingMethodAccessorImpl.invoke(DelegatingMethodAccessorImpl.java:43)
	at java.base/java.lang.reflect.Method.invoke(Method.java:568)
	at org.testng.internal.MethodInvocationHelper.invokeMethod(MethodInvocationHelper.java:133)
	at org.testng.internal.TestInvoker.invokeMethod(TestInvoker.java:598)
	at org.testng.internal.TestInvoker.invokeTestMethod(TestInvoker.java:173)
	at org.testng.internal.MethodRunner.runInSequence(MethodRunner.java:46)
	at org.testng.internal.TestInvoker$MethodInvocationAgent.invoke(TestInvoker.java:824)
	at org.testng.internal.TestInvoker.invokeTestMethods(TestInvoker.java:146)
	at org.testng.internal.TestMethodWorker.invokeTestMethods(TestMethodWorker.java:146)
	at org.testng.internal.TestMethodWorker.run(TestMethodWorker.java:128)
	at java.base/java.util.ArrayList.forEach(ArrayList.java:1511)
	at org.testng.TestRunner.privateRun(TestRunner.java:794)
	at org.testng.TestRunner.run(TestRunner.java:596)
	at org.testng.SuiteRunner.runTest(SuiteRunner.java:377)
	at org.testng.SuiteRunner.runSequentially(SuiteRunner.java:371)
	at org.testng.SuiteRunner.privateRun(SuiteRunner.java:332)
	at org.testng.SuiteRunner.run(SuiteRunner.java:276)
	at org.testng.SuiteRunnerWorker.runSuite(SuiteRunnerWorker.java:53)
	at org.testng.SuiteRunnerWorker.run(SuiteRunnerWorker.java:96)
	at org.testng.TestNG.runSuitesSequentially(TestNG.java:1212)
	at org.testng.TestNG.runSuitesLocally(TestNG.java:1134)
	at org.testng.TestNG.runSuites(TestNG.java:1063)
	at org.testng.TestNG.run(TestNG.java:1031)
	at org.testng.remote.AbstractRemoteTestNG.run(AbstractRemoteTestNG.java:115)
	at org.testng.remote.RemoteTestNG.initAndRun(RemoteTestNG.java:251)
	at org.testng.remote.RemoteTestNG.main(RemoteTestNG.java:77)
</pre></div></td>
<td>0</td>
<td>com.gapi.testCases.GetCrossConnectDetails@7dc3712</td></tr>
<tr>
<td title='com.gapi.testCases.GetCrossConnectDetails.verifyCrossConnectDetailsUsingDifferentFilters()'><b>verifyCrossConnectDetailsUsingDifferentFilters</b><br>Test class: com.gapi.testCases.GetCrossConnectDetails<br>Parameters: {emailNotifications=, serviceType=, permissionId=, notes=, isExtendedVisitorBadge=, visitorType=, isBulkRequest=, contactType=, TestCaseName=Retrieve Cross Connet Requests by Iinterconnection Panel, search_query=, serviceImpactedDescription=, yardi_id=, deleteFlag=, customerReference=, action=, details=, ExpectedStatusMessage=OK, visitorPhone=, trackingNumber=, extendedVisitorBadgeStr=, permissionGroupId=, assetId2=, billingAccountNumber=, assetId1=, assetId4=, accessEndDate=, assetId3=, report_type=, estimatedDeliveryDate=, firstName=, phone=, courier=, visitorHostFirstName=, user_id=, name=, notificationRecipients=, position=, page=, serviceImpact=, escortFirstName=, visitorBadgeStartDate=, globalUltimateKey=, lastName=, code=, role=, accountName=, referenceTicket=, accessStartDate=, description=, permissionGroups=, workDescription=, executionFlag=Y, title=, visitorHostCompany=, visitorBadgeEndDate=, assetId=, company=, detailedInstruction=, cancelReason=, email=, visitorFirstName=, isLoadingBayRequired=, customerExternalReference=, comments=, requestType=, expectedStatusCode=200, ci=, readFlag=, errorMessage=, methodName=verifyCrossConnectDetailsUsingDifferentFilters, errorMessageType=, standardVisitorBadgeStr=, filters=accountId=0012E00002dzuIMQAY&interconnectionPanel=002.06.06.RU16, visitorEmail=, legalEntityKey=, visitorLastName=, PermissionGroupIDForprivileges=, site=, escortLastName=, assetName=, locations=, location=, packageCount=, asset=, category=, visitorHostLastName=}</td>
<td><div><pre>java.lang.AssertionError: expected [true] but found [false]
	at org.testng.Assert.fail(Assert.java:99)
	at org.testng.Assert.failNotEquals(Assert.java:1037)
	at org.testng.Assert.assertTrue(Assert.java:45)
	at org.testng.Assert.assertTrue(Assert.java:55)
	at com.gapi.testCases.GetCrossConnectDetails.verifyCrossConnectDetailsUsingDifferentFilters(GetCrossConnectDetails.java:113)
	at java.base/jdk.internal.reflect.NativeMethodAccessorImpl.invoke0(Native Method)
	at java.base/jdk.internal.reflect.NativeMethodAccessorImpl.invoke(NativeMethodAccessorImpl.java:77)
	at java.base/jdk.internal.reflect.DelegatingMethodAccessorImpl.invoke(DelegatingMethodAccessorImpl.java:43)
	at java.base/java.lang.reflect.Method.invoke(Method.java:568)
	at org.testng.internal.MethodInvocationHelper.invokeMethod(MethodInvocationHelper.java:133)
	at org.testng.internal.TestInvoker.invokeMethod(TestInvoker.java:598)
	at org.testng.internal.TestInvoker.invokeTestMethod(TestInvoker.java:173)
	at org.testng.internal.MethodRunner.runInSequence(MethodRunner.java:46)
	at org.testng.internal.TestInvoker$MethodInvocationAgent.invoke(TestInvoker.java:824)
	at org.testng.internal.TestInvoker.invokeTestMethods(TestInvoker.java:146)
	at org.testng.internal.TestMethodWorker.invokeTestMethods(TestMethodWorker.java:146)
	at org.testng.internal.TestMethodWorker.run(TestMethodWorker.java:128)
	at java.base/java.util.ArrayList.forEach(ArrayList.java:1511)
	at org.testng.TestRunner.privateRun(TestRunner.java:794)
	at org.testng.TestRunner.run(TestRunner.java:596)
	at org.testng.SuiteRunner.runTest(SuiteRunner.java:377)
	at org.testng.SuiteRunner.runSequentially(SuiteRunner.java:371)
	at org.testng.SuiteRunner.privateRun(SuiteRunner.java:332)
	at org.testng.SuiteRunner.run(SuiteRunner.java:276)
	at org.testng.SuiteRunnerWorker.runSuite(SuiteRunnerWorker.java:53)
	at org.testng.SuiteRunnerWorker.run(SuiteRunnerWorker.java:96)
	at org.testng.TestNG.runSuitesSequentially(TestNG.java:1212)
	at org.testng.TestNG.runSuitesLocally(TestNG.java:1134)
	at org.testng.TestNG.runSuites(TestNG.java:1063)
	at org.testng.TestNG.run(TestNG.java:1031)
	at org.testng.remote.AbstractRemoteTestNG.run(AbstractRemoteTestNG.java:115)
	at org.testng.remote.RemoteTestNG.initAndRun(RemoteTestNG.java:251)
	at org.testng.remote.RemoteTestNG.main(RemoteTestNG.java:77)
</pre></div><a href='#' onClick='toggleBox("stack-trace1172814713", this, "Click to show all stack frames", "Click to hide stack frames")'>Click to show all stack frames</a>
<div class='stack-trace' id='stack-trace1172814713'><pre>java.lang.AssertionError: expected [true] but found [false]
	at org.testng.Assert.fail(Assert.java:99)
	at org.testng.Assert.failNotEquals(Assert.java:1037)
	at org.testng.Assert.assertTrue(Assert.java:45)
	at org.testng.Assert.assertTrue(Assert.java:55)
	at com.gapi.testCases.GetCrossConnectDetails.verifyCrossConnectDetailsUsingDifferentFilters(GetCrossConnectDetails.java:113)
	at java.base/jdk.internal.reflect.NativeMethodAccessorImpl.invoke0(Native Method)
	at java.base/jdk.internal.reflect.NativeMethodAccessorImpl.invoke(NativeMethodAccessorImpl.java:77)
	at java.base/jdk.internal.reflect.DelegatingMethodAccessorImpl.invoke(DelegatingMethodAccessorImpl.java:43)
	at java.base/java.lang.reflect.Method.invoke(Method.java:568)
	at org.testng.internal.MethodInvocationHelper.invokeMethod(MethodInvocationHelper.java:133)
	at org.testng.internal.TestInvoker.invokeMethod(TestInvoker.java:598)
	at org.testng.internal.TestInvoker.invokeTestMethod(TestInvoker.java:173)
	at org.testng.internal.MethodRunner.runInSequence(MethodRunner.java:46)
	at org.testng.internal.TestInvoker$MethodInvocationAgent.invoke(TestInvoker.java:824)
	at org.testng.internal.TestInvoker.invokeTestMethods(TestInvoker.java:146)
	at org.testng.internal.TestMethodWorker.invokeTestMethods(TestMethodWorker.java:146)
	at org.testng.internal.TestMethodWorker.run(TestMethodWorker.java:128)
	at java.base/java.util.ArrayList.forEach(ArrayList.java:1511)
	at org.testng.TestRunner.privateRun(TestRunner.java:794)
	at org.testng.TestRunner.run(TestRunner.java:596)
	at org.testng.SuiteRunner.runTest(SuiteRunner.java:377)
	at org.testng.SuiteRunner.runSequentially(SuiteRunner.java:371)
	at org.testng.SuiteRunner.privateRun(SuiteRunner.java:332)
	at org.testng.SuiteRunner.run(SuiteRunner.java:276)
	at org.testng.SuiteRunnerWorker.runSuite(SuiteRunnerWorker.java:53)
	at org.testng.SuiteRunnerWorker.run(SuiteRunnerWorker.java:96)
	at org.testng.TestNG.runSuitesSequentially(TestNG.java:1212)
	at org.testng.TestNG.runSuitesLocally(TestNG.java:1134)
	at org.testng.TestNG.runSuites(TestNG.java:1063)
	at org.testng.TestNG.run(TestNG.java:1031)
	at org.testng.remote.AbstractRemoteTestNG.run(AbstractRemoteTestNG.java:115)
	at org.testng.remote.RemoteTestNG.initAndRun(RemoteTestNG.java:251)
	at org.testng.remote.RemoteTestNG.main(RemoteTestNG.java:77)
</pre></div></td>
<td>3</td>
<td>com.gapi.testCases.GetCrossConnectDetails@7dc3712</td></tr>
<tr>
<td title='com.gapi.testCases.GetCrossConnectDetails.verifyGetCrossConnectDetailsWithNegativeOffset()'><b>verifyGetCrossConnectDetailsWithNegativeOffset</b><br>Test class: com.gapi.testCases.GetCrossConnectDetails<br>Parameters: {emailNotifications=, serviceType=, permissionId=, notes=, isExtendedVisitorBadge=, visitorType=, isBulkRequest=, contactType=, TestCaseName=Retreive the cross connect details byÂ  providing the NEGATIVE Offset values, search_query=, serviceImpactedDescription=, yardi_id=, deleteFlag=, customerReference=, action=, details=, ExpectedStatusMessage=, visitorPhone=, trackingNumber=, extendedVisitorBadgeStr=, permissionGroupId=, assetId2=, billingAccountNumber=, assetId1=, assetId4=, accessEndDate=, assetId3=, report_type=, estimatedDeliveryDate=, firstName=, phone=, courier=, visitorHostFirstName=, user_id=, name=, notificationRecipients=, position=, page=, serviceImpact=, escortFirstName=, visitorBadgeStartDate=, globalUltimateKey=, lastName=, code=, role=, accountName=, referenceTicket=, accessStartDate=, description=, permissionGroups=, workDescription=, executionFlag=Y, title=, visitorHostCompany=, visitorBadgeEndDate=, assetId=, company=, detailedInstruction=, cancelReason=, email=, visitorFirstName=, isLoadingBayRequired=, customerExternalReference=, comments=, requestType=, expectedStatusCode=, ci=, readFlag=, errorMessage=, methodName=verifyGetCrossConnectDetailsWithNegativeOffset, errorMessageType=, standardVisitorBadgeStr=, filters=accountId=0012E00002dzuIMQAY&offset=-1000, visitorEmail=, legalEntityKey=, visitorLastName=, PermissionGroupIDForprivileges=, site=, escortLastName=, assetName=, locations=, location=, packageCount=, asset=, category=, visitorHostLastName=}</td>
<td><div><pre>java.lang.AssertionError: expected [Query parameter &apos;offset&apos; can&apos;t be a negative number.] but found [Query parameter &apos;offset&apos; must be a integer and value has to be between &apos;0&apos; and &apos;1000&apos;.]
	at org.testng.Assert.fail(Assert.java:99)
	at org.testng.Assert.failNotEquals(Assert.java:1037)
	at org.testng.Assert.assertEqualsImpl(Assert.java:140)
	at org.testng.Assert.assertEquals(Assert.java:122)
	at org.testng.Assert.assertEquals(Assert.java:629)
	at org.testng.Assert.assertEquals(Assert.java:639)
	at com.gapi.utilities.TestUtilities.verifyErrorResponseMessage(TestUtilities.java:556)
	at com.gapi.testCases.GetCrossConnectDetails.verifyGetCrossConnectDetailsWithNegativeOffset(GetCrossConnectDetails.java:328)
	at java.base/jdk.internal.reflect.NativeMethodAccessorImpl.invoke0(Native Method)
	at java.base/jdk.internal.reflect.NativeMethodAccessorImpl.invoke(NativeMethodAccessorImpl.java:77)
	at java.base/jdk.internal.reflect.DelegatingMethodAccessorImpl.invoke(DelegatingMethodAccessorImpl.java:43)
	at java.base/java.lang.reflect.Method.invoke(Method.java:568)
	at org.testng.internal.MethodInvocationHelper.invokeMethod(MethodInvocationHelper.java:133)
	at org.testng.internal.TestInvoker.invokeMethod(TestInvoker.java:598)
	at org.testng.internal.TestInvoker.invokeTestMethod(TestInvoker.java:173)
	at org.testng.internal.MethodRunner.runInSequence(MethodRunner.java:46)
	at org.testng.internal.TestInvoker$MethodInvocationAgent.invoke(TestInvoker.java:824)
	at org.testng.internal.TestInvoker.invokeTestMethods(TestInvoker.java:146)
	at org.testng.internal.TestMethodWorker.invokeTestMethods(TestMethodWorker.java:146)
	at org.testng.internal.TestMethodWorker.run(TestMethodWorker.java:128)
	at java.base/java.util.ArrayList.forEach(ArrayList.java:1511)
	at org.testng.TestRunner.privateRun(TestRunner.java:794)
	at org.testng.TestRunner.run(TestRunner.java:596)
	at org.testng.SuiteRunner.runTest(SuiteRunner.java:377)
	at org.testng.SuiteRunner.runSequentially(SuiteRunner.java:371)
	at org.testng.SuiteRunner.privateRun(SuiteRunner.java:332)
	at org.testng.SuiteRunner.run(SuiteRunner.java:276)
	at org.testng.SuiteRunnerWorker.runSuite(SuiteRunnerWorker.java:53)
	at org.testng.SuiteRunnerWorker.run(SuiteRunnerWorker.java:96)
	at org.testng.TestNG.runSuitesSequentially(TestNG.java:1212)
	at org.testng.TestNG.runSuitesLocally(TestNG.java:1134)
	at org.testng.TestNG.runSuites(TestNG.java:1063)
	at org.testng.TestNG.run(TestNG.java:1031)
	at org.testng.remote.AbstractRemoteTestNG.run(AbstractRemoteTestNG.java:115)
	at org.testng.remote.RemoteTestNG.initAndRun(RemoteTestNG.java:251)
	at org.testng.remote.RemoteTestNG.main(RemoteTestNG.java:77)
</pre></div><a href='#' onClick='toggleBox("stack-trace2074201534", this, "Click to show all stack frames", "Click to hide stack frames")'>Click to show all stack frames</a>
<div class='stack-trace' id='stack-trace2074201534'><pre>java.lang.AssertionError: expected [Query parameter &apos;offset&apos; can&apos;t be a negative number.] but found [Query parameter &apos;offset&apos; must be a integer and value has to be between &apos;0&apos; and &apos;1000&apos;.]
	at org.testng.Assert.fail(Assert.java:99)
	at org.testng.Assert.failNotEquals(Assert.java:1037)
	at org.testng.Assert.assertEqualsImpl(Assert.java:140)
	at org.testng.Assert.assertEquals(Assert.java:122)
	at org.testng.Assert.assertEquals(Assert.java:629)
	at org.testng.Assert.assertEquals(Assert.java:639)
	at com.gapi.utilities.TestUtilities.verifyErrorResponseMessage(TestUtilities.java:556)
	at com.gapi.testCases.GetCrossConnectDetails.verifyGetCrossConnectDetailsWithNegativeOffset(GetCrossConnectDetails.java:328)
	at java.base/jdk.internal.reflect.NativeMethodAccessorImpl.invoke0(Native Method)
	at java.base/jdk.internal.reflect.NativeMethodAccessorImpl.invoke(NativeMethodAccessorImpl.java:77)
	at java.base/jdk.internal.reflect.DelegatingMethodAccessorImpl.invoke(DelegatingMethodAccessorImpl.java:43)
	at java.base/java.lang.reflect.Method.invoke(Method.java:568)
	at org.testng.internal.MethodInvocationHelper.invokeMethod(MethodInvocationHelper.java:133)
	at org.testng.internal.TestInvoker.invokeMethod(TestInvoker.java:598)
	at org.testng.internal.TestInvoker.invokeTestMethod(TestInvoker.java:173)
	at org.testng.internal.MethodRunner.runInSequence(MethodRunner.java:46)
	at org.testng.internal.TestInvoker$MethodInvocationAgent.invoke(TestInvoker.java:824)
	at org.testng.internal.TestInvoker.invokeTestMethods(TestInvoker.java:146)
	at org.testng.internal.TestMethodWorker.invokeTestMethods(TestMethodWorker.java:146)
	at org.testng.internal.TestMethodWorker.run(TestMethodWorker.java:128)
	at java.base/java.util.ArrayList.forEach(ArrayList.java:1511)
	at org.testng.TestRunner.privateRun(TestRunner.java:794)
	at org.testng.TestRunner.run(TestRunner.java:596)
	at org.testng.SuiteRunner.runTest(SuiteRunner.java:377)
	at org.testng.SuiteRunner.runSequentially(SuiteRunner.java:371)
	at org.testng.SuiteRunner.privateRun(SuiteRunner.java:332)
	at org.testng.SuiteRunner.run(SuiteRunner.java:276)
	at org.testng.SuiteRunnerWorker.runSuite(SuiteRunnerWorker.java:53)
	at org.testng.SuiteRunnerWorker.run(SuiteRunnerWorker.java:96)
	at org.testng.TestNG.runSuitesSequentially(TestNG.java:1212)
	at org.testng.TestNG.runSuitesLocally(TestNG.java:1134)
	at org.testng.TestNG.runSuites(TestNG.java:1063)
	at org.testng.TestNG.run(TestNG.java:1031)
	at org.testng.remote.AbstractRemoteTestNG.run(AbstractRemoteTestNG.java:115)
	at org.testng.remote.RemoteTestNG.initAndRun(RemoteTestNG.java:251)
	at org.testng.remote.RemoteTestNG.main(RemoteTestNG.java:77)
</pre></div></td>
<td>0</td>
<td>com.gapi.testCases.GetCrossConnectDetails@7dc3712</td></tr>
</table><p>
<table width='100%' border='1' class='invocation-passed'>
<tr><td colspan='4' align='center'><b>PASSED TESTS</b></td></tr>
<tr><td><b>Test method</b></td>
<td width="30%"><b>Exception</b></td>
<td width="10%"><b>Time (seconds)</b></td>
<td><b>Instance</b></td>
</tr>
<tr>
<td title='com.gapi.testCases.GetCrossConnectDetails.verifyGetCrossConnectDetailsByInvalidBillingAccountNumber()'><b>verifyGetCrossConnectDetailsByInvalidBillingAccountNumber</b><br>Test class: com.gapi.testCases.GetCrossConnectDetails<br>Parameters: {emailNotifications=, serviceType=, permissionId=, notes=, isExtendedVisitorBadge=, visitorType=, isBulkRequest=, contactType=, TestCaseName=Retrieve Cross Connect Requests by Invalid Blling Accounnt Number, search_query=, serviceImpactedDescription=, yardi_id=, deleteFlag=, customerReference=, action=, details=, ExpectedStatusMessage=OK, visitorPhone=, trackingNumber=, extendedVisitorBadgeStr=, permissionGroupId=, assetId2=, billingAccountNumber=, assetId1=, assetId4=, accessEndDate=, assetId3=, report_type=, estimatedDeliveryDate=, firstName=, phone=, courier=, visitorHostFirstName=, user_id=, name=, notificationRecipients=, position=, page=, serviceImpact=, escortFirstName=, visitorBadgeStartDate=, globalUltimateKey=, lastName=, code=, role=, accountName=, referenceTicket=, accessStartDate=, description=, permissionGroups=, workDescription=, executionFlag=Y, title=, visitorHostCompany=, visitorBadgeEndDate=, assetId=, company=, detailedInstruction=, cancelReason=, email=, visitorFirstName=, isLoadingBayRequired=, customerExternalReference=, comments=, requestType=, expectedStatusCode=200, ci=, readFlag=, errorMessage=, methodName=verifyGetCrossConnectDetailsByInvalidBillingAccountNumber, errorMessageType=, standardVisitorBadgeStr=, filters=accountId=1234, visitorEmail=, legalEntityKey=, visitorLastName=, PermissionGroupIDForprivileges=, site=, escortLastName=, assetName=, locations=, location=, packageCount=, asset=, category=, visitorHostLastName=}</td>
<td></td>
<td>2</td>
<td>com.gapi.testCases.GetCrossConnectDetails@7dc3712</td></tr>
<tr>
<td title='com.gapi.testCases.GetCrossConnectDetails.verifyGetCrossConnectDetailsByInvalidInterconnectionPortStatus()'><b>verifyGetCrossConnectDetailsByInvalidInterconnectionPortStatus</b><br>Test class: com.gapi.testCases.GetCrossConnectDetails<br>Parameters: {emailNotifications=, serviceType=, permissionId=, notes=, isExtendedVisitorBadge=, visitorType=, isBulkRequest=, contactType=, TestCaseName=Retrieve Cross Connet Requests by In-valid  Interconnection PortStatus, search_query=, serviceImpactedDescription=, yardi_id=, deleteFlag=, customerReference=, action=, details=, ExpectedStatusMessage=, visitorPhone=, trackingNumber=, extendedVisitorBadgeStr=, permissionGroupId=, assetId2=, billingAccountNumber=, assetId1=, assetId4=, accessEndDate=, assetId3=, report_type=, estimatedDeliveryDate=, firstName=, phone=, courier=, visitorHostFirstName=, user_id=, name=, notificationRecipients=, position=, page=, serviceImpact=, escortFirstName=, visitorBadgeStartDate=, globalUltimateKey=, lastName=, code=, role=, accountName=, referenceTicket=, accessStartDate=, description=, permissionGroups=, workDescription=, executionFlag=Y, title=, visitorHostCompany=, visitorBadgeEndDate=, assetId=, company=, detailedInstruction=, cancelReason=, email=, visitorFirstName=, isLoadingBayRequired=, customerExternalReference=, comments=, requestType=, expectedStatusCode=, ci=, readFlag=, errorMessage=, methodName=verifyGetCrossConnectDetailsByInvalidInterconnectionPortStatus, errorMessageType=, standardVisitorBadgeStr=, filters=interconnectionPortStatus=abc&accountId=0012E00002dzuIMQAY, visitorEmail=, legalEntityKey=, visitorLastName=, PermissionGroupIDForprivileges=, site=, escortLastName=, assetName=, locations=, location=, packageCount=, asset=, category=, visitorHostLastName=}</td>
<td></td>
<td>0</td>
<td>com.gapi.testCases.GetCrossConnectDetails@7dc3712</td></tr>
<tr>
<td title='com.gapi.testCases.GetCrossConnectDetails.verifyCrossConnectDetailsUsingDifferentFilters()'><b>verifyCrossConnectDetailsUsingDifferentFilters</b><br>Test class: com.gapi.testCases.GetCrossConnectDetails<br>Parameters: {emailNotifications=, serviceType=, permissionId=, notes=, isExtendedVisitorBadge=, visitorType=, isBulkRequest=, contactType=, TestCaseName=Retrieve the cross connect details by  providing the Limit values and Not specifying the offset value, search_query=, serviceImpactedDescription=, yardi_id=, deleteFlag=, customerReference=, action=, details=, ExpectedStatusMessage=OK, visitorPhone=, trackingNumber=, extendedVisitorBadgeStr=, permissionGroupId=, assetId2=, billingAccountNumber=, assetId1=, assetId4=, accessEndDate=, assetId3=, report_type=, estimatedDeliveryDate=, firstName=, phone=, courier=, visitorHostFirstName=, user_id=, name=, notificationRecipients=, position=, page=, serviceImpact=, escortFirstName=, visitorBadgeStartDate=, globalUltimateKey=, lastName=, code=, role=, accountName=, referenceTicket=, accessStartDate=, description=, permissionGroups=, workDescription=, executionFlag=Y, title=, visitorHostCompany=, visitorBadgeEndDate=, assetId=, company=, detailedInstruction=, cancelReason=, email=, visitorFirstName=, isLoadingBayRequired=, customerExternalReference=, comments=, requestType=, expectedStatusCode=200, ci=, readFlag=, errorMessage=, methodName=verifyCrossConnectDetailsUsingDifferentFilters, errorMessageType=, standardVisitorBadgeStr=, filters=accountId=0012E00002dzuIMQAY&limit=10, visitorEmail=, legalEntityKey=, visitorLastName=, PermissionGroupIDForprivileges=, site=, escortLastName=, assetName=, locations=, location=, packageCount=, asset=, category=, visitorHostLastName=}</td>
<td></td>
<td>3</td>
<td>com.gapi.testCases.GetCrossConnectDetails@7dc3712</td></tr>
<tr>
<td title='com.gapi.testCases.GetCrossConnectDetails.verifyCrossConnectDetailsUsingDifferentFilters()'><b>verifyCrossConnectDetailsUsingDifferentFilters</b><br>Test class: com.gapi.testCases.GetCrossConnectDetails<br>Parameters: {emailNotifications=, serviceType=, permissionId=, notes=, isExtendedVisitorBadge=, visitorType=, isBulkRequest=, contactType=, TestCaseName=Retrive the Cross connect data by providing Same Limit & Offset values, search_query=, serviceImpactedDescription=, yardi_id=, deleteFlag=, customerReference=, action=, details=, ExpectedStatusMessage=OK, visitorPhone=, trackingNumber=, extendedVisitorBadgeStr=, permissionGroupId=, assetId2=, billingAccountNumber=, assetId1=, assetId4=, accessEndDate=, assetId3=, report_type=, estimatedDeliveryDate=, firstName=, phone=, courier=, visitorHostFirstName=, user_id=, name=, notificationRecipients=, position=, page=, serviceImpact=, escortFirstName=, visitorBadgeStartDate=, globalUltimateKey=, lastName=, code=, role=, accountName=, referenceTicket=, accessStartDate=, description=, permissionGroups=, workDescription=, executionFlag=Y, title=, visitorHostCompany=, visitorBadgeEndDate=, assetId=, company=, detailedInstruction=, cancelReason=, email=, visitorFirstName=, isLoadingBayRequired=, customerExternalReference=, comments=, requestType=, expectedStatusCode=200, ci=, readFlag=, errorMessage=, methodName=verifyCrossConnectDetailsUsingDifferentFilters, errorMessageType=, standardVisitorBadgeStr=, filters=accountId=0012E00002dzuIMQAY&limit=8&offset=8, visitorEmail=, legalEntityKey=, visitorLastName=, PermissionGroupIDForprivileges=, site=, escortLastName=, assetName=, locations=, location=, packageCount=, asset=, category=, visitorHostLastName=}</td>
<td></td>
<td>2</td>
<td>com.gapi.testCases.GetCrossConnectDetails@7dc3712</td></tr>
<tr>
<td title='com.gapi.testCases.GetCrossConnectDetails.verifyCrossConnectDetailsUsingDifferentFilters()'><b>verifyCrossConnectDetailsUsingDifferentFilters</b><br>Test class: com.gapi.testCases.GetCrossConnectDetails<br>Parameters: {emailNotifications=, serviceType=, permissionId=, notes=, isExtendedVisitorBadge=, visitorType=, isBulkRequest=, contactType=, TestCaseName=Retrieve all Cross-Connect Request - filter - Limit(Min 25 to Max 1000), search_query=, serviceImpactedDescription=, yardi_id=, deleteFlag=, customerReference=, action=, details=, ExpectedStatusMessage=OK, visitorPhone=, trackingNumber=, extendedVisitorBadgeStr=, permissionGroupId=, assetId2=, billingAccountNumber=, assetId1=, assetId4=, accessEndDate=, assetId3=, report_type=, estimatedDeliveryDate=, firstName=, phone=, courier=, visitorHostFirstName=, user_id=, name=, notificationRecipients=, position=, page=, serviceImpact=, escortFirstName=, visitorBadgeStartDate=, globalUltimateKey=, lastName=, code=, role=, accountName=, referenceTicket=, accessStartDate=, description=, permissionGroups=, workDescription=, executionFlag=Y, title=, visitorHostCompany=, visitorBadgeEndDate=, assetId=, company=, detailedInstruction=, cancelReason=, email=, visitorFirstName=, isLoadingBayRequired=, customerExternalReference=, comments=, requestType=, expectedStatusCode=200, ci=, readFlag=, errorMessage=, methodName=verifyCrossConnectDetailsUsingDifferentFilters, errorMessageType=, standardVisitorBadgeStr=, filters=accountId=0012E00002dzuIMQAY&limit=25, visitorEmail=, legalEntityKey=, visitorLastName=, PermissionGroupIDForprivileges=, site=, escortLastName=, assetName=, locations=, location=, packageCount=, asset=, category=, visitorHostLastName=}</td>
<td></td>
<td>2</td>
<td>com.gapi.testCases.GetCrossConnectDetails@7dc3712</td></tr>
<tr>
<td title='com.gapi.testCases.GetCrossConnectDetails.verifyCrossConnectDetailsUsingDifferentFilters()'><b>verifyCrossConnectDetailsUsingDifferentFilters</b><br>Test class: com.gapi.testCases.GetCrossConnectDetails<br>Parameters: {emailNotifications=, serviceType=, permissionId=, notes=, isExtendedVisitorBadge=, visitorType=, isBulkRequest=, contactType=, TestCaseName=Retreive the cross connect details by providing the offset value greater than all available records, search_query=, serviceImpactedDescription=, yardi_id=, deleteFlag=, customerReference=, action=, details=, ExpectedStatusMessage=OK, visitorPhone=, trackingNumber=, extendedVisitorBadgeStr=, permissionGroupId=, assetId2=, billingAccountNumber=, assetId1=, assetId4=, accessEndDate=, assetId3=, report_type=, estimatedDeliveryDate=, firstName=, phone=, courier=, visitorHostFirstName=, user_id=, name=, notificationRecipients=, position=, page=, serviceImpact=, escortFirstName=, visitorBadgeStartDate=, globalUltimateKey=, lastName=, code=, role=, accountName=, referenceTicket=, accessStartDate=, description=, permissionGroups=, workDescription=, executionFlag=Y, title=, visitorHostCompany=, visitorBadgeEndDate=, assetId=, company=, detailedInstruction=, cancelReason=, email=, visitorFirstName=, isLoadingBayRequired=, customerExternalReference=, comments=, requestType=, expectedStatusCode=200, ci=, readFlag=, errorMessage=, methodName=verifyCrossConnectDetailsUsingDifferentFilters, errorMessageType=, standardVisitorBadgeStr=, filters=accountId=0012E00002dzuIMQAY&offset=300, visitorEmail=, legalEntityKey=, visitorLastName=, PermissionGroupIDForprivileges=, site=, escortLastName=, assetName=, locations=, location=, packageCount=, asset=, category=, visitorHostLastName=}</td>
<td></td>
<td>2</td>
<td>com.gapi.testCases.GetCrossConnectDetails@7dc3712</td></tr>
<tr>
<td title='com.gapi.testCases.GetCrossConnectDetails.verifyGetCrossConnectDetailsusingIDByInvalidBearerToken()'><b>verifyGetCrossConnectDetailsusingIDByInvalidBearerToken</b><br>Test class: com.gapi.testCases.GetCrossConnectDetails<br>Parameters: {emailNotifications=, serviceType=, permissionId=, notes=, isExtendedVisitorBadge=, visitorType=, isBulkRequest=, contactType=, TestCaseName=Retrieve Cross Connect Inventory details by Invalid ID using In-Valid Bearer Token, search_query=, serviceImpactedDescription=, yardi_id=, deleteFlag=, customerReference=, action=, details=, ExpectedStatusMessage=Unauthorized, visitorPhone=, trackingNumber=, extendedVisitorBadgeStr=, permissionGroupId=, assetId2=, billingAccountNumber=, assetId1=, assetId4=, accessEndDate=, assetId3=, report_type=, estimatedDeliveryDate=, firstName=, phone=, courier=, visitorHostFirstName=, user_id=, name=, notificationRecipients=, position=, page=, serviceImpact=, escortFirstName=, visitorBadgeStartDate=, globalUltimateKey=, lastName=, code=, role=, accountName=, referenceTicket=, accessStartDate=, description=, permissionGroups=, workDescription=, executionFlag=Y, title=, visitorHostCompany=, visitorBadgeEndDate=, assetId=, company=, detailedInstruction=, cancelReason=, email=, visitorFirstName=, isLoadingBayRequired=, customerExternalReference=, comments=, requestType=, expectedStatusCode=401, ci=, readFlag=, errorMessage=Unauthorized. Access token is missing or invalid., methodName=verifyGetCrossConnectDetailsusingIDByInvalidBearerToken, errorMessageType=client, standardVisitorBadgeStr=, filters=, visitorEmail=, legalEntityKey=, visitorLastName=, PermissionGroupIDForprivileges=, site=, escortLastName=, assetName=, locations=, location=, packageCount=, asset=, category=, visitorHostLastName=}</td>
<td></td>
<td>0</td>
<td>com.gapi.testCases.GetCrossConnectDetails@7dc3712</td></tr>
<tr>
<td title='com.gapi.testCases.GetCrossConnectDetails.verifyCrossConnectDetailsUsingDifferentFilters()'><b>verifyCrossConnectDetailsUsingDifferentFilters</b><br>Test class: com.gapi.testCases.GetCrossConnectDetails<br>Parameters: {emailNotifications=, serviceType=, permissionId=, notes=, isExtendedVisitorBadge=, visitorType=, isBulkRequest=, contactType=, TestCaseName=CC- Retrieve Cross-Connect Requests by Offset, search_query=, serviceImpactedDescription=, yardi_id=, deleteFlag=, customerReference=, action=, details=, ExpectedStatusMessage=OK, visitorPhone=, trackingNumber=, extendedVisitorBadgeStr=, permissionGroupId=, assetId2=, billingAccountNumber=, assetId1=, assetId4=, accessEndDate=, assetId3=, report_type=, estimatedDeliveryDate=, firstName=, phone=, courier=, visitorHostFirstName=, user_id=, name=, notificationRecipients=, position=, page=, serviceImpact=, escortFirstName=, visitorBadgeStartDate=, globalUltimateKey=, lastName=, code=, role=, accountName=, referenceTicket=, accessStartDate=, description=, permissionGroups=, workDescription=, executionFlag=Y, title=, visitorHostCompany=, visitorBadgeEndDate=, assetId=, company=, detailedInstruction=, cancelReason=, email=, visitorFirstName=, isLoadingBayRequired=, customerExternalReference=, comments=, requestType=, expectedStatusCode=200, ci=, readFlag=, errorMessage=, methodName=verifyCrossConnectDetailsUsingDifferentFilters, errorMessageType=, standardVisitorBadgeStr=, filters=accountId=0012E00002dzuIMQAY&offset=1, visitorEmail=, legalEntityKey=, visitorLastName=, PermissionGroupIDForprivileges=, site=, escortLastName=, assetName=, locations=, location=, packageCount=, asset=, category=, visitorHostLastName=}</td>
<td></td>
<td>2</td>
<td>com.gapi.testCases.GetCrossConnectDetails@7dc3712</td></tr>
<tr>
<td title='com.gapi.testCases.GetCrossConnectDetails.verifyGetCrossConnectDetailsByInvalidBearerToken()'><b>verifyGetCrossConnectDetailsByInvalidBearerToken</b><br>Test class: com.gapi.testCases.GetCrossConnectDetails<br>Parameters: {emailNotifications=, serviceType=, permissionId=, notes=, isExtendedVisitorBadge=, visitorType=, isBulkRequest=, contactType=, TestCaseName=Retrieve the Cross connect details by Invalid Bearer Token, search_query=, serviceImpactedDescription=, yardi_id=, deleteFlag=, customerReference=, action=, details=, ExpectedStatusMessage=, visitorPhone=, trackingNumber=, extendedVisitorBadgeStr=, permissionGroupId=, assetId2=, billingAccountNumber=, assetId1=, assetId4=, accessEndDate=, assetId3=, report_type=, estimatedDeliveryDate=, firstName=, phone=, courier=, visitorHostFirstName=, user_id=, name=, notificationRecipients=, position=, page=, serviceImpact=, escortFirstName=, visitorBadgeStartDate=, globalUltimateKey=, lastName=, code=, role=, accountName=, referenceTicket=, accessStartDate=, description=, permissionGroups=, workDescription=, executionFlag=Y, title=, visitorHostCompany=, visitorBadgeEndDate=, assetId=, company=, detailedInstruction=, cancelReason=, email=, visitorFirstName=, isLoadingBayRequired=, customerExternalReference=, comments=, requestType=, expectedStatusCode=, ci=, readFlag=, errorMessage=, methodName=verifyGetCrossConnectDetailsByInvalidBearerToken, errorMessageType=, standardVisitorBadgeStr=, filters=accountId=0012E00002dzuIMQAY, visitorEmail=, legalEntityKey=, visitorLastName=, PermissionGroupIDForprivileges=, site=, escortLastName=, assetName=, locations=, location=, packageCount=, asset=, category=, visitorHostLastName=}</td>
<td></td>
<td>0</td>
<td>com.gapi.testCases.GetCrossConnectDetails@7dc3712</td></tr>
<tr>
<td title='com.gapi.testCases.GetCrossConnectDetails.verifyGetCrossConnectDetailsByValidInterconnectionPortStatusAndInvalidInterConnectPanel()'><b>verifyGetCrossConnectDetailsByValidInterconnectionPortStatusAndInvalidInterConnectPanel</b><br>Test class: com.gapi.testCases.GetCrossConnectDetails<br>Parameters: {emailNotifications=, serviceType=, permissionId=, notes=, isExtendedVisitorBadge=, visitorType=, isBulkRequest=, contactType=, TestCaseName=Retrieve the Cross Connect Details by valid Inter connection Port Status & Invalid inter connect Panel, search_query=, serviceImpactedDescription=, yardi_id=, deleteFlag=, customerReference=, action=, details=, ExpectedStatusMessage=, visitorPhone=, trackingNumber=, extendedVisitorBadgeStr=, permissionGroupId=, assetId2=, billingAccountNumber=, assetId1=, assetId4=, accessEndDate=, assetId3=, report_type=, estimatedDeliveryDate=, firstName=, phone=, courier=, visitorHostFirstName=, user_id=, name=, notificationRecipients=, position=, page=, serviceImpact=, escortFirstName=, visitorBadgeStartDate=, globalUltimateKey=, lastName=, code=, role=, accountName=, referenceTicket=, accessStartDate=, description=, permissionGroups=, workDescription=, executionFlag=Y, title=, visitorHostCompany=, visitorBadgeEndDate=, assetId=, company=, detailedInstruction=, cancelReason=, email=, visitorFirstName=, isLoadingBayRequired=, customerExternalReference=, comments=, requestType=, expectedStatusCode=, ci=, readFlag=, errorMessage=, methodName=verifyGetCrossConnectDetailsByValidInterconnectionPortStatusAndInvalidInterConnectPanel, errorMessageType=, standardVisitorBadgeStr=, filters=accountId=0012E00002dzuIMQAY&interconnectionPanel=002.04.10&interconnectionPortStatus=In-Service, visitorEmail=, legalEntityKey=, visitorLastName=, PermissionGroupIDForprivileges=, site=, escortLastName=, assetName=, locations=, location=, packageCount=, asset=, category=, visitorHostLastName=}</td>
<td></td>
<td>2</td>
<td>com.gapi.testCases.GetCrossConnectDetails@7dc3712</td></tr>
<tr>
<td title='com.gapi.testCases.GetCrossConnectDetails.verifyGetCrossConnectDetailsByInValidId()'><b>verifyGetCrossConnectDetailsByInValidId</b><br>Test class: com.gapi.testCases.GetCrossConnectDetails<br>Parameters: {emailNotifications=, serviceType=, permissionId=, notes=, isExtendedVisitorBadge=, visitorType=, isBulkRequest=, contactType=, TestCaseName=Retrieve Cross Connect Inventory by Invalid ID, search_query=, serviceImpactedDescription=, yardi_id=, deleteFlag=, customerReference=, action=, details=, ExpectedStatusMessage=Internal Server Error, visitorPhone=, trackingNumber=, extendedVisitorBadgeStr=, permissionGroupId=, assetId2=, billingAccountNumber=, assetId1=, assetId4=, accessEndDate=, assetId3=, report_type=, estimatedDeliveryDate=, firstName=, phone=, courier=, visitorHostFirstName=, user_id=, name=, notificationRecipients=, position=, page=, serviceImpact=, escortFirstName=, visitorBadgeStartDate=, globalUltimateKey=, lastName=, code=, role=, accountName=, referenceTicket=, accessStartDate=, description=, permissionGroups=, workDescription=, executionFlag=Y, title=, visitorHostCompany=, visitorBadgeEndDate=, assetId=, company=, detailedInstruction=, cancelReason=, email=, visitorFirstName=, isLoadingBayRequired=, customerExternalReference=, comments=, requestType=, expectedStatusCode=500, ci=, readFlag=, errorMessage=Oops. Something went wrong. The server encountered an internal error or misconfiguration and was unable to complete your request., methodName=verifyGetCrossConnectDetailsByInValidId, errorMessageType=server, standardVisitorBadgeStr=, filters=, visitorEmail=, legalEntityKey=, visitorLastName=, PermissionGroupIDForprivileges=, site=, escortLastName=, assetName=, locations=, location=, packageCount=, asset=, category=, visitorHostLastName=}</td>
<td></td>
<td>2</td>
<td>com.gapi.testCases.GetCrossConnectDetails@7dc3712</td></tr>
<tr>
<td title='com.gapi.testCases.GetCrossConnectDetails.verifyGetCrossConnectDetailsByValidId()'><b>verifyGetCrossConnectDetailsByValidId</b><br>Test class: com.gapi.testCases.GetCrossConnectDetails<br>Parameters: {emailNotifications=, serviceType=, permissionId=, notes=, isExtendedVisitorBadge=, visitorType=, isBulkRequest=, contactType=, TestCaseName=Retrieve Cross Connect Inventory Details by ID, search_query=, serviceImpactedDescription=, yardi_id=, deleteFlag=, customerReference=, action=, details=, ExpectedStatusMessage=OK, visitorPhone=, trackingNumber=, extendedVisitorBadgeStr=, permissionGroupId=, assetId2=, billingAccountNumber=, assetId1=, assetId4=, accessEndDate=, assetId3=, report_type=, estimatedDeliveryDate=, firstName=, phone=, courier=, visitorHostFirstName=, user_id=, name=, notificationRecipients=, position=, page=, serviceImpact=, escortFirstName=, visitorBadgeStartDate=, globalUltimateKey=, lastName=, code=, role=, accountName=, referenceTicket=, accessStartDate=, description=, permissionGroups=, workDescription=, executionFlag=Y, title=, visitorHostCompany=, visitorBadgeEndDate=, assetId=, company=, detailedInstruction=, cancelReason=, email=, visitorFirstName=, isLoadingBayRequired=, customerExternalReference=, comments=, requestType=, expectedStatusCode=200, ci=, readFlag=, errorMessage=, methodName=verifyGetCrossConnectDetailsByValidId, errorMessageType=, standardVisitorBadgeStr=, filters=, visitorEmail=, legalEntityKey=, visitorLastName=, PermissionGroupIDForprivileges=, site=, escortLastName=, assetName=, locations=, location=, packageCount=, asset=, category=, visitorHostLastName=}</td>
<td></td>
<td>1</td>
<td>com.gapi.testCases.GetCrossConnectDetails@7dc3712</td></tr>
</table><p>
</body>
</html>